2024-10-20 23:29:35,531 - INV-113_Raghvendra - DEBUG - Logger initialized and logging to file.
2024-10-20 23:29:35,531 - INV-113_Raghvendra - INFO - Initializing PDF reader for file: Jan to Mar/INV-113_Raghvendra.pdf
2024-10-20 23:29:35,531 - INV-113_Raghvendra - INFO - PDF reader initialized successfully.
2024-10-20 23:29:35,531 - INV-113_Raghvendra - INFO - PDF contains only 1 page, Extracting data from PDF...
2024-10-20 23:29:35,546 - INV-113_Raghvendra - DEBUG - TA X  I N V O I C E O R I G I N A L  F O R  R E C I P I E N T 
UNCUE DERMACARE PRIVATE LIMITED
GSTIN 23AADCU2395N1ZY     
C/o KARUNA GUPTA KURELE, 1st Floor
S.P Bungalow Ke Pichhe, Shoagpur Shahdol, Shahdol
Shahdol, MADHYA PRADESH, 484001
Mobile +91 8585960963   Email ruhi@dermaq.in
Invoice #: INV-113 Invoice Date: 29 Jan 2024 Due Date: 29 Jan 2024
Customer Details:
Raghvendra
Place of Supply: 
23-MADHYA PRADESH
#Item Rate / Item QtyTaxable ValueTax AmountAmount
1Arachitol Nano (60k) 4*5ml  299.58
340.43 (-12%)3 BTL898.73107.85 (12%)1,006.58
Taxable Amount ₹898.73
CGST 6.0% ₹53.92
SGST 6.0% ₹53.92
Round Off 0.42
Total₹1,007.00
Total Discount ₹137.26
Total Items / Qty : 1 / 3.000 Total amount (in words):  INR One Thousand And Seven Rupees Only .
Amount Paid
Pay using UPI: 
Bank Details:
Bank:Kotak Mahindra Bank
Account #: 1146860541
IFSC Code: kkbk0000725
Branch: PUNE - CHINCHWAD
UnCue Dermacare Pvt LtdFor UNCUE DERMACARE PRIVATE LIMITED  
Authorized Signatory 
Swipe | Simple Invoicing, Billing and Payments | Visit getswipe.in
Page 1 / 1 This is a computer generated document and requires no signature.Powered By

2024-10-20 23:29:35,546 - INV-113_Raghvendra - INFO - Extracted basic data from PDF
2024-10-20 23:29:35,546 - INV-113_Raghvendra - DEBUG - Invoice Number: INV-113
2024-10-20 23:29:35,546 - INV-113_Raghvendra - DEBUG - Invoice Date: 29 Jan 2024
2024-10-20 23:29:35,546 - INV-113_Raghvendra - DEBUG - Due Date: 29 Jan 2024
2024-10-20 23:29:35,546 - INV-113_Raghvendra - DEBUG - GSTIN: 23AADCU2395N1ZY
2024-10-20 23:29:35,546 - INV-113_Raghvendra - DEBUG - Total Amount: ₹1007.0
2024-10-20 23:29:35,546 - INV-113_Raghvendra - DEBUG - Place of Supply: 23-MADHYA PRADESH
2024-10-20 23:29:35,546 - INV-113_Raghvendra - DEBUG - 1Arachitol Nano (60k) 4*5ml  299.58
340.43 (-12%)3 BTL898.73107.85 (12%)1,006.58
2024-10-20 23:29:35,546 - INV-113_Raghvendra - INFO - Extracting data from list of items purchased...
2024-10-20 23:29:35,546 - INV-113_Raghvendra - DEBUG - Arachitol Nano (60k) 4*5ml  299.58 340.43 (-12%)3 BTL898.73107.85 (12%)1,006.58
2024-10-20 23:29:35,546 - INV-113_Raghvendra - DEBUG - Amount:1,006.58
2024-10-20 23:29:35,546 - INV-113_Raghvendra - DEBUG - Tax Pecentage:12.0
2024-10-20 23:29:35,546 - INV-113_Raghvendra - DEBUG - Tax Amount:107.85
2024-10-20 23:29:35,546 - INV-113_Raghvendra - DEBUG - Taxable Value:898.73
2024-10-20 23:29:35,546 - INV-113_Raghvendra - DEBUG - Quantity:3 BTL
2024-10-20 23:29:35,546 - INV-113_Raghvendra - DEBUG - Discount:-12%
2024-10-20 23:29:35,546 - INV-113_Raghvendra - DEBUG - Cost Price:340.43
2024-10-20 23:29:35,546 - INV-113_Raghvendra - DEBUG - Rate:299.58
2024-10-20 23:29:35,546 - INV-113_Raghvendra - DEBUG - Item:Arachitol Nano (60k) 4*5ml
2024-10-20 23:29:35,546 - INV-113_Raghvendra - DEBUG - SGST Amount:53.925
2024-10-20 23:29:35,546 - INV-113_Raghvendra - DEBUG - CGST Amount:53.925
2024-10-20 23:29:35,546 - INV-113_Raghvendra - DEBUG - IGST Amount:None
2024-10-20 23:29:35,546 - INV-113_Raghvendra - DEBUG - SGST Rate:12.0
2024-10-20 23:29:35,546 - INV-113_Raghvendra - DEBUG - CGST Rate:12.0
2024-10-20 23:29:35,546 - INV-113_Raghvendra - DEBUG - IGST Rate:None
2024-10-20 23:29:35,546 - INV-113_Raghvendra - DEBUG - --------------------------
2024-10-20 23:29:35,546 - INV-113_Raghvendra - INFO - Extracted data from list of items purchased.
2024-10-20 23:29:35,546 - INV-113_Raghvendra.log - DEBUG - Checking invoice number: INV-113
2024-10-20 23:29:35,546 - INV-113_Raghvendra.log - DEBUG - Invoice number passed pattern check
2024-10-20 23:29:35,546 - INV-113_Raghvendra.log - DEBUG - Parsed invoice date: 2024-01-29 00:00:00
2024-10-20 23:29:35,546 - INV-113_Raghvendra.log - DEBUG - Parsed due date: 2024-01-29 00:00:00
2024-10-20 23:29:35,546 - INV-113_Raghvendra.log - DEBUG - Invoice date check passed
2024-10-20 23:29:35,546 - INV-113_Raghvendra.log - DEBUG - Due date check passed
2024-10-20 23:29:35,546 - INV-113_Raghvendra.log - DEBUG - Date logic check passed
2024-10-20 23:29:35,546 - INV-113_Raghvendra.log - DEBUG - Calculated total amount: 1006.58, expected: 1007.0
2024-10-20 23:29:35,546 - INV-113_Raghvendra.log - DEBUG - Total amount consistency check passed
2024-10-20 23:29:35,546 - INV-113_Raghvendra.log - DEBUG - Valid tax percentage count: 1
2024-10-20 23:29:35,546 - INV-113_Raghvendra.log - DEBUG - Valid quantity count: 1
2024-10-20 23:29:35,546 - INV-113_Raghvendra.log - INFO - Final confidence score: 1.0
