2024-10-20 23:29:35,364 - INV-99_Indraja - DEBUG - Logger initialized and logging to file.
2024-10-20 23:29:35,364 - INV-99_Indraja - INFO - Initializing PDF reader for file: Jan to Mar/INV-99_Indraja.pdf
2024-10-20 23:29:35,364 - INV-99_Indraja - INFO - PDF reader initialized successfully.
2024-10-20 23:29:35,364 - INV-99_Indraja - INFO - PDF contains only 1 page, Extracting data from PDF...
2024-10-20 23:29:35,384 - INV-99_Indraja - DEBUG - TA X  I N V O I C E O R I G I N A L  F O R  R E C I P I E N T 
UNCUE DERMACARE PRIVATE LIMITED
GSTIN 23AADCU2395N1ZY     
C/o KARUNA GUPTA KURELE, 1st Floor
S.P Bungalow Ke Pichhe, Shoagpur Shahdol, Shahdol
Shahdol, MADHYA PRADESH, 484001
Mobile +91 8585960963   Email ruhi@dermaq.in
Invoice #: INV-99 Invoice Date: 16 Jan 2024 Due Date: 16 Jan 2024
Customer Details:
Indraja
Place of Supply: 
23-MADHYA PRADESH
#Item Rate / Item QtyTaxable ValueTax AmountAmount
1Dermatologist Consultation  300.00
350.00 (-14.29%)1300.000.00 (0%)300.00
2Acutret 20 mg - 10 capsules  211.59
258.04 (-18%)5 STRP1,057.95126.95 (12%)1,184.90
3Isotroin 20 mg - 10 capsules  271.23
319.09 (-15%)1 STRP271.2332.55 (12%)303.77
4Biluma cream - 15 gm  462.37
525.42 (-12%)1 PAC462.3783.23 (18%)545.60
Taxable Amount ₹2,091.55
CGST 6.0% ₹79.75
SGST 6.0% ₹79.75
CGST 9.0% ₹41.61
SGST 9.0% ₹41.61
Round Off -0.27
Total₹2,334.00
Total Discount ₹438.11
Total Items / Qty : 4 / 8.000 Total amount (in words):  INR Two Thousand, Three Hundred And Thirty-Four Rupees Only .
Amount Paid
Pay using UPI: 
Bank Details:
Bank:Kotak Mahindra Bank
Account #: 1146860541
IFSC Code: kkbk0000725
Branch: PUNE - CHINCHWAD
UnCue Dermacare Pvt LtdFor UNCUE DERMACARE PRIVATE LIMITED  
Authorized Signatory 
Swipe | Simple Invoicing, Billing and Payments | Visit getswipe.in
Page 1 / 1 This is a computer generated document and requires no signature.Powered By

2024-10-20 23:29:35,384 - INV-99_Indraja - INFO - Extracted basic data from PDF
2024-10-20 23:29:35,384 - INV-99_Indraja - DEBUG - Invoice Number: INV-99
2024-10-20 23:29:35,384 - INV-99_Indraja - DEBUG - Invoice Date: 16 Jan 2024
2024-10-20 23:29:35,384 - INV-99_Indraja - DEBUG - Due Date: 16 Jan 2024
2024-10-20 23:29:35,384 - INV-99_Indraja - DEBUG - GSTIN: 23AADCU2395N1ZY
2024-10-20 23:29:35,384 - INV-99_Indraja - DEBUG - Total Amount: ₹2334.0
2024-10-20 23:29:35,384 - INV-99_Indraja - DEBUG - Place of Supply: 23-MADHYA PRADESH
2024-10-20 23:29:35,384 - INV-99_Indraja - DEBUG - 1Dermatologist Consultation  300.00
350.00 (-14.29%)1300.000.00 (0%)300.00
2Acutret 20 mg - 10 capsules  211.59
258.04 (-18%)5 STRP1,057.95126.95 (12%)1,184.90
3Isotroin 20 mg - 10 capsules  271.23
319.09 (-15%)1 STRP271.2332.55 (12%)303.77
4Biluma cream - 15 gm  462.37
525.42 (-12%)1 PAC462.3783.23 (18%)545.60
2024-10-20 23:29:35,384 - INV-99_Indraja - INFO - Extracting data from list of items purchased...
2024-10-20 23:29:35,384 - INV-99_Indraja - DEBUG - Dermatologist Consultation  300.00 350.00 (-14.29%)1300.000.00 (0%)300.00
2024-10-20 23:29:35,385 - INV-99_Indraja - DEBUG - Amount:300.00
2024-10-20 23:29:35,385 - INV-99_Indraja - DEBUG - Tax Pecentage:0.0
2024-10-20 23:29:35,385 - INV-99_Indraja - DEBUG - Tax Amount:0.00
2024-10-20 23:29:35,385 - INV-99_Indraja - DEBUG - Taxable Value:300.00
2024-10-20 23:29:35,385 - INV-99_Indraja - DEBUG - Quantity:1
2024-10-20 23:29:35,385 - INV-99_Indraja - DEBUG - Discount:-14.29%
2024-10-20 23:29:35,385 - INV-99_Indraja - DEBUG - Cost Price:350.00
2024-10-20 23:29:35,385 - INV-99_Indraja - DEBUG - Rate:300.00
2024-10-20 23:29:35,385 - INV-99_Indraja - DEBUG - Item:Dermatologist Consultation
2024-10-20 23:29:35,385 - INV-99_Indraja - DEBUG - SGST Amount:0.0
2024-10-20 23:29:35,385 - INV-99_Indraja - DEBUG - CGST Amount:0.0
2024-10-20 23:29:35,385 - INV-99_Indraja - DEBUG - IGST Amount:None
2024-10-20 23:29:35,385 - INV-99_Indraja - DEBUG - SGST Rate:0.0
2024-10-20 23:29:35,385 - INV-99_Indraja - DEBUG - CGST Rate:0.0
2024-10-20 23:29:35,385 - INV-99_Indraja - DEBUG - IGST Rate:None
2024-10-20 23:29:35,385 - INV-99_Indraja - DEBUG - --------------------------
2024-10-20 23:29:35,385 - INV-99_Indraja - DEBUG - Acutret 20 mg - 10 capsules  211.59 258.04 (-18%)5 STRP1,057.95126.95 (12%)1,184.90
2024-10-20 23:29:35,385 - INV-99_Indraja - DEBUG - Amount:1,184.90
2024-10-20 23:29:35,385 - INV-99_Indraja - DEBUG - Tax Pecentage:12.0
2024-10-20 23:29:35,385 - INV-99_Indraja - DEBUG - Tax Amount:126.95
2024-10-20 23:29:35,385 - INV-99_Indraja - DEBUG - Taxable Value:1,057.95
2024-10-20 23:29:35,385 - INV-99_Indraja - DEBUG - Quantity:5 STRP
2024-10-20 23:29:35,385 - INV-99_Indraja - DEBUG - Discount:-18%
2024-10-20 23:29:35,385 - INV-99_Indraja - DEBUG - Cost Price:258.04
2024-10-20 23:29:35,385 - INV-99_Indraja - DEBUG - Rate:211.59
2024-10-20 23:29:35,385 - INV-99_Indraja - DEBUG - Item:Acutret 20 mg - 10 capsules
2024-10-20 23:29:35,385 - INV-99_Indraja - DEBUG - SGST Amount:63.475
2024-10-20 23:29:35,385 - INV-99_Indraja - DEBUG - CGST Amount:63.475
2024-10-20 23:29:35,385 - INV-99_Indraja - DEBUG - IGST Amount:None
2024-10-20 23:29:35,385 - INV-99_Indraja - DEBUG - SGST Rate:12.0
2024-10-20 23:29:35,385 - INV-99_Indraja - DEBUG - CGST Rate:12.0
2024-10-20 23:29:35,385 - INV-99_Indraja - DEBUG - IGST Rate:None
2024-10-20 23:29:35,385 - INV-99_Indraja - DEBUG - --------------------------
2024-10-20 23:29:35,385 - INV-99_Indraja - DEBUG - Isotroin 20 mg - 10 capsules  271.23 319.09 (-15%)1 STRP271.2332.55 (12%)303.77
2024-10-20 23:29:35,385 - INV-99_Indraja - DEBUG - Amount:303.77
2024-10-20 23:29:35,385 - INV-99_Indraja - DEBUG - Tax Pecentage:12.0
2024-10-20 23:29:35,385 - INV-99_Indraja - DEBUG - Tax Amount:32.55
2024-10-20 23:29:35,385 - INV-99_Indraja - DEBUG - Taxable Value:271.23
2024-10-20 23:29:35,385 - INV-99_Indraja - DEBUG - Quantity:1 STRP
2024-10-20 23:29:35,385 - INV-99_Indraja - DEBUG - Discount:-15%
2024-10-20 23:29:35,385 - INV-99_Indraja - DEBUG - Cost Price:319.09
2024-10-20 23:29:35,385 - INV-99_Indraja - DEBUG - Rate:271.23
2024-10-20 23:29:35,385 - INV-99_Indraja - DEBUG - Item:Isotroin 20 mg - 10 capsules
2024-10-20 23:29:35,385 - INV-99_Indraja - DEBUG - SGST Amount:16.275
2024-10-20 23:29:35,385 - INV-99_Indraja - DEBUG - CGST Amount:16.275
2024-10-20 23:29:35,385 - INV-99_Indraja - DEBUG - IGST Amount:None
2024-10-20 23:29:35,385 - INV-99_Indraja - DEBUG - SGST Rate:12.0
2024-10-20 23:29:35,385 - INV-99_Indraja - DEBUG - CGST Rate:12.0
2024-10-20 23:29:35,385 - INV-99_Indraja - DEBUG - IGST Rate:None
2024-10-20 23:29:35,385 - INV-99_Indraja - DEBUG - --------------------------
2024-10-20 23:29:35,385 - INV-99_Indraja - DEBUG - Biluma cream - 15 gm  462.37 525.42 (-12%)1 PAC462.3783.23 (18%)545.60
2024-10-20 23:29:35,385 - INV-99_Indraja - DEBUG - Amount:545.60
2024-10-20 23:29:35,385 - INV-99_Indraja - DEBUG - Tax Pecentage:18.0
2024-10-20 23:29:35,385 - INV-99_Indraja - DEBUG - Tax Amount:83.23
2024-10-20 23:29:35,385 - INV-99_Indraja - DEBUG - Taxable Value:462.37
2024-10-20 23:29:35,385 - INV-99_Indraja - DEBUG - Quantity:1 PAC
2024-10-20 23:29:35,385 - INV-99_Indraja - DEBUG - Discount:-12%
2024-10-20 23:29:35,385 - INV-99_Indraja - DEBUG - Cost Price:525.42
2024-10-20 23:29:35,385 - INV-99_Indraja - DEBUG - Rate:462.37
2024-10-20 23:29:35,385 - INV-99_Indraja - DEBUG - Item:Biluma cream - 15 gm
2024-10-20 23:29:35,385 - INV-99_Indraja - DEBUG - SGST Amount:41.615
2024-10-20 23:29:35,385 - INV-99_Indraja - DEBUG - CGST Amount:41.615
2024-10-20 23:29:35,385 - INV-99_Indraja - DEBUG - IGST Amount:None
2024-10-20 23:29:35,385 - INV-99_Indraja - DEBUG - SGST Rate:18.0
2024-10-20 23:29:35,385 - INV-99_Indraja - DEBUG - CGST Rate:18.0
2024-10-20 23:29:35,385 - INV-99_Indraja - DEBUG - IGST Rate:None
2024-10-20 23:29:35,385 - INV-99_Indraja - DEBUG - --------------------------
2024-10-20 23:29:35,385 - INV-99_Indraja - INFO - Extracted data from list of items purchased.
2024-10-20 23:29:35,386 - INV-99_Indraja.log - DEBUG - Checking invoice number: INV-99
2024-10-20 23:29:35,386 - INV-99_Indraja.log - DEBUG - Invoice number passed pattern check
2024-10-20 23:29:35,386 - INV-99_Indraja.log - DEBUG - Parsed invoice date: 2024-01-16 00:00:00
2024-10-20 23:29:35,386 - INV-99_Indraja.log - DEBUG - Parsed due date: 2024-01-16 00:00:00
2024-10-20 23:29:35,386 - INV-99_Indraja.log - DEBUG - Invoice date check passed
2024-10-20 23:29:35,386 - INV-99_Indraja.log - DEBUG - Due date check passed
2024-10-20 23:29:35,386 - INV-99_Indraja.log - DEBUG - Date logic check passed
2024-10-20 23:29:35,386 - INV-99_Indraja.log - DEBUG - Calculated total amount: 2334.27, expected: 2334.0
2024-10-20 23:29:35,386 - INV-99_Indraja.log - DEBUG - Total amount consistency check passed
2024-10-20 23:29:35,386 - INV-99_Indraja.log - DEBUG - Valid tax percentage count: 4
2024-10-20 23:29:35,386 - INV-99_Indraja.log - DEBUG - Valid quantity count: 4
2024-10-20 23:29:35,386 - INV-99_Indraja.log - INFO - Final confidence score: 1.0
