2024-10-20 23:29:35,012 - INV-128_Atia Latif - DEBUG - Logger initialized and logging to file.
2024-10-20 23:29:35,012 - INV-128_Atia Latif - INFO - Initializing PDF reader for file: Jan to Mar/INV-128_Atia Latif.pdf
2024-10-20 23:29:35,012 - INV-128_Atia Latif - INFO - PDF reader initialized successfully.
2024-10-20 23:29:35,012 - INV-128_Atia Latif - INFO - PDF contains only 1 page, Extracting data from PDF...
2024-10-20 23:29:35,035 - INV-128_Atia Latif - DEBUG - TA X  I N V O I C E O R I G I N A L  F O R  R E C I P I E N T 
UNCUE DERMACARE PRIVATE LIMITED
GSTIN 23AADCU2395N1ZY     
C/o KARUNA GUPTA KURELE, 1st Floor
S.P Bungalow Ke Pichhe, Shoagpur Shahdol, Shahdol
Shahdol, MADHYA PRADESH, 484001
Mobile +91 8585960963   Email ruhi@dermaq.in
Invoice #: INV-128 Invoice Date: 23 Feb 2024 Due Date: 23 Feb 2024
Customer Details:
Atia Latif
Place of Supply: 
23-MADHYA PRADESH
#Item Rate / Item QtyTaxable ValueTax AmountAmount
1Hydrafacial 2,076.27
2,542.37 
(-18.33%)12,076.27373.73 (18%)2,450.00
Taxable Amount ₹2,076.27
CGST 9.0% ₹186.86
SGST 9.0% ₹186.86
Total₹2,450.00
Total Discount ₹550.00
Total Items / Qty : 1 / 1.000 Total amount (in words):  INR Two Thousand, Four Hundred And Fifty Rupees Only .
Amount Paid
Pay using UPI: 
Bank Details:
Bank:Kotak Mahindra Bank
Account #: 1146860541
IFSC Code: kkbk0000725
Branch: PUNE - CHINCHWAD
UnCue Dermacare Pvt LtdFor UNCUE DERMACARE PRIVATE LIMITED  
Authorized Signatory 
Swipe | Simple Invoicing, Billing and Payments | Visit getswipe.in
Page 1 / 1 This is a computer generated document and requires no signature.Powered By

2024-10-20 23:29:35,035 - INV-128_Atia Latif - INFO - Extracted basic data from PDF
2024-10-20 23:29:35,035 - INV-128_Atia Latif - DEBUG - Invoice Number: INV-128
2024-10-20 23:29:35,035 - INV-128_Atia Latif - DEBUG - Invoice Date: 23 Feb 2024
2024-10-20 23:29:35,035 - INV-128_Atia Latif - DEBUG - Due Date: 23 Feb 2024
2024-10-20 23:29:35,035 - INV-128_Atia Latif - DEBUG - GSTIN: 23AADCU2395N1ZY
2024-10-20 23:29:35,035 - INV-128_Atia Latif - DEBUG - Total Amount: ₹2450.0
2024-10-20 23:29:35,035 - INV-128_Atia Latif - DEBUG - Place of Supply: 23-MADHYA PRADESH
2024-10-20 23:29:35,035 - INV-128_Atia Latif - DEBUG - 1Hydrafacial 2,076.27
2,542.37 
(-18.33%)12,076.27373.73 (18%)2,450.00
2024-10-20 23:29:35,035 - INV-128_Atia Latif - INFO - Extracting data from list of items purchased...
2024-10-20 23:29:35,035 - INV-128_Atia Latif - DEBUG - Hydrafacial 2,076.27 2,542.37  (-18.33%)12,076.27373.73 (18%)2,450.00
2024-10-20 23:29:35,035 - INV-128_Atia Latif - DEBUG - Amount:2,450.00
2024-10-20 23:29:35,035 - INV-128_Atia Latif - DEBUG - Tax Pecentage:18.0
2024-10-20 23:29:35,035 - INV-128_Atia Latif - DEBUG - Tax Amount:373.73
2024-10-20 23:29:35,035 - INV-128_Atia Latif - DEBUG - Taxable Value:2,076.27
2024-10-20 23:29:35,035 - INV-128_Atia Latif - DEBUG - Quantity:1
2024-10-20 23:29:35,035 - INV-128_Atia Latif - DEBUG - Discount:-18.33%
2024-10-20 23:29:35,035 - INV-128_Atia Latif - DEBUG - Cost Price:2,542.37
2024-10-20 23:29:35,035 - INV-128_Atia Latif - DEBUG - Rate:2,076.27
2024-10-20 23:29:35,035 - INV-128_Atia Latif - DEBUG - Item:Hydrafacial
2024-10-20 23:29:35,035 - INV-128_Atia Latif - DEBUG - SGST Amount:186.865
2024-10-20 23:29:35,035 - INV-128_Atia Latif - DEBUG - CGST Amount:186.865
2024-10-20 23:29:35,035 - INV-128_Atia Latif - DEBUG - IGST Amount:None
2024-10-20 23:29:35,035 - INV-128_Atia Latif - DEBUG - SGST Rate:18.0
2024-10-20 23:29:35,035 - INV-128_Atia Latif - DEBUG - CGST Rate:18.0
2024-10-20 23:29:35,035 - INV-128_Atia Latif - DEBUG - IGST Rate:None
2024-10-20 23:29:35,035 - INV-128_Atia Latif - DEBUG - --------------------------
2024-10-20 23:29:35,035 - INV-128_Atia Latif - INFO - Extracted data from list of items purchased.
2024-10-20 23:29:35,035 - INV-128_Atia Latif.log - DEBUG - Checking invoice number: INV-128
2024-10-20 23:29:35,035 - INV-128_Atia Latif.log - DEBUG - Invoice number passed pattern check
2024-10-20 23:29:35,035 - INV-128_Atia Latif.log - DEBUG - Parsed invoice date: 2024-02-23 00:00:00
2024-10-20 23:29:35,035 - INV-128_Atia Latif.log - DEBUG - Parsed due date: 2024-02-23 00:00:00
2024-10-20 23:29:35,035 - INV-128_Atia Latif.log - DEBUG - Invoice date check passed
2024-10-20 23:29:35,035 - INV-128_Atia Latif.log - DEBUG - Due date check passed
2024-10-20 23:29:35,035 - INV-128_Atia Latif.log - DEBUG - Date logic check passed
2024-10-20 23:29:35,035 - INV-128_Atia Latif.log - DEBUG - Calculated total amount: 2450.0, expected: 2450.0
2024-10-20 23:29:35,035 - INV-128_Atia Latif.log - DEBUG - Total amount consistency check passed
2024-10-20 23:29:35,035 - INV-128_Atia Latif.log - DEBUG - Valid tax percentage count: 1
2024-10-20 23:29:35,035 - INV-128_Atia Latif.log - DEBUG - Valid quantity count: 1
2024-10-20 23:29:35,035 - INV-128_Atia Latif.log - INFO - Final confidence score: 1.0
