2024-10-20 23:29:35,454 - INV-73_Avik Mallick - DEBUG - Logger initialized and logging to file.
2024-10-20 23:29:35,454 - INV-73_Avik Mallick - INFO - Initializing PDF reader for file: Jan to Mar/INV-73_Avik Mallick.pdf
2024-10-20 23:29:35,454 - INV-73_Avik Mallick - INFO - PDF reader initialized successfully.
2024-10-20 23:29:35,454 - INV-73_Avik Mallick - INFO - PDF contains only 1 page, Extracting data from PDF...
2024-10-20 23:29:35,482 - INV-73_Avik Mallick - DEBUG - TA X  I N V O I C E O R I G I N A L  F O R  R E C I P I E N T 
UNCUE DERMACARE PRIVATE LIMITED
GSTIN 23AADCU2395N1ZY     
C/o KARUNA GUPTA KURELE, 1st Floor
S.P Bungalow Ke Pichhe, Shoagpur Shahdol, Shahdol
Shahdol, MADHYA PRADESH, 484001
Mobile +91 8585960963   Email ruhi@dermaq.in
Invoice #: INV-73 Invoice Date: 15 Feb 2024 Due Date: 26 Oct 2023
Customer Details:
Avik Mallick
Place of Supply: 
23-MADHYA PRADESH
#Item Rate / Item QtyTaxable ValueTax AmountAmount
1DermaQ Comprehensive Hair Health 
Diagnostic Test 1,521.60
3,804.00 (-60%)11,521.600.00 (0%)1,521.60
2Hair Nutrition Plan 499.17
1,499.00 
(-66.7%)1499.170.00 (0%)499.17
38x Shampoo 350.43
398.21 (-12%)1 BTL350.4342.05 (12%)392.48
4LONITAB 2.5 mg 157.14
178.57 (-12%)9 STRP1,414.29169.71 (12%)1,584.00
5Anaboom AD Lotion - 50 ml  241.63
274.58 (-12%)1 BTL241.6343.49 (18%)285.12
6Uprise D-3 60K Capsules - 12  324.93
369.24 (-12%)1 STRP324.9338.99 (12%)363.92
7ME-12 OD (15 tabs)  100.18
113.84 (-12%)6 STRP601.0772.13 (12%)673.20
8tab dutamax 0.5 mg 102.14
116.07 (-12%)2 STRP204.2924.51 (12%)228.80
9Uprise-D3 60K - 8 Capsule   216.62
246.16 (-12%)1 STRP216.6225.99 (12%)242.62
Taxable Amount ₹5,374.02
CGST 6.0% ₹186.70
SGST 6.0% ₹186.70
CGST 9.0% ₹21.75
SGST 9.0% ₹21.75
Round Off 0.09
Total₹5,791.00
Total Discount ₹3,796.34
Total Items / Qty : 9 / 23.000 Total amount (in words):  INR Five Thousand, Seven Hundred And Ninety-One Rupees Only .
Amount Paid
Pay using UPI: 
Bank Details:
Bank:Kotak Mahindra Bank
Account #: 1146860541
IFSC Code: kkbk0000725
Branch: PUNE - CHINCHWAD
UnCue Dermacare Pvt LtdFor UNCUE DERMACARE PRIVATE LIMITED  
Authorized Signatory 
Swipe | Simple Invoicing, Billing and Payments | Visit getswipe.in
Page 1 / 1 This is a computer generated document and requires no signature.Powered By

2024-10-20 23:29:35,482 - INV-73_Avik Mallick - INFO - Extracted basic data from PDF
2024-10-20 23:29:35,482 - INV-73_Avik Mallick - DEBUG - Invoice Number: INV-73
2024-10-20 23:29:35,482 - INV-73_Avik Mallick - DEBUG - Invoice Date: 15 Feb 2024
2024-10-20 23:29:35,482 - INV-73_Avik Mallick - DEBUG - Due Date: 26 Oct 2023
2024-10-20 23:29:35,482 - INV-73_Avik Mallick - DEBUG - GSTIN: 23AADCU2395N1ZY
2024-10-20 23:29:35,482 - INV-73_Avik Mallick - DEBUG - Total Amount: ₹5791.0
2024-10-20 23:29:35,482 - INV-73_Avik Mallick - DEBUG - Place of Supply: 23-MADHYA PRADESH
2024-10-20 23:29:35,482 - INV-73_Avik Mallick - DEBUG - 1DermaQ Comprehensive Hair Health 
Diagnostic Test 1,521.60
3,804.00 (-60%)11,521.600.00 (0%)1,521.60
2Hair Nutrition Plan 499.17
1,499.00 
(-66.7%)1499.170.00 (0%)499.17
38x Shampoo 350.43
398.21 (-12%)1 BTL350.4342.05 (12%)392.48
4LONITAB 2.5 mg 157.14
178.57 (-12%)9 STRP1,414.29169.71 (12%)1,584.00
5Anaboom AD Lotion - 50 ml  241.63
274.58 (-12%)1 BTL241.6343.49 (18%)285.12
6Uprise D-3 60K Capsules - 12  324.93
369.24 (-12%)1 STRP324.9338.99 (12%)363.92
7ME-12 OD (15 tabs)  100.18
113.84 (-12%)6 STRP601.0772.13 (12%)673.20
8tab dutamax 0.5 mg 102.14
116.07 (-12%)2 STRP204.2924.51 (12%)228.80
9Uprise-D3 60K - 8 Capsule   216.62
246.16 (-12%)1 STRP216.6225.99 (12%)242.62
2024-10-20 23:29:35,482 - INV-73_Avik Mallick - INFO - Extracting data from list of items purchased...
2024-10-20 23:29:35,482 - INV-73_Avik Mallick - DEBUG - DermaQ Comprehensive Hair Health  Diagnostic Test 1,521.60 3,804.00 (-60%)11,521.600.00 (0%)1,521.60
2024-10-20 23:29:35,482 - INV-73_Avik Mallick - DEBUG - Amount:1,521.60
2024-10-20 23:29:35,482 - INV-73_Avik Mallick - DEBUG - Tax Pecentage:0.0
2024-10-20 23:29:35,482 - INV-73_Avik Mallick - DEBUG - Tax Amount:0.00
2024-10-20 23:29:35,482 - INV-73_Avik Mallick - DEBUG - Taxable Value:1,521.60
2024-10-20 23:29:35,482 - INV-73_Avik Mallick - DEBUG - Quantity:1
2024-10-20 23:29:35,482 - INV-73_Avik Mallick - DEBUG - Discount:-60%
2024-10-20 23:29:35,482 - INV-73_Avik Mallick - DEBUG - Cost Price:3,804.00
2024-10-20 23:29:35,482 - INV-73_Avik Mallick - DEBUG - Rate:1,521.60
2024-10-20 23:29:35,482 - INV-73_Avik Mallick - DEBUG - Item:DermaQ Comprehensive Hair Health  Diagnostic Test
2024-10-20 23:29:35,482 - INV-73_Avik Mallick - DEBUG - SGST Amount:0.0
2024-10-20 23:29:35,482 - INV-73_Avik Mallick - DEBUG - CGST Amount:0.0
2024-10-20 23:29:35,482 - INV-73_Avik Mallick - DEBUG - IGST Amount:None
2024-10-20 23:29:35,482 - INV-73_Avik Mallick - DEBUG - SGST Rate:0.0
2024-10-20 23:29:35,482 - INV-73_Avik Mallick - DEBUG - CGST Rate:0.0
2024-10-20 23:29:35,482 - INV-73_Avik Mallick - DEBUG - IGST Rate:None
2024-10-20 23:29:35,482 - INV-73_Avik Mallick - DEBUG - --------------------------
2024-10-20 23:29:35,482 - INV-73_Avik Mallick - DEBUG - Hair Nutrition Plan 499.17 1,499.00  (-66.7%)1499.170.00 (0%)499.17
2024-10-20 23:29:35,482 - INV-73_Avik Mallick - DEBUG - Amount:499.17
2024-10-20 23:29:35,482 - INV-73_Avik Mallick - DEBUG - Tax Pecentage:0.0
2024-10-20 23:29:35,482 - INV-73_Avik Mallick - DEBUG - Tax Amount:0.00
2024-10-20 23:29:35,482 - INV-73_Avik Mallick - DEBUG - Taxable Value:499.17
2024-10-20 23:29:35,482 - INV-73_Avik Mallick - DEBUG - Quantity:1
2024-10-20 23:29:35,482 - INV-73_Avik Mallick - DEBUG - Discount:-66.7%
2024-10-20 23:29:35,482 - INV-73_Avik Mallick - DEBUG - Cost Price:1,499.00
2024-10-20 23:29:35,482 - INV-73_Avik Mallick - DEBUG - Rate:499.17
2024-10-20 23:29:35,482 - INV-73_Avik Mallick - DEBUG - Item:Hair Nutrition Plan
2024-10-20 23:29:35,482 - INV-73_Avik Mallick - DEBUG - SGST Amount:0.0
2024-10-20 23:29:35,482 - INV-73_Avik Mallick - DEBUG - CGST Amount:0.0
2024-10-20 23:29:35,482 - INV-73_Avik Mallick - DEBUG - IGST Amount:None
2024-10-20 23:29:35,482 - INV-73_Avik Mallick - DEBUG - SGST Rate:0.0
2024-10-20 23:29:35,482 - INV-73_Avik Mallick - DEBUG - CGST Rate:0.0
2024-10-20 23:29:35,482 - INV-73_Avik Mallick - DEBUG - IGST Rate:None
2024-10-20 23:29:35,482 - INV-73_Avik Mallick - DEBUG - --------------------------
2024-10-20 23:29:35,482 - INV-73_Avik Mallick - DEBUG - x Shampoo 350.43 398.21 (-12%)1 BTL350.4342.05 (12%)392.48
2024-10-20 23:29:35,483 - INV-73_Avik Mallick - DEBUG - Amount:392.48
2024-10-20 23:29:35,483 - INV-73_Avik Mallick - DEBUG - Tax Pecentage:12.0
2024-10-20 23:29:35,483 - INV-73_Avik Mallick - DEBUG - Tax Amount:42.05
2024-10-20 23:29:35,483 - INV-73_Avik Mallick - DEBUG - Taxable Value:350.43
2024-10-20 23:29:35,483 - INV-73_Avik Mallick - DEBUG - Quantity:1 BTL
2024-10-20 23:29:35,483 - INV-73_Avik Mallick - DEBUG - Discount:-12%
2024-10-20 23:29:35,483 - INV-73_Avik Mallick - DEBUG - Cost Price:398.21
2024-10-20 23:29:35,483 - INV-73_Avik Mallick - DEBUG - Rate:350.43
2024-10-20 23:29:35,483 - INV-73_Avik Mallick - DEBUG - Item:x Shampoo
2024-10-20 23:29:35,483 - INV-73_Avik Mallick - DEBUG - SGST Amount:21.025
2024-10-20 23:29:35,483 - INV-73_Avik Mallick - DEBUG - CGST Amount:21.025
2024-10-20 23:29:35,483 - INV-73_Avik Mallick - DEBUG - IGST Amount:None
2024-10-20 23:29:35,483 - INV-73_Avik Mallick - DEBUG - SGST Rate:12.0
2024-10-20 23:29:35,483 - INV-73_Avik Mallick - DEBUG - CGST Rate:12.0
2024-10-20 23:29:35,483 - INV-73_Avik Mallick - DEBUG - IGST Rate:None
2024-10-20 23:29:35,483 - INV-73_Avik Mallick - DEBUG - --------------------------
2024-10-20 23:29:35,483 - INV-73_Avik Mallick - DEBUG - LONITAB 2.5 mg 157.14 178.57 (-12%)9 STRP1,414.29169.71 (12%)1,584.00
2024-10-20 23:29:35,483 - INV-73_Avik Mallick - DEBUG - Amount:1,584.00
2024-10-20 23:29:35,483 - INV-73_Avik Mallick - DEBUG - Tax Pecentage:12.0
2024-10-20 23:29:35,483 - INV-73_Avik Mallick - DEBUG - Tax Amount:169.71
2024-10-20 23:29:35,483 - INV-73_Avik Mallick - DEBUG - Taxable Value:1,414.29
2024-10-20 23:29:35,483 - INV-73_Avik Mallick - DEBUG - Quantity:9 STRP
2024-10-20 23:29:35,483 - INV-73_Avik Mallick - DEBUG - Discount:-12%
2024-10-20 23:29:35,483 - INV-73_Avik Mallick - DEBUG - Cost Price:178.57
2024-10-20 23:29:35,483 - INV-73_Avik Mallick - DEBUG - Rate:157.14
2024-10-20 23:29:35,483 - INV-73_Avik Mallick - DEBUG - Item:LONITAB 2.5 mg
2024-10-20 23:29:35,483 - INV-73_Avik Mallick - DEBUG - SGST Amount:84.855
2024-10-20 23:29:35,483 - INV-73_Avik Mallick - DEBUG - CGST Amount:84.855
2024-10-20 23:29:35,483 - INV-73_Avik Mallick - DEBUG - IGST Amount:None
2024-10-20 23:29:35,483 - INV-73_Avik Mallick - DEBUG - SGST Rate:12.0
2024-10-20 23:29:35,483 - INV-73_Avik Mallick - DEBUG - CGST Rate:12.0
2024-10-20 23:29:35,483 - INV-73_Avik Mallick - DEBUG - IGST Rate:None
2024-10-20 23:29:35,483 - INV-73_Avik Mallick - DEBUG - --------------------------
2024-10-20 23:29:35,483 - INV-73_Avik Mallick - DEBUG - Anaboom AD Lotion - 50 ml  241.63 274.58 (-12%)1 BTL241.6343.49 (18%)285.12
2024-10-20 23:29:35,483 - INV-73_Avik Mallick - DEBUG - Amount:285.12
2024-10-20 23:29:35,483 - INV-73_Avik Mallick - DEBUG - Tax Pecentage:18.0
2024-10-20 23:29:35,483 - INV-73_Avik Mallick - DEBUG - Tax Amount:43.49
2024-10-20 23:29:35,483 - INV-73_Avik Mallick - DEBUG - Taxable Value:241.63
2024-10-20 23:29:35,483 - INV-73_Avik Mallick - DEBUG - Quantity:1 BTL
2024-10-20 23:29:35,483 - INV-73_Avik Mallick - DEBUG - Discount:-12%
2024-10-20 23:29:35,483 - INV-73_Avik Mallick - DEBUG - Cost Price:274.58
2024-10-20 23:29:35,483 - INV-73_Avik Mallick - DEBUG - Rate:241.63
2024-10-20 23:29:35,483 - INV-73_Avik Mallick - DEBUG - Item:Anaboom AD Lotion - 50 ml
2024-10-20 23:29:35,483 - INV-73_Avik Mallick - DEBUG - SGST Amount:21.745
2024-10-20 23:29:35,483 - INV-73_Avik Mallick - DEBUG - CGST Amount:21.745
2024-10-20 23:29:35,483 - INV-73_Avik Mallick - DEBUG - IGST Amount:None
2024-10-20 23:29:35,483 - INV-73_Avik Mallick - DEBUG - SGST Rate:18.0
2024-10-20 23:29:35,483 - INV-73_Avik Mallick - DEBUG - CGST Rate:18.0
2024-10-20 23:29:35,483 - INV-73_Avik Mallick - DEBUG - IGST Rate:None
2024-10-20 23:29:35,483 - INV-73_Avik Mallick - DEBUG - --------------------------
2024-10-20 23:29:35,483 - INV-73_Avik Mallick - DEBUG - Uprise D-3 60K Capsules - 12  324.93 369.24 (-12%)1 STRP324.9338.99 (12%)363.92
2024-10-20 23:29:35,483 - INV-73_Avik Mallick - DEBUG - Amount:363.92
2024-10-20 23:29:35,483 - INV-73_Avik Mallick - DEBUG - Tax Pecentage:12.0
2024-10-20 23:29:35,483 - INV-73_Avik Mallick - DEBUG - Tax Amount:38.99
2024-10-20 23:29:35,483 - INV-73_Avik Mallick - DEBUG - Taxable Value:324.93
2024-10-20 23:29:35,483 - INV-73_Avik Mallick - DEBUG - Quantity:1 STRP
2024-10-20 23:29:35,483 - INV-73_Avik Mallick - DEBUG - Discount:-12%
2024-10-20 23:29:35,483 - INV-73_Avik Mallick - DEBUG - Cost Price:369.24
2024-10-20 23:29:35,483 - INV-73_Avik Mallick - DEBUG - Rate:324.93
2024-10-20 23:29:35,483 - INV-73_Avik Mallick - DEBUG - Item:Uprise D-3 60K Capsules - 12
2024-10-20 23:29:35,483 - INV-73_Avik Mallick - DEBUG - SGST Amount:19.495
2024-10-20 23:29:35,483 - INV-73_Avik Mallick - DEBUG - CGST Amount:19.495
2024-10-20 23:29:35,483 - INV-73_Avik Mallick - DEBUG - IGST Amount:None
2024-10-20 23:29:35,483 - INV-73_Avik Mallick - DEBUG - SGST Rate:12.0
2024-10-20 23:29:35,483 - INV-73_Avik Mallick - DEBUG - CGST Rate:12.0
2024-10-20 23:29:35,483 - INV-73_Avik Mallick - DEBUG - IGST Rate:None
2024-10-20 23:29:35,483 - INV-73_Avik Mallick - DEBUG - --------------------------
2024-10-20 23:29:35,483 - INV-73_Avik Mallick - DEBUG - ME-12 OD (15 tabs)  100.18 113.84 (-12%)6 STRP601.0772.13 (12%)673.20
2024-10-20 23:29:35,483 - INV-73_Avik Mallick - DEBUG - Amount:673.20
2024-10-20 23:29:35,483 - INV-73_Avik Mallick - DEBUG - Tax Pecentage:12.0
2024-10-20 23:29:35,483 - INV-73_Avik Mallick - DEBUG - Tax Amount:72.13
2024-10-20 23:29:35,483 - INV-73_Avik Mallick - DEBUG - Taxable Value:601.07
2024-10-20 23:29:35,483 - INV-73_Avik Mallick - DEBUG - Quantity:6 STRP
2024-10-20 23:29:35,484 - INV-73_Avik Mallick - DEBUG - Discount:-12%
2024-10-20 23:29:35,484 - INV-73_Avik Mallick - DEBUG - Cost Price:113.84
2024-10-20 23:29:35,484 - INV-73_Avik Mallick - DEBUG - Rate:100.18
2024-10-20 23:29:35,484 - INV-73_Avik Mallick - DEBUG - Item:ME-12 OD (15 tabs)
2024-10-20 23:29:35,484 - INV-73_Avik Mallick - DEBUG - SGST Amount:36.065
2024-10-20 23:29:35,484 - INV-73_Avik Mallick - DEBUG - CGST Amount:36.065
2024-10-20 23:29:35,484 - INV-73_Avik Mallick - DEBUG - IGST Amount:None
2024-10-20 23:29:35,484 - INV-73_Avik Mallick - DEBUG - SGST Rate:12.0
2024-10-20 23:29:35,484 - INV-73_Avik Mallick - DEBUG - CGST Rate:12.0
2024-10-20 23:29:35,484 - INV-73_Avik Mallick - DEBUG - IGST Rate:None
2024-10-20 23:29:35,484 - INV-73_Avik Mallick - DEBUG - --------------------------
2024-10-20 23:29:35,484 - INV-73_Avik Mallick - DEBUG - tab dutamax 0.5 mg 102.14 116.07 (-12%)2 STRP204.2924.51 (12%)228.80
2024-10-20 23:29:35,484 - INV-73_Avik Mallick - DEBUG - Amount:228.80
2024-10-20 23:29:35,484 - INV-73_Avik Mallick - DEBUG - Tax Pecentage:12.0
2024-10-20 23:29:35,484 - INV-73_Avik Mallick - DEBUG - Tax Amount:24.51
2024-10-20 23:29:35,484 - INV-73_Avik Mallick - DEBUG - Taxable Value:204.29
2024-10-20 23:29:35,484 - INV-73_Avik Mallick - DEBUG - Quantity:2 STRP
2024-10-20 23:29:35,484 - INV-73_Avik Mallick - DEBUG - Discount:-12%
2024-10-20 23:29:35,484 - INV-73_Avik Mallick - DEBUG - Cost Price:116.07
2024-10-20 23:29:35,484 - INV-73_Avik Mallick - DEBUG - Rate:102.14
2024-10-20 23:29:35,484 - INV-73_Avik Mallick - DEBUG - Item:tab dutamax 0.5 mg
2024-10-20 23:29:35,484 - INV-73_Avik Mallick - DEBUG - SGST Amount:12.255
2024-10-20 23:29:35,484 - INV-73_Avik Mallick - DEBUG - CGST Amount:12.255
2024-10-20 23:29:35,484 - INV-73_Avik Mallick - DEBUG - IGST Amount:None
2024-10-20 23:29:35,484 - INV-73_Avik Mallick - DEBUG - SGST Rate:12.0
2024-10-20 23:29:35,484 - INV-73_Avik Mallick - DEBUG - CGST Rate:12.0
2024-10-20 23:29:35,484 - INV-73_Avik Mallick - DEBUG - IGST Rate:None
2024-10-20 23:29:35,484 - INV-73_Avik Mallick - DEBUG - --------------------------
2024-10-20 23:29:35,484 - INV-73_Avik Mallick - DEBUG - Uprise-D3 60K - 8 Capsule   216.62 246.16 (-12%)1 STRP216.6225.99 (12%)242.62
2024-10-20 23:29:35,484 - INV-73_Avik Mallick - DEBUG - Amount:242.62
2024-10-20 23:29:35,484 - INV-73_Avik Mallick - DEBUG - Tax Pecentage:12.0
2024-10-20 23:29:35,484 - INV-73_Avik Mallick - DEBUG - Tax Amount:25.99
2024-10-20 23:29:35,484 - INV-73_Avik Mallick - DEBUG - Taxable Value:216.62
2024-10-20 23:29:35,484 - INV-73_Avik Mallick - DEBUG - Quantity:1 STRP
2024-10-20 23:29:35,484 - INV-73_Avik Mallick - DEBUG - Discount:-12%
2024-10-20 23:29:35,484 - INV-73_Avik Mallick - DEBUG - Cost Price:246.16
2024-10-20 23:29:35,484 - INV-73_Avik Mallick - DEBUG - Rate:216.62
2024-10-20 23:29:35,484 - INV-73_Avik Mallick - DEBUG - Item:Uprise-D3 60K - 8 Capsule
2024-10-20 23:29:35,484 - INV-73_Avik Mallick - DEBUG - SGST Amount:12.995
2024-10-20 23:29:35,484 - INV-73_Avik Mallick - DEBUG - CGST Amount:12.995
2024-10-20 23:29:35,484 - INV-73_Avik Mallick - DEBUG - IGST Amount:None
2024-10-20 23:29:35,484 - INV-73_Avik Mallick - DEBUG - SGST Rate:12.0
2024-10-20 23:29:35,484 - INV-73_Avik Mallick - DEBUG - CGST Rate:12.0
2024-10-20 23:29:35,484 - INV-73_Avik Mallick - DEBUG - IGST Rate:None
2024-10-20 23:29:35,484 - INV-73_Avik Mallick - DEBUG - --------------------------
2024-10-20 23:29:35,484 - INV-73_Avik Mallick - INFO - Extracted data from list of items purchased.
2024-10-20 23:29:35,484 - INV-73_Avik Mallick.log - DEBUG - Checking invoice number: INV-73
2024-10-20 23:29:35,484 - INV-73_Avik Mallick.log - DEBUG - Invoice number passed pattern check
2024-10-20 23:29:35,484 - INV-73_Avik Mallick.log - DEBUG - Parsed invoice date: 2024-02-15 00:00:00
2024-10-20 23:29:35,484 - INV-73_Avik Mallick.log - DEBUG - Parsed due date: 2023-10-26 00:00:00
2024-10-20 23:29:35,484 - INV-73_Avik Mallick.log - DEBUG - Invoice date check passed
2024-10-20 23:29:35,484 - INV-73_Avik Mallick.log - DEBUG - Due date check passed
2024-10-20 23:29:35,484 - INV-73_Avik Mallick.log - DEBUG - Date logic check failed
2024-10-20 23:29:35,484 - INV-73_Avik Mallick.log - DEBUG - Either wrong read or due date is before invoice date!
2024-10-20 23:29:35,484 - INV-73_Avik Mallick.log - DEBUG - Calculated total amount: 5790.91, expected: 5791.0
2024-10-20 23:29:35,484 - INV-73_Avik Mallick.log - DEBUG - Total amount consistency check passed
2024-10-20 23:29:35,484 - INV-73_Avik Mallick.log - DEBUG - Valid tax percentage count: 9
2024-10-20 23:29:35,484 - INV-73_Avik Mallick.log - DEBUG - Valid quantity count: 9
2024-10-20 23:29:35,484 - INV-73_Avik Mallick.log - INFO - Final confidence score: 0.98
