2024-10-20 23:29:35,386 - INV-114_Vaibhav Bhagat - DEBUG - Logger initialized and logging to file.
2024-10-20 23:29:35,386 - INV-114_Vaibhav Bhagat - INFO - Initializing PDF reader for file: Jan to Mar/INV-114_Vaibhav Bhagat.pdf
2024-10-20 23:29:35,386 - INV-114_Vaibhav Bhagat - INFO - PDF reader initialized successfully.
2024-10-20 23:29:35,386 - INV-114_Vaibhav Bhagat - INFO - PDF contains only 1 page, Extracting data from PDF...
2024-10-20 23:29:35,405 - INV-114_Vaibhav Bhagat - DEBUG - TA X  I N V O I C E O R I G I N A L  F O R  R E C I P I E N T 
UNCUE DERMACARE PRIVATE LIMITED
GSTIN 23AADCU2395N1ZY     
C/o KARUNA GUPTA KURELE, 1st Floor
S.P Bungalow Ke Pichhe, Shoagpur Shahdol, Shahdol
Shahdol, MADHYA PRADESH, 484001
Mobile +91 8585960963   Email ruhi@dermaq.in
Invoice #: INV-114 Invoice Date: 29 Jan 2024 Due Date: 29 Jan 2024
Customer Details:
Vaibhav Bhagat
Place of Supply: 
23-MADHYA PRADESH
#Item Rate / Item QtyTaxable ValueTax AmountAmount
1Acne-UV Gel - spf 50 (50 gm)  620.34
775.42 (-20%)1 PAC620.34111.66 (18%)732.00
2Neurobion Forte - 30 tablets   29.53
34.75 (-15%)3 STRP88.6015.95 (18%)104.55
3Arachitol Nano (60k) 4*5ml  299.58
340.43 (-12%)3 BTL898.73107.85 (12%)1,006.58
Taxable Amount ₹1,607.67
CGST 6.0% ₹53.92
SGST 6.0% ₹53.92
CGST 9.0% ₹63.80
SGST 9.0% ₹63.80
Round Off -0.13
Total₹1,843.00
Total Discount ₹338.71
Total Items / Qty : 3 / 7.000 Total amount (in words):  INR One Thousand, Eight Hundred And Forty-Three Rupees Only .
Amount Paid
Pay using UPI: 
Bank Details:
Bank:Kotak Mahindra Bank
Account #: 1146860541
IFSC Code: kkbk0000725
Branch: PUNE - CHINCHWAD
UnCue Dermacare Pvt LtdFor UNCUE DERMACARE PRIVATE LIMITED  
Authorized Signatory 
Swipe | Simple Invoicing, Billing and Payments | Visit getswipe.in
Page 1 / 1 This is a computer generated document and requires no signature.Powered By

2024-10-20 23:29:35,405 - INV-114_Vaibhav Bhagat - INFO - Extracted basic data from PDF
2024-10-20 23:29:35,405 - INV-114_Vaibhav Bhagat - DEBUG - Invoice Number: INV-114
2024-10-20 23:29:35,405 - INV-114_Vaibhav Bhagat - DEBUG - Invoice Date: 29 Jan 2024
2024-10-20 23:29:35,405 - INV-114_Vaibhav Bhagat - DEBUG - Due Date: 29 Jan 2024
2024-10-20 23:29:35,405 - INV-114_Vaibhav Bhagat - DEBUG - GSTIN: 23AADCU2395N1ZY
2024-10-20 23:29:35,405 - INV-114_Vaibhav Bhagat - DEBUG - Total Amount: ₹1843.0
2024-10-20 23:29:35,405 - INV-114_Vaibhav Bhagat - DEBUG - Place of Supply: 23-MADHYA PRADESH
2024-10-20 23:29:35,405 - INV-114_Vaibhav Bhagat - DEBUG - 1Acne-UV Gel - spf 50 (50 gm)  620.34
775.42 (-20%)1 PAC620.34111.66 (18%)732.00
2Neurobion Forte - 30 tablets   29.53
34.75 (-15%)3 STRP88.6015.95 (18%)104.55
3Arachitol Nano (60k) 4*5ml  299.58
340.43 (-12%)3 BTL898.73107.85 (12%)1,006.58
2024-10-20 23:29:35,405 - INV-114_Vaibhav Bhagat - INFO - Extracting data from list of items purchased...
2024-10-20 23:29:35,405 - INV-114_Vaibhav Bhagat - DEBUG - Acne-UV Gel - spf 50 (50 gm)  620.34 775.42 (-20%)1 PAC620.34111.66 (18%)732.00
2024-10-20 23:29:35,405 - INV-114_Vaibhav Bhagat - DEBUG - Amount:732.00
2024-10-20 23:29:35,405 - INV-114_Vaibhav Bhagat - DEBUG - Tax Pecentage:18.0
2024-10-20 23:29:35,405 - INV-114_Vaibhav Bhagat - DEBUG - Tax Amount:111.66
2024-10-20 23:29:35,405 - INV-114_Vaibhav Bhagat - DEBUG - Taxable Value:620.34
2024-10-20 23:29:35,405 - INV-114_Vaibhav Bhagat - DEBUG - Quantity:1 PAC
2024-10-20 23:29:35,405 - INV-114_Vaibhav Bhagat - DEBUG - Discount:-20%
2024-10-20 23:29:35,405 - INV-114_Vaibhav Bhagat - DEBUG - Cost Price:775.42
2024-10-20 23:29:35,405 - INV-114_Vaibhav Bhagat - DEBUG - Rate:620.34
2024-10-20 23:29:35,405 - INV-114_Vaibhav Bhagat - DEBUG - Item:Acne-UV Gel - spf 50 (50 gm)
2024-10-20 23:29:35,405 - INV-114_Vaibhav Bhagat - DEBUG - SGST Amount:55.83
2024-10-20 23:29:35,406 - INV-114_Vaibhav Bhagat - DEBUG - CGST Amount:55.83
2024-10-20 23:29:35,406 - INV-114_Vaibhav Bhagat - DEBUG - IGST Amount:None
2024-10-20 23:29:35,406 - INV-114_Vaibhav Bhagat - DEBUG - SGST Rate:18.0
2024-10-20 23:29:35,406 - INV-114_Vaibhav Bhagat - DEBUG - CGST Rate:18.0
2024-10-20 23:29:35,406 - INV-114_Vaibhav Bhagat - DEBUG - IGST Rate:None
2024-10-20 23:29:35,406 - INV-114_Vaibhav Bhagat - DEBUG - --------------------------
2024-10-20 23:29:35,406 - INV-114_Vaibhav Bhagat - DEBUG - Neurobion Forte - 30 tablets   29.53 34.75 (-15%)3 STRP88.6015.95 (18%)104.55
2024-10-20 23:29:35,406 - INV-114_Vaibhav Bhagat - DEBUG - Amount:104.55
2024-10-20 23:29:35,406 - INV-114_Vaibhav Bhagat - DEBUG - Tax Pecentage:18.0
2024-10-20 23:29:35,406 - INV-114_Vaibhav Bhagat - DEBUG - Tax Amount:15.95
2024-10-20 23:29:35,406 - INV-114_Vaibhav Bhagat - DEBUG - Taxable Value:88.60
2024-10-20 23:29:35,406 - INV-114_Vaibhav Bhagat - DEBUG - Quantity:3 STRP
2024-10-20 23:29:35,406 - INV-114_Vaibhav Bhagat - DEBUG - Discount:-15%
2024-10-20 23:29:35,406 - INV-114_Vaibhav Bhagat - DEBUG - Cost Price:34.75
2024-10-20 23:29:35,406 - INV-114_Vaibhav Bhagat - DEBUG - Rate:29.53
2024-10-20 23:29:35,406 - INV-114_Vaibhav Bhagat - DEBUG - Item:Neurobion Forte - 30 tablets
2024-10-20 23:29:35,406 - INV-114_Vaibhav Bhagat - DEBUG - SGST Amount:7.975
2024-10-20 23:29:35,406 - INV-114_Vaibhav Bhagat - DEBUG - CGST Amount:7.975
2024-10-20 23:29:35,406 - INV-114_Vaibhav Bhagat - DEBUG - IGST Amount:None
2024-10-20 23:29:35,406 - INV-114_Vaibhav Bhagat - DEBUG - SGST Rate:18.0
2024-10-20 23:29:35,406 - INV-114_Vaibhav Bhagat - DEBUG - CGST Rate:18.0
2024-10-20 23:29:35,406 - INV-114_Vaibhav Bhagat - DEBUG - IGST Rate:None
2024-10-20 23:29:35,406 - INV-114_Vaibhav Bhagat - DEBUG - --------------------------
2024-10-20 23:29:35,406 - INV-114_Vaibhav Bhagat - DEBUG - Arachitol Nano (60k) 4*5ml  299.58 340.43 (-12%)3 BTL898.73107.85 (12%)1,006.58
2024-10-20 23:29:35,406 - INV-114_Vaibhav Bhagat - DEBUG - Amount:1,006.58
2024-10-20 23:29:35,406 - INV-114_Vaibhav Bhagat - DEBUG - Tax Pecentage:12.0
2024-10-20 23:29:35,406 - INV-114_Vaibhav Bhagat - DEBUG - Tax Amount:107.85
2024-10-20 23:29:35,406 - INV-114_Vaibhav Bhagat - DEBUG - Taxable Value:898.73
2024-10-20 23:29:35,406 - INV-114_Vaibhav Bhagat - DEBUG - Quantity:3 BTL
2024-10-20 23:29:35,406 - INV-114_Vaibhav Bhagat - DEBUG - Discount:-12%
2024-10-20 23:29:35,406 - INV-114_Vaibhav Bhagat - DEBUG - Cost Price:340.43
2024-10-20 23:29:35,406 - INV-114_Vaibhav Bhagat - DEBUG - Rate:299.58
2024-10-20 23:29:35,406 - INV-114_Vaibhav Bhagat - DEBUG - Item:Arachitol Nano (60k) 4*5ml
2024-10-20 23:29:35,406 - INV-114_Vaibhav Bhagat - DEBUG - SGST Amount:53.925
2024-10-20 23:29:35,406 - INV-114_Vaibhav Bhagat - DEBUG - CGST Amount:53.925
2024-10-20 23:29:35,406 - INV-114_Vaibhav Bhagat - DEBUG - IGST Amount:None
2024-10-20 23:29:35,406 - INV-114_Vaibhav Bhagat - DEBUG - SGST Rate:12.0
2024-10-20 23:29:35,406 - INV-114_Vaibhav Bhagat - DEBUG - CGST Rate:12.0
2024-10-20 23:29:35,406 - INV-114_Vaibhav Bhagat - DEBUG - IGST Rate:None
2024-10-20 23:29:35,406 - INV-114_Vaibhav Bhagat - DEBUG - --------------------------
2024-10-20 23:29:35,406 - INV-114_Vaibhav Bhagat - INFO - Extracted data from list of items purchased.
2024-10-20 23:29:35,406 - INV-114_Vaibhav Bhagat.log - DEBUG - Checking invoice number: INV-114
2024-10-20 23:29:35,406 - INV-114_Vaibhav Bhagat.log - DEBUG - Invoice number passed pattern check
2024-10-20 23:29:35,406 - INV-114_Vaibhav Bhagat.log - DEBUG - Parsed invoice date: 2024-01-29 00:00:00
2024-10-20 23:29:35,406 - INV-114_Vaibhav Bhagat.log - DEBUG - Parsed due date: 2024-01-29 00:00:00
2024-10-20 23:29:35,406 - INV-114_Vaibhav Bhagat.log - DEBUG - Invoice date check passed
2024-10-20 23:29:35,406 - INV-114_Vaibhav Bhagat.log - DEBUG - Due date check passed
2024-10-20 23:29:35,406 - INV-114_Vaibhav Bhagat.log - DEBUG - Date logic check passed
2024-10-20 23:29:35,406 - INV-114_Vaibhav Bhagat.log - DEBUG - Calculated total amount: 1843.13, expected: 1843.0
2024-10-20 23:29:35,406 - INV-114_Vaibhav Bhagat.log - DEBUG - Total amount consistency check passed
2024-10-20 23:29:35,406 - INV-114_Vaibhav Bhagat.log - DEBUG - Valid tax percentage count: 3
2024-10-20 23:29:35,406 - INV-114_Vaibhav Bhagat.log - DEBUG - Valid quantity count: 3
2024-10-20 23:29:35,406 - INV-114_Vaibhav Bhagat.log - INFO - Final confidence score: 1.0
