2024-10-20 23:29:35,308 - INV-98_Monika - DEBUG - Logger initialized and logging to file.
2024-10-20 23:29:35,308 - INV-98_Monika - INFO - Initializing PDF reader for file: Jan to Mar/INV-98_Monika.pdf
2024-10-20 23:29:35,308 - INV-98_Monika - INFO - PDF reader initialized successfully.
2024-10-20 23:29:35,308 - INV-98_Monika - INFO - PDF contains only 1 page, Extracting data from PDF...
2024-10-20 23:29:35,329 - INV-98_Monika - DEBUG - TA X  I N V O I C E O R I G I N A L  F O R  R E C I P I E N T 
UNCUE DERMACARE PRIVATE LIMITED
GSTIN 23AADCU2395N1ZY     
C/o KARUNA GUPTA KURELE, 1st Floor
S.P Bungalow Ke Pichhe, Shoagpur Shahdol, Shahdol
Shahdol, MADHYA PRADESH, 484001
Mobile +91 8585960963   Email ruhi@dermaq.in
Invoice #: INV-98 Invoice Date: 16 Jan 2024 Due Date: 16 Jan 2024
Customer Details:
Monika
Place of Supply: 
23-MADHYA PRADESH
#Item Rate / Item QtyTaxable ValueTax AmountAmount
1Acne-UV Gel - spf 50 (50 gm)  620.34
775.42 (-20%)1 PAC620.34111.66 (18%)732.00
2Keraglo- AD shampoo  237.29
296.61 (-20%)1 UNT237.2942.71 (18%)280.00
3Bioderma Pigmentbio C-concentrate  2,363.64
2,626.27 (-10%)1 PCS2,363.64425.46 (18%)2,789.10
4Cetaphil gentle cleansing lotion - 250 
ML 458.64
521.19 (-12%)1458.6482.56 (18%)541.20
5Anaboom AD Lotion - 50 ml  241.63
274.58 (-12%)1 BTL241.6343.49 (18%)285.12
Taxable Amount ₹3,921.54
CGST 9.0% ₹352.94
SGST 9.0% ₹352.94
Round Off -0.42
Total₹4,627.00
Total Discount ₹675.58
Total Items / Qty : 5 / 5.000 Total amount (in words):  INR Four Thousand, Six Hundred And Twenty-Seven Rupees Only .
Amount Paid
Pay using UPI: 
Bank Details:
Bank:Kotak Mahindra Bank
Account #: 1146860541
IFSC Code: kkbk0000725
Branch: PUNE - CHINCHWAD
UnCue Dermacare Pvt LtdFor UNCUE DERMACARE PRIVATE LIMITED  
Authorized Signatory 
Swipe | Simple Invoicing, Billing and Payments | Visit getswipe.in
Page 1 / 1 This is a computer generated document and requires no signature.Powered By

2024-10-20 23:29:35,329 - INV-98_Monika - INFO - Extracted basic data from PDF
2024-10-20 23:29:35,329 - INV-98_Monika - DEBUG - Invoice Number: INV-98
2024-10-20 23:29:35,329 - INV-98_Monika - DEBUG - Invoice Date: 16 Jan 2024
2024-10-20 23:29:35,329 - INV-98_Monika - DEBUG - Due Date: 16 Jan 2024
2024-10-20 23:29:35,329 - INV-98_Monika - DEBUG - GSTIN: 23AADCU2395N1ZY
2024-10-20 23:29:35,329 - INV-98_Monika - DEBUG - Total Amount: ₹4627.0
2024-10-20 23:29:35,329 - INV-98_Monika - DEBUG - Place of Supply: 23-MADHYA PRADESH
2024-10-20 23:29:35,329 - INV-98_Monika - DEBUG - 1Acne-UV Gel - spf 50 (50 gm)  620.34
775.42 (-20%)1 PAC620.34111.66 (18%)732.00
2Keraglo- AD shampoo  237.29
296.61 (-20%)1 UNT237.2942.71 (18%)280.00
3Bioderma Pigmentbio C-concentrate  2,363.64
2,626.27 (-10%)1 PCS2,363.64425.46 (18%)2,789.10
4Cetaphil gentle cleansing lotion - 250 
ML 458.64
521.19 (-12%)1458.6482.56 (18%)541.20
5Anaboom AD Lotion - 50 ml  241.63
274.58 (-12%)1 BTL241.6343.49 (18%)285.12
2024-10-20 23:29:35,329 - INV-98_Monika - INFO - Extracting data from list of items purchased...
2024-10-20 23:29:35,329 - INV-98_Monika - DEBUG - Acne-UV Gel - spf 50 (50 gm)  620.34 775.42 (-20%)1 PAC620.34111.66 (18%)732.00
2024-10-20 23:29:35,329 - INV-98_Monika - DEBUG - Amount:732.00
2024-10-20 23:29:35,329 - INV-98_Monika - DEBUG - Tax Pecentage:18.0
2024-10-20 23:29:35,330 - INV-98_Monika - DEBUG - Tax Amount:111.66
2024-10-20 23:29:35,330 - INV-98_Monika - DEBUG - Taxable Value:620.34
2024-10-20 23:29:35,330 - INV-98_Monika - DEBUG - Quantity:1 PAC
2024-10-20 23:29:35,330 - INV-98_Monika - DEBUG - Discount:-20%
2024-10-20 23:29:35,330 - INV-98_Monika - DEBUG - Cost Price:775.42
2024-10-20 23:29:35,330 - INV-98_Monika - DEBUG - Rate:620.34
2024-10-20 23:29:35,330 - INV-98_Monika - DEBUG - Item:Acne-UV Gel - spf 50 (50 gm)
2024-10-20 23:29:35,330 - INV-98_Monika - DEBUG - SGST Amount:55.83
2024-10-20 23:29:35,330 - INV-98_Monika - DEBUG - CGST Amount:55.83
2024-10-20 23:29:35,330 - INV-98_Monika - DEBUG - IGST Amount:None
2024-10-20 23:29:35,330 - INV-98_Monika - DEBUG - SGST Rate:18.0
2024-10-20 23:29:35,330 - INV-98_Monika - DEBUG - CGST Rate:18.0
2024-10-20 23:29:35,330 - INV-98_Monika - DEBUG - IGST Rate:None
2024-10-20 23:29:35,330 - INV-98_Monika - DEBUG - --------------------------
2024-10-20 23:29:35,330 - INV-98_Monika - DEBUG - Keraglo- AD shampoo  237.29 296.61 (-20%)1 UNT237.2942.71 (18%)280.00
2024-10-20 23:29:35,330 - INV-98_Monika - DEBUG - Amount:280.00
2024-10-20 23:29:35,330 - INV-98_Monika - DEBUG - Tax Pecentage:18.0
2024-10-20 23:29:35,330 - INV-98_Monika - DEBUG - Tax Amount:42.71
2024-10-20 23:29:35,330 - INV-98_Monika - DEBUG - Taxable Value:237.29
2024-10-20 23:29:35,330 - INV-98_Monika - DEBUG - Quantity:1 UNT
2024-10-20 23:29:35,330 - INV-98_Monika - DEBUG - Discount:-20%
2024-10-20 23:29:35,330 - INV-98_Monika - DEBUG - Cost Price:296.61
2024-10-20 23:29:35,330 - INV-98_Monika - DEBUG - Rate:237.29
2024-10-20 23:29:35,330 - INV-98_Monika - DEBUG - Item:Keraglo- AD shampoo
2024-10-20 23:29:35,330 - INV-98_Monika - DEBUG - SGST Amount:21.355
2024-10-20 23:29:35,330 - INV-98_Monika - DEBUG - CGST Amount:21.355
2024-10-20 23:29:35,330 - INV-98_Monika - DEBUG - IGST Amount:None
2024-10-20 23:29:35,330 - INV-98_Monika - DEBUG - SGST Rate:18.0
2024-10-20 23:29:35,330 - INV-98_Monika - DEBUG - CGST Rate:18.0
2024-10-20 23:29:35,330 - INV-98_Monika - DEBUG - IGST Rate:None
2024-10-20 23:29:35,330 - INV-98_Monika - DEBUG - --------------------------
2024-10-20 23:29:35,330 - INV-98_Monika - DEBUG - Bioderma Pigmentbio C-concentrate  2,363.64 2,626.27 (-10%)1 PCS2,363.64425.46 (18%)2,789.10
2024-10-20 23:29:35,330 - INV-98_Monika - DEBUG - Amount:2,789.10
2024-10-20 23:29:35,330 - INV-98_Monika - DEBUG - Tax Pecentage:18.0
2024-10-20 23:29:35,330 - INV-98_Monika - DEBUG - Tax Amount:425.46
2024-10-20 23:29:35,330 - INV-98_Monika - DEBUG - Taxable Value:2,363.64
2024-10-20 23:29:35,330 - INV-98_Monika - DEBUG - Quantity:1 PCS
2024-10-20 23:29:35,330 - INV-98_Monika - DEBUG - Discount:-10%
2024-10-20 23:29:35,330 - INV-98_Monika - DEBUG - Cost Price:2,626.27
2024-10-20 23:29:35,330 - INV-98_Monika - DEBUG - Rate:2,363.64
2024-10-20 23:29:35,330 - INV-98_Monika - DEBUG - Item:Bioderma Pigmentbio C-concentrate
2024-10-20 23:29:35,330 - INV-98_Monika - DEBUG - SGST Amount:212.73
2024-10-20 23:29:35,330 - INV-98_Monika - DEBUG - CGST Amount:212.73
2024-10-20 23:29:35,330 - INV-98_Monika - DEBUG - IGST Amount:None
2024-10-20 23:29:35,330 - INV-98_Monika - DEBUG - SGST Rate:18.0
2024-10-20 23:29:35,330 - INV-98_Monika - DEBUG - CGST Rate:18.0
2024-10-20 23:29:35,330 - INV-98_Monika - DEBUG - IGST Rate:None
2024-10-20 23:29:35,330 - INV-98_Monika - DEBUG - --------------------------
2024-10-20 23:29:35,330 - INV-98_Monika - DEBUG - Cetaphil gentle cleansing lotion - 250  ML 458.64 521.19 (-12%)1458.6482.56 (18%)541.20
2024-10-20 23:29:35,330 - INV-98_Monika - DEBUG - Amount:541.20
2024-10-20 23:29:35,330 - INV-98_Monika - DEBUG - Tax Pecentage:18.0
2024-10-20 23:29:35,330 - INV-98_Monika - DEBUG - Tax Amount:82.56
2024-10-20 23:29:35,330 - INV-98_Monika - DEBUG - Taxable Value:458.64
2024-10-20 23:29:35,330 - INV-98_Monika - DEBUG - Quantity:1
2024-10-20 23:29:35,330 - INV-98_Monika - DEBUG - Discount:-12%
2024-10-20 23:29:35,330 - INV-98_Monika - DEBUG - Cost Price:521.19
2024-10-20 23:29:35,330 - INV-98_Monika - DEBUG - Rate:458.64
2024-10-20 23:29:35,330 - INV-98_Monika - DEBUG - Item:Cetaphil gentle cleansing lotion - 250  ML
2024-10-20 23:29:35,330 - INV-98_Monika - DEBUG - SGST Amount:41.28
2024-10-20 23:29:35,330 - INV-98_Monika - DEBUG - CGST Amount:41.28
2024-10-20 23:29:35,330 - INV-98_Monika - DEBUG - IGST Amount:None
2024-10-20 23:29:35,330 - INV-98_Monika - DEBUG - SGST Rate:18.0
2024-10-20 23:29:35,330 - INV-98_Monika - DEBUG - CGST Rate:18.0
2024-10-20 23:29:35,330 - INV-98_Monika - DEBUG - IGST Rate:None
2024-10-20 23:29:35,330 - INV-98_Monika - DEBUG - --------------------------
2024-10-20 23:29:35,330 - INV-98_Monika - DEBUG - Anaboom AD Lotion - 50 ml  241.63 274.58 (-12%)1 BTL241.6343.49 (18%)285.12
2024-10-20 23:29:35,331 - INV-98_Monika - DEBUG - Amount:285.12
2024-10-20 23:29:35,331 - INV-98_Monika - DEBUG - Tax Pecentage:18.0
2024-10-20 23:29:35,331 - INV-98_Monika - DEBUG - Tax Amount:43.49
2024-10-20 23:29:35,331 - INV-98_Monika - DEBUG - Taxable Value:241.63
2024-10-20 23:29:35,331 - INV-98_Monika - DEBUG - Quantity:1 BTL
2024-10-20 23:29:35,331 - INV-98_Monika - DEBUG - Discount:-12%
2024-10-20 23:29:35,331 - INV-98_Monika - DEBUG - Cost Price:274.58
2024-10-20 23:29:35,331 - INV-98_Monika - DEBUG - Rate:241.63
2024-10-20 23:29:35,331 - INV-98_Monika - DEBUG - Item:Anaboom AD Lotion - 50 ml
2024-10-20 23:29:35,331 - INV-98_Monika - DEBUG - SGST Amount:21.745
2024-10-20 23:29:35,331 - INV-98_Monika - DEBUG - CGST Amount:21.745
2024-10-20 23:29:35,331 - INV-98_Monika - DEBUG - IGST Amount:None
2024-10-20 23:29:35,331 - INV-98_Monika - DEBUG - SGST Rate:18.0
2024-10-20 23:29:35,331 - INV-98_Monika - DEBUG - CGST Rate:18.0
2024-10-20 23:29:35,331 - INV-98_Monika - DEBUG - IGST Rate:None
2024-10-20 23:29:35,331 - INV-98_Monika - DEBUG - --------------------------
2024-10-20 23:29:35,331 - INV-98_Monika - INFO - Extracted data from list of items purchased.
2024-10-20 23:29:35,331 - INV-98_Monika.log - DEBUG - Checking invoice number: INV-98
2024-10-20 23:29:35,331 - INV-98_Monika.log - DEBUG - Invoice number passed pattern check
2024-10-20 23:29:35,331 - INV-98_Monika.log - DEBUG - Parsed invoice date: 2024-01-16 00:00:00
2024-10-20 23:29:35,331 - INV-98_Monika.log - DEBUG - Parsed due date: 2024-01-16 00:00:00
2024-10-20 23:29:35,331 - INV-98_Monika.log - DEBUG - Invoice date check passed
2024-10-20 23:29:35,331 - INV-98_Monika.log - DEBUG - Due date check passed
2024-10-20 23:29:35,331 - INV-98_Monika.log - DEBUG - Date logic check passed
2024-10-20 23:29:35,331 - INV-98_Monika.log - DEBUG - Calculated total amount: 4627.42, expected: 4627.0
2024-10-20 23:29:35,331 - INV-98_Monika.log - DEBUG - Total amount consistency check passed
2024-10-20 23:29:35,331 - INV-98_Monika.log - DEBUG - Valid tax percentage count: 5
2024-10-20 23:29:35,331 - INV-98_Monika.log - DEBUG - Valid quantity count: 5
2024-10-20 23:29:35,331 - INV-98_Monika.log - INFO - Final confidence score: 1.0
