2024-10-20 23:29:34,877 - INV-100_Agrani Kandele - DEBUG - Logger initialized and logging to file.
2024-10-20 23:29:34,877 - INV-100_Agrani Kandele - INFO - Initializing PDF reader for file: Jan to Mar/INV-100_Agrani Kandele.pdf
2024-10-20 23:29:34,877 - INV-100_Agrani Kandele - INFO - PDF reader initialized successfully.
2024-10-20 23:29:34,877 - INV-100_Agrani Kandele - INFO - PDF contains only 1 page, Extracting data from PDF...
2024-10-20 23:29:34,897 - INV-100_Agrani Kandele - DEBUG - TA X  I N V O I C E O R I G I N A L  F O R  R E C I P I E N T 
UNCUE DERMACARE PRIVATE LIMITED
GSTIN 23AADCU2395N1ZY     
C/o KARUNA GUPTA KURELE, 1st Floor
S.P Bungalow Ke Pichhe, Shoagpur Shahdol, Shahdol
Shahdol, MADHYA PRADESH, 484001
Mobile +91 8585960963   Email ruhi@dermaq.in
Invoice #: INV-100 Invoice Date: 24 Jan 2024 Due Date: 24 Jan 2024
Customer Details:
Agrani Kandele
Ph: 8120482988Shipping Address:
vadandana beauty parlour
Murawara
Katni, MADHYA PRADESH, 483501
Place of Supply: 
23-MADHYA PRADESH
#Item Rate / Item QtyTaxable ValueTax AmountAmount
1Acne UV Gel - 30 SPF  531.99
709.32 (-25%)1 UNT531.9995.76 (18%)627.75
2Clindac-A mist spray 392.07
445.54 (-12%)1 BTL392.0747.05 (12%)439.12
3AKNAYBAR soap 184.20
209.32 (-12%)1 BOX184.2033.16 (18%)217.36
Taxable Amount ₹1,108.27
CGST 6.0% ₹23.52
SGST 6.0% ₹23.52
CGST 9.0% ₹64.46
SGST 9.0% ₹64.46
Round Off -0.23
Total₹1,284.00
Total Discount ₹298.77
Total Items / Qty : 3 / 3.000 Total amount (in words):  INR One Thousand, Two Hundred And Eighty-Four Rupees Only .
Amount Paid
Pay using UPI: 
Bank Details:
Bank:Kotak Mahindra Bank
Account #: 1146860541
IFSC Code: kkbk0000725
Branch: PUNE - CHINCHWAD
UnCue Dermacare Pvt LtdFor UNCUE DERMACARE PRIVATE LIMITED  
Authorized Signatory 
Swipe | Simple Invoicing, Billing and Payments | Visit getswipe.in
Page 1 / 1 This is a computer generated document and requires no signature.Powered By

2024-10-20 23:29:34,897 - INV-100_Agrani Kandele - INFO - Extracted basic data from PDF
2024-10-20 23:29:34,897 - INV-100_Agrani Kandele - DEBUG - Invoice Number: INV-100
2024-10-20 23:29:34,897 - INV-100_Agrani Kandele - DEBUG - Invoice Date: 24 Jan 2024
2024-10-20 23:29:34,897 - INV-100_Agrani Kandele - DEBUG - Due Date: 24 Jan 2024
2024-10-20 23:29:34,897 - INV-100_Agrani Kandele - DEBUG - GSTIN: 23AADCU2395N1ZY
2024-10-20 23:29:34,897 - INV-100_Agrani Kandele - DEBUG - Total Amount: ₹1284.0
2024-10-20 23:29:34,897 - INV-100_Agrani Kandele - DEBUG - Place of Supply: 23-MADHYA PRADESH
2024-10-20 23:29:34,897 - INV-100_Agrani Kandele - DEBUG - 1Acne UV Gel - 30 SPF  531.99
709.32 (-25%)1 UNT531.9995.76 (18%)627.75
2Clindac-A mist spray 392.07
445.54 (-12%)1 BTL392.0747.05 (12%)439.12
3AKNAYBAR soap 184.20
209.32 (-12%)1 BOX184.2033.16 (18%)217.36
2024-10-20 23:29:34,897 - INV-100_Agrani Kandele - INFO - Extracting data from list of items purchased...
2024-10-20 23:29:34,897 - INV-100_Agrani Kandele - DEBUG - Acne UV Gel - 30 SPF  531.99 709.32 (-25%)1 UNT531.9995.76 (18%)627.75
2024-10-20 23:29:34,897 - INV-100_Agrani Kandele - DEBUG - Amount:627.75
2024-10-20 23:29:34,897 - INV-100_Agrani Kandele - DEBUG - Tax Pecentage:18.0
2024-10-20 23:29:34,897 - INV-100_Agrani Kandele - DEBUG - Tax Amount:95.76
2024-10-20 23:29:34,897 - INV-100_Agrani Kandele - DEBUG - Taxable Value:531.99
2024-10-20 23:29:34,897 - INV-100_Agrani Kandele - DEBUG - Quantity:1 UNT
2024-10-20 23:29:34,897 - INV-100_Agrani Kandele - DEBUG - Discount:-25%
2024-10-20 23:29:34,897 - INV-100_Agrani Kandele - DEBUG - Cost Price:709.32
2024-10-20 23:29:34,897 - INV-100_Agrani Kandele - DEBUG - Rate:531.99
2024-10-20 23:29:34,897 - INV-100_Agrani Kandele - DEBUG - Item:Acne UV Gel - 30 SPF
2024-10-20 23:29:34,897 - INV-100_Agrani Kandele - DEBUG - SGST Amount:47.88
2024-10-20 23:29:34,897 - INV-100_Agrani Kandele - DEBUG - CGST Amount:47.88
2024-10-20 23:29:34,897 - INV-100_Agrani Kandele - DEBUG - IGST Amount:None
2024-10-20 23:29:34,897 - INV-100_Agrani Kandele - DEBUG - SGST Rate:18.0
2024-10-20 23:29:34,897 - INV-100_Agrani Kandele - DEBUG - CGST Rate:18.0
2024-10-20 23:29:34,897 - INV-100_Agrani Kandele - DEBUG - IGST Rate:None
2024-10-20 23:29:34,897 - INV-100_Agrani Kandele - DEBUG - --------------------------
2024-10-20 23:29:34,897 - INV-100_Agrani Kandele - DEBUG - Clindac-A mist spray 392.07 445.54 (-12%)1 BTL392.0747.05 (12%)439.12
2024-10-20 23:29:34,897 - INV-100_Agrani Kandele - DEBUG - Amount:439.12
2024-10-20 23:29:34,897 - INV-100_Agrani Kandele - DEBUG - Tax Pecentage:12.0
2024-10-20 23:29:34,897 - INV-100_Agrani Kandele - DEBUG - Tax Amount:47.05
2024-10-20 23:29:34,897 - INV-100_Agrani Kandele - DEBUG - Taxable Value:392.07
2024-10-20 23:29:34,897 - INV-100_Agrani Kandele - DEBUG - Quantity:1 BTL
2024-10-20 23:29:34,897 - INV-100_Agrani Kandele - DEBUG - Discount:-12%
2024-10-20 23:29:34,897 - INV-100_Agrani Kandele - DEBUG - Cost Price:445.54
2024-10-20 23:29:34,897 - INV-100_Agrani Kandele - DEBUG - Rate:392.07
2024-10-20 23:29:34,897 - INV-100_Agrani Kandele - DEBUG - Item:Clindac-A mist spray
2024-10-20 23:29:34,897 - INV-100_Agrani Kandele - DEBUG - SGST Amount:23.525
2024-10-20 23:29:34,897 - INV-100_Agrani Kandele - DEBUG - CGST Amount:23.525
2024-10-20 23:29:34,897 - INV-100_Agrani Kandele - DEBUG - IGST Amount:None
2024-10-20 23:29:34,897 - INV-100_Agrani Kandele - DEBUG - SGST Rate:12.0
2024-10-20 23:29:34,897 - INV-100_Agrani Kandele - DEBUG - CGST Rate:12.0
2024-10-20 23:29:34,897 - INV-100_Agrani Kandele - DEBUG - IGST Rate:None
2024-10-20 23:29:34,897 - INV-100_Agrani Kandele - DEBUG - --------------------------
2024-10-20 23:29:34,897 - INV-100_Agrani Kandele - DEBUG - AKNAYBAR soap 184.20 209.32 (-12%)1 BOX184.2033.16 (18%)217.36
2024-10-20 23:29:34,898 - INV-100_Agrani Kandele - DEBUG - Amount:217.36
2024-10-20 23:29:34,898 - INV-100_Agrani Kandele - DEBUG - Tax Pecentage:18.0
2024-10-20 23:29:34,898 - INV-100_Agrani Kandele - DEBUG - Tax Amount:33.16
2024-10-20 23:29:34,898 - INV-100_Agrani Kandele - DEBUG - Taxable Value:184.20
2024-10-20 23:29:34,898 - INV-100_Agrani Kandele - DEBUG - Quantity:1 BOX
2024-10-20 23:29:34,898 - INV-100_Agrani Kandele - DEBUG - Discount:-12%
2024-10-20 23:29:34,898 - INV-100_Agrani Kandele - DEBUG - Cost Price:209.32
2024-10-20 23:29:34,898 - INV-100_Agrani Kandele - DEBUG - Rate:184.20
2024-10-20 23:29:34,898 - INV-100_Agrani Kandele - DEBUG - Item:AKNAYBAR soap
2024-10-20 23:29:34,898 - INV-100_Agrani Kandele - DEBUG - SGST Amount:16.58
2024-10-20 23:29:34,898 - INV-100_Agrani Kandele - DEBUG - CGST Amount:16.58
2024-10-20 23:29:34,898 - INV-100_Agrani Kandele - DEBUG - IGST Amount:None
2024-10-20 23:29:34,898 - INV-100_Agrani Kandele - DEBUG - SGST Rate:18.0
2024-10-20 23:29:34,898 - INV-100_Agrani Kandele - DEBUG - CGST Rate:18.0
2024-10-20 23:29:34,898 - INV-100_Agrani Kandele - DEBUG - IGST Rate:None
2024-10-20 23:29:34,898 - INV-100_Agrani Kandele - DEBUG - --------------------------
2024-10-20 23:29:34,898 - INV-100_Agrani Kandele - INFO - Extracted data from list of items purchased.
2024-10-20 23:29:34,898 - INV-100_Agrani Kandele.log - DEBUG - Checking invoice number: INV-100
2024-10-20 23:29:34,898 - INV-100_Agrani Kandele.log - DEBUG - Invoice number passed pattern check
2024-10-20 23:29:34,898 - INV-100_Agrani Kandele.log - DEBUG - Parsed invoice date: 2024-01-24 00:00:00
2024-10-20 23:29:34,898 - INV-100_Agrani Kandele.log - DEBUG - Parsed due date: 2024-01-24 00:00:00
2024-10-20 23:29:34,898 - INV-100_Agrani Kandele.log - DEBUG - Invoice date check passed
2024-10-20 23:29:34,898 - INV-100_Agrani Kandele.log - DEBUG - Due date check passed
2024-10-20 23:29:34,898 - INV-100_Agrani Kandele.log - DEBUG - Date logic check passed
2024-10-20 23:29:34,898 - INV-100_Agrani Kandele.log - DEBUG - Calculated total amount: 1284.23, expected: 1284.0
2024-10-20 23:29:34,898 - INV-100_Agrani Kandele.log - DEBUG - Total amount consistency check passed
2024-10-20 23:29:34,898 - INV-100_Agrani Kandele.log - DEBUG - Valid tax percentage count: 3
2024-10-20 23:29:34,898 - INV-100_Agrani Kandele.log - DEBUG - Valid quantity count: 3
2024-10-20 23:29:34,898 - INV-100_Agrani Kandele.log - INFO - Final confidence score: 1.0
