2024-10-20 23:29:34,972 - INV-123_Asit - DEBUG - Logger initialized and logging to file.
2024-10-20 23:29:34,972 - INV-123_Asit - INFO - Initializing PDF reader for file: Jan to Mar/INV-123_Asit.pdf
2024-10-20 23:29:34,973 - INV-123_Asit - INFO - PDF reader initialized successfully.
2024-10-20 23:29:34,973 - INV-123_Asit - INFO - PDF contains only 1 page, Extracting data from PDF...
2024-10-20 23:29:34,991 - INV-123_Asit - DEBUG - TA X  I N V O I C E O R I G I N A L  F O R  R E C I P I E N T 
UNCUE DERMACARE PRIVATE LIMITED
GSTIN 23AADCU2395N1ZY     
C/o KARUNA GUPTA KURELE, 1st Floor
S.P Bungalow Ke Pichhe, Shoagpur Shahdol, Shahdol
Shahdol, MADHYA PRADESH, 484001
Mobile +91 8585960963   Email ruhi@dermaq.in
Invoice #: INV-123 Invoice Date: 08 Feb 2024 Due Date: 08 Feb 2024
Customer Details:
Asit
Place of Supply: 
23-MADHYA PRADESH
#Item Rate / Item QtyTaxable ValueTax AmountAmount
1Arachitol Nano (60k) 4*5ml  299.58
340.43 (-12%)3 BTL898.73107.85 (12%)1,006.58
2Neurobion Forte - 30 tablets   30.58
34.75 (-12%)3 STRP91.7316.51 (18%)108.24
Taxable Amount ₹990.46
CGST 6.0% ₹53.92
SGST 6.0% ₹53.92
CGST 9.0% ₹8.26
SGST 9.0% ₹8.26
Round Off 0.18
Total₹1,115.00
Total Discount ₹152.02
Total Items / Qty : 2 / 6.000 Total amount (in words):  INR One Thousand, One Hundred And Fifteen Rupees Only .
Amount Paid
Pay using UPI: 
Bank Details:
Bank:Kotak Mahindra Bank
Account #: 1146860541
IFSC Code: kkbk0000725
Branch: PUNE - CHINCHWAD
UnCue Dermacare Pvt LtdFor UNCUE DERMACARE PRIVATE LIMITED  
Authorized Signatory 
Swipe | Simple Invoicing, Billing and Payments | Visit getswipe.in
Page 1 / 1 This is a computer generated document and requires no signature.Powered By

2024-10-20 23:29:34,991 - INV-123_Asit - INFO - Extracted basic data from PDF
2024-10-20 23:29:34,991 - INV-123_Asit - DEBUG - Invoice Number: INV-123
2024-10-20 23:29:34,991 - INV-123_Asit - DEBUG - Invoice Date: 08 Feb 2024
2024-10-20 23:29:34,991 - INV-123_Asit - DEBUG - Due Date: 08 Feb 2024
2024-10-20 23:29:34,991 - INV-123_Asit - DEBUG - GSTIN: 23AADCU2395N1ZY
2024-10-20 23:29:34,991 - INV-123_Asit - DEBUG - Total Amount: ₹1115.0
2024-10-20 23:29:34,991 - INV-123_Asit - DEBUG - Place of Supply: 23-MADHYA PRADESH
2024-10-20 23:29:34,991 - INV-123_Asit - DEBUG - 1Arachitol Nano (60k) 4*5ml  299.58
340.43 (-12%)3 BTL898.73107.85 (12%)1,006.58
2Neurobion Forte - 30 tablets   30.58
34.75 (-12%)3 STRP91.7316.51 (18%)108.24
2024-10-20 23:29:34,991 - INV-123_Asit - INFO - Extracting data from list of items purchased...
2024-10-20 23:29:34,991 - INV-123_Asit - DEBUG - Arachitol Nano (60k) 4*5ml  299.58 340.43 (-12%)3 BTL898.73107.85 (12%)1,006.58
2024-10-20 23:29:34,991 - INV-123_Asit - DEBUG - Amount:1,006.58
2024-10-20 23:29:34,991 - INV-123_Asit - DEBUG - Tax Pecentage:12.0
2024-10-20 23:29:34,991 - INV-123_Asit - DEBUG - Tax Amount:107.85
2024-10-20 23:29:34,991 - INV-123_Asit - DEBUG - Taxable Value:898.73
2024-10-20 23:29:34,991 - INV-123_Asit - DEBUG - Quantity:3 BTL
2024-10-20 23:29:34,991 - INV-123_Asit - DEBUG - Discount:-12%
2024-10-20 23:29:34,991 - INV-123_Asit - DEBUG - Cost Price:340.43
2024-10-20 23:29:34,991 - INV-123_Asit - DEBUG - Rate:299.58
2024-10-20 23:29:34,991 - INV-123_Asit - DEBUG - Item:Arachitol Nano (60k) 4*5ml
2024-10-20 23:29:34,991 - INV-123_Asit - DEBUG - SGST Amount:53.925
2024-10-20 23:29:34,991 - INV-123_Asit - DEBUG - CGST Amount:53.925
2024-10-20 23:29:34,991 - INV-123_Asit - DEBUG - IGST Amount:None
2024-10-20 23:29:34,991 - INV-123_Asit - DEBUG - SGST Rate:12.0
2024-10-20 23:29:34,991 - INV-123_Asit - DEBUG - CGST Rate:12.0
2024-10-20 23:29:34,991 - INV-123_Asit - DEBUG - IGST Rate:None
2024-10-20 23:29:34,991 - INV-123_Asit - DEBUG - --------------------------
2024-10-20 23:29:34,991 - INV-123_Asit - DEBUG - Neurobion Forte - 30 tablets   30.58 34.75 (-12%)3 STRP91.7316.51 (18%)108.24
2024-10-20 23:29:34,991 - INV-123_Asit - DEBUG - Amount:108.24
2024-10-20 23:29:34,991 - INV-123_Asit - DEBUG - Tax Pecentage:18.0
2024-10-20 23:29:34,991 - INV-123_Asit - DEBUG - Tax Amount:16.51
2024-10-20 23:29:34,991 - INV-123_Asit - DEBUG - Taxable Value:91.73
2024-10-20 23:29:34,991 - INV-123_Asit - DEBUG - Quantity:3 STRP
2024-10-20 23:29:34,991 - INV-123_Asit - DEBUG - Discount:-12%
2024-10-20 23:29:34,991 - INV-123_Asit - DEBUG - Cost Price:34.75
2024-10-20 23:29:34,991 - INV-123_Asit - DEBUG - Rate:30.58
2024-10-20 23:29:34,991 - INV-123_Asit - DEBUG - Item:Neurobion Forte - 30 tablets
2024-10-20 23:29:34,991 - INV-123_Asit - DEBUG - SGST Amount:8.255
2024-10-20 23:29:34,991 - INV-123_Asit - DEBUG - CGST Amount:8.255
2024-10-20 23:29:34,991 - INV-123_Asit - DEBUG - IGST Amount:None
2024-10-20 23:29:34,991 - INV-123_Asit - DEBUG - SGST Rate:18.0
2024-10-20 23:29:34,991 - INV-123_Asit - DEBUG - CGST Rate:18.0
2024-10-20 23:29:34,991 - INV-123_Asit - DEBUG - IGST Rate:None
2024-10-20 23:29:34,991 - INV-123_Asit - DEBUG - --------------------------
2024-10-20 23:29:34,991 - INV-123_Asit - INFO - Extracted data from list of items purchased.
2024-10-20 23:29:34,991 - INV-123_Asit.log - DEBUG - Checking invoice number: INV-123
2024-10-20 23:29:34,991 - INV-123_Asit.log - DEBUG - Invoice number passed pattern check
2024-10-20 23:29:34,991 - INV-123_Asit.log - DEBUG - Parsed invoice date: 2024-02-08 00:00:00
2024-10-20 23:29:34,991 - INV-123_Asit.log - DEBUG - Parsed due date: 2024-02-08 00:00:00
2024-10-20 23:29:34,991 - INV-123_Asit.log - DEBUG - Invoice date check passed
2024-10-20 23:29:34,991 - INV-123_Asit.log - DEBUG - Due date check passed
2024-10-20 23:29:34,991 - INV-123_Asit.log - DEBUG - Date logic check passed
2024-10-20 23:29:34,991 - INV-123_Asit.log - DEBUG - Calculated total amount: 1114.82, expected: 1115.0
2024-10-20 23:29:34,991 - INV-123_Asit.log - DEBUG - Total amount consistency check passed
2024-10-20 23:29:34,991 - INV-123_Asit.log - DEBUG - Valid tax percentage count: 2
2024-10-20 23:29:34,991 - INV-123_Asit.log - DEBUG - Valid quantity count: 2
2024-10-20 23:29:34,991 - INV-123_Asit.log - INFO - Final confidence score: 1.0
