2024-10-20 23:29:35,278 - INV-150_Bhusan Naresh - DEBUG - Logger initialized and logging to file.
2024-10-20 23:29:35,278 - INV-150_Bhusan Naresh - INFO - Initializing PDF reader for file: Jan to Mar/INV-150_Bhusan Naresh.pdf
2024-10-20 23:29:35,278 - INV-150_Bhusan Naresh - INFO - PDF reader initialized successfully.
2024-10-20 23:29:35,279 - INV-150_Bhusan Naresh - INFO - PDF contains only 1 page, Extracting data from PDF...
2024-10-20 23:29:35,293 - INV-150_Bhusan Naresh - DEBUG - TA X  I N V O I C E O R I G I N A L  F O R  R E C I P I E N T 
UNCUE DERMACARE PRIVATE LIMITED
GSTIN 23AADCU2395N1ZY     
C/o KARUNA GUPTA KURELE, 1st Floor
S.P Bungalow Ke Pichhe, Shoagpur Shahdol, Shahdol
Shahdol, MADHYA PRADESH, 484001
Mobile +91 8585960963   Email ruhi@dermaq.in
Invoice #: INV-150 Invoice Date: 22 Mar 2024 Due Date: 01 Apr 2024
Customer Details:
Bhusan Naresh
Place of Supply: 
23-MADHYA PRADESH
#Item Rate / Item QtyTaxable ValueTax AmountAmount
1Ahaglow Advanced Skin Rejuvenating 
Face Wash Gel - 100 gm  394.51
448.31 (-12%)1 PAC394.5171.01 (18%)465.52
Taxable Amount ₹394.51
CGST 9.0% ₹35.51
SGST 9.0% ₹35.51
Round Off 0.48
Total ₹466.00
Total Discount ₹63.48
Total Items / Qty : 1 / 1.000 Total amount (in words):  INR Four Hundred And Sixty-Six Rupees Only .
Amount Paid
Pay using UPI: 
Bank Details:
Bank:Kotak Mahindra Bank
Account #: 1146860541
IFSC Code: kkbk0000725
Branch: PUNE - CHINCHWAD
UnCue Dermacare Pvt LtdFor UNCUE DERMACARE PRIVATE LIMITED  
Authorized Signatory 
Swipe | Simple Invoicing, Billing and Payments | Visit getswipe.in
Page 1 / 1 This is a computer generated document and requires no signature.Powered By

2024-10-20 23:29:35,293 - INV-150_Bhusan Naresh - INFO - Extracted basic data from PDF
2024-10-20 23:29:35,293 - INV-150_Bhusan Naresh - DEBUG - Invoice Number: INV-150
2024-10-20 23:29:35,293 - INV-150_Bhusan Naresh - DEBUG - Invoice Date: 22 Mar 2024
2024-10-20 23:29:35,293 - INV-150_Bhusan Naresh - DEBUG - Due Date: 01 Apr 2024
2024-10-20 23:29:35,293 - INV-150_Bhusan Naresh - DEBUG - GSTIN: 23AADCU2395N1ZY
2024-10-20 23:29:35,293 - INV-150_Bhusan Naresh - DEBUG - Total Amount: ₹466.0
2024-10-20 23:29:35,293 - INV-150_Bhusan Naresh - DEBUG - Place of Supply: 23-MADHYA PRADESH
2024-10-20 23:29:35,293 - INV-150_Bhusan Naresh - DEBUG - 1Ahaglow Advanced Skin Rejuvenating 
Face Wash Gel - 100 gm  394.51
448.31 (-12%)1 PAC394.5171.01 (18%)465.52
2024-10-20 23:29:35,293 - INV-150_Bhusan Naresh - INFO - Extracting data from list of items purchased...
2024-10-20 23:29:35,293 - INV-150_Bhusan Naresh - DEBUG - Ahaglow Advanced Skin Rejuvenating  Face Wash Gel - 100 gm  394.51 448.31 (-12%)1 PAC394.5171.01 (18%)465.52
2024-10-20 23:29:35,294 - INV-150_Bhusan Naresh - DEBUG - Amount:465.52
2024-10-20 23:29:35,294 - INV-150_Bhusan Naresh - DEBUG - Tax Pecentage:18.0
2024-10-20 23:29:35,294 - INV-150_Bhusan Naresh - DEBUG - Tax Amount:71.01
2024-10-20 23:29:35,294 - INV-150_Bhusan Naresh - DEBUG - Taxable Value:394.51
2024-10-20 23:29:35,294 - INV-150_Bhusan Naresh - DEBUG - Quantity:1 PAC
2024-10-20 23:29:35,294 - INV-150_Bhusan Naresh - DEBUG - Discount:-12%
2024-10-20 23:29:35,294 - INV-150_Bhusan Naresh - DEBUG - Cost Price:448.31
2024-10-20 23:29:35,294 - INV-150_Bhusan Naresh - DEBUG - Rate:394.51
2024-10-20 23:29:35,294 - INV-150_Bhusan Naresh - DEBUG - Item:Ahaglow Advanced Skin Rejuvenating  Face Wash Gel - 100 gm
2024-10-20 23:29:35,294 - INV-150_Bhusan Naresh - DEBUG - SGST Amount:35.505
2024-10-20 23:29:35,294 - INV-150_Bhusan Naresh - DEBUG - CGST Amount:35.505
2024-10-20 23:29:35,294 - INV-150_Bhusan Naresh - DEBUG - IGST Amount:None
2024-10-20 23:29:35,294 - INV-150_Bhusan Naresh - DEBUG - SGST Rate:18.0
2024-10-20 23:29:35,294 - INV-150_Bhusan Naresh - DEBUG - CGST Rate:18.0
2024-10-20 23:29:35,294 - INV-150_Bhusan Naresh - DEBUG - IGST Rate:None
2024-10-20 23:29:35,294 - INV-150_Bhusan Naresh - DEBUG - --------------------------
2024-10-20 23:29:35,294 - INV-150_Bhusan Naresh - INFO - Extracted data from list of items purchased.
2024-10-20 23:29:35,294 - INV-150_Bhusan Naresh.log - DEBUG - Checking invoice number: INV-150
2024-10-20 23:29:35,294 - INV-150_Bhusan Naresh.log - DEBUG - Invoice number passed pattern check
2024-10-20 23:29:35,294 - INV-150_Bhusan Naresh.log - DEBUG - Parsed invoice date: 2024-03-22 00:00:00
2024-10-20 23:29:35,294 - INV-150_Bhusan Naresh.log - DEBUG - Parsed due date: 2024-04-01 00:00:00
2024-10-20 23:29:35,294 - INV-150_Bhusan Naresh.log - DEBUG - Invoice date check passed
2024-10-20 23:29:35,294 - INV-150_Bhusan Naresh.log - DEBUG - Due date check passed
2024-10-20 23:29:35,294 - INV-150_Bhusan Naresh.log - DEBUG - Date logic check passed
2024-10-20 23:29:35,294 - INV-150_Bhusan Naresh.log - DEBUG - Calculated total amount: 465.52, expected: 466.0
2024-10-20 23:29:35,294 - INV-150_Bhusan Naresh.log - DEBUG - Total amount consistency check passed
2024-10-20 23:29:35,294 - INV-150_Bhusan Naresh.log - DEBUG - Valid tax percentage count: 1
2024-10-20 23:29:35,294 - INV-150_Bhusan Naresh.log - DEBUG - Valid quantity count: 1
2024-10-20 23:29:35,294 - INV-150_Bhusan Naresh.log - INFO - Final confidence score: 1.0
