2024-10-20 23:29:34,898 - INV-149_Karishma Bande - DEBUG - Logger initialized and logging to file.
2024-10-20 23:29:34,898 - INV-149_Karishma Bande - INFO - Initializing PDF reader for file: Jan to Mar/INV-149_Karishma Bande.pdf
2024-10-20 23:29:34,898 - INV-149_Karishma Bande - INFO - PDF reader initialized successfully.
2024-10-20 23:29:34,898 - INV-149_Karishma Bande - INFO - PDF contains only 1 page, Extracting data from PDF...
2024-10-20 23:29:34,913 - INV-149_Karishma Bande - DEBUG - TA X  I N V O I C E O R I G I N A L  F O R  R E C I P I E N T 
UNCUE DERMACARE PRIVATE LIMITED
GSTIN 23AADCU2395N1ZY     
C/o KARUNA GUPTA KURELE, 1st Floor
S.P Bungalow Ke Pichhe, Shoagpur Shahdol, Shahdol
Shahdol, MADHYA PRADESH, 484001
Mobile +91 8585960963   Email ruhi@dermaq.in
Invoice #: INV-149 Invoice Date: 22 Mar 2024 Due Date: 01 Apr 2024
Customer Details:
Karishma Bande
Ph: 8956804380
Place of Supply: 
23-MADHYA PRADESH
#Item Rate / Item QtyTaxable ValueTax AmountAmount
1Excela Moisturiser - 50 gm  370.64
421.19 (-12%)1 BTL370.6466.72 (18%)437.36
Taxable Amount ₹370.64
CGST 9.0% ₹33.36
SGST 9.0% ₹33.36
Round Off -0.36
Total ₹437.00
Total Discount ₹59.64
Total Items / Qty : 1 / 1.000 Total amount (in words):  INR Four Hundred And Thirty-Seven Rupees Only .
Amount Paid
Pay using UPI: 
Bank Details:
Bank:Kotak Mahindra Bank
Account #: 1146860541
IFSC Code: kkbk0000725
Branch: PUNE - CHINCHWAD
UnCue Dermacare Pvt LtdFor UNCUE DERMACARE PRIVATE LIMITED  
Authorized Signatory 
Swipe | Simple Invoicing, Billing and Payments | Visit getswipe.in
Page 1 / 1 This is a computer generated document and requires no signature.Powered By

2024-10-20 23:29:34,913 - INV-149_Karishma Bande - INFO - Extracted basic data from PDF
2024-10-20 23:29:34,913 - INV-149_Karishma Bande - DEBUG - Invoice Number: INV-149
2024-10-20 23:29:34,913 - INV-149_Karishma Bande - DEBUG - Invoice Date: 22 Mar 2024
2024-10-20 23:29:34,914 - INV-149_Karishma Bande - DEBUG - Due Date: 01 Apr 2024
2024-10-20 23:29:34,914 - INV-149_Karishma Bande - DEBUG - GSTIN: 23AADCU2395N1ZY
2024-10-20 23:29:34,914 - INV-149_Karishma Bande - DEBUG - Total Amount: ₹437.0
2024-10-20 23:29:34,914 - INV-149_Karishma Bande - DEBUG - Place of Supply: 23-MADHYA PRADESH
2024-10-20 23:29:34,914 - INV-149_Karishma Bande - DEBUG - 1Excela Moisturiser - 50 gm  370.64
421.19 (-12%)1 BTL370.6466.72 (18%)437.36
2024-10-20 23:29:34,914 - INV-149_Karishma Bande - INFO - Extracting data from list of items purchased...
2024-10-20 23:29:34,914 - INV-149_Karishma Bande - DEBUG - Excela Moisturiser - 50 gm  370.64 421.19 (-12%)1 BTL370.6466.72 (18%)437.36
2024-10-20 23:29:34,914 - INV-149_Karishma Bande - DEBUG - Amount:437.36
2024-10-20 23:29:34,914 - INV-149_Karishma Bande - DEBUG - Tax Pecentage:18.0
2024-10-20 23:29:34,914 - INV-149_Karishma Bande - DEBUG - Tax Amount:66.72
2024-10-20 23:29:34,914 - INV-149_Karishma Bande - DEBUG - Taxable Value:370.64
2024-10-20 23:29:34,914 - INV-149_Karishma Bande - DEBUG - Quantity:1 BTL
2024-10-20 23:29:34,914 - INV-149_Karishma Bande - DEBUG - Discount:-12%
2024-10-20 23:29:34,914 - INV-149_Karishma Bande - DEBUG - Cost Price:421.19
2024-10-20 23:29:34,914 - INV-149_Karishma Bande - DEBUG - Rate:370.64
2024-10-20 23:29:34,914 - INV-149_Karishma Bande - DEBUG - Item:Excela Moisturiser - 50 gm
2024-10-20 23:29:34,914 - INV-149_Karishma Bande - DEBUG - SGST Amount:33.36
2024-10-20 23:29:34,914 - INV-149_Karishma Bande - DEBUG - CGST Amount:33.36
2024-10-20 23:29:34,914 - INV-149_Karishma Bande - DEBUG - IGST Amount:None
2024-10-20 23:29:34,914 - INV-149_Karishma Bande - DEBUG - SGST Rate:18.0
2024-10-20 23:29:34,914 - INV-149_Karishma Bande - DEBUG - CGST Rate:18.0
2024-10-20 23:29:34,914 - INV-149_Karishma Bande - DEBUG - IGST Rate:None
2024-10-20 23:29:34,914 - INV-149_Karishma Bande - DEBUG - --------------------------
2024-10-20 23:29:34,914 - INV-149_Karishma Bande - INFO - Extracted data from list of items purchased.
2024-10-20 23:29:34,914 - INV-149_Karishma Bande.log - DEBUG - Checking invoice number: INV-149
2024-10-20 23:29:34,914 - INV-149_Karishma Bande.log - DEBUG - Invoice number passed pattern check
2024-10-20 23:29:34,914 - INV-149_Karishma Bande.log - DEBUG - Parsed invoice date: 2024-03-22 00:00:00
2024-10-20 23:29:34,914 - INV-149_Karishma Bande.log - DEBUG - Parsed due date: 2024-04-01 00:00:00
2024-10-20 23:29:34,914 - INV-149_Karishma Bande.log - DEBUG - Invoice date check passed
2024-10-20 23:29:34,914 - INV-149_Karishma Bande.log - DEBUG - Due date check passed
2024-10-20 23:29:34,914 - INV-149_Karishma Bande.log - DEBUG - Date logic check passed
2024-10-20 23:29:34,914 - INV-149_Karishma Bande.log - DEBUG - Calculated total amount: 437.36, expected: 437.0
2024-10-20 23:29:34,914 - INV-149_Karishma Bande.log - DEBUG - Total amount consistency check passed
2024-10-20 23:29:34,914 - INV-149_Karishma Bande.log - DEBUG - Valid tax percentage count: 1
2024-10-20 23:29:34,914 - INV-149_Karishma Bande.log - DEBUG - Valid quantity count: 1
2024-10-20 23:29:34,914 - INV-149_Karishma Bande.log - INFO - Final confidence score: 1.0
