2024-10-20 23:29:34,991 - INV-135_Mohith Saragur - DEBUG - Logger initialized and logging to file.
2024-10-20 23:29:34,991 - INV-135_Mohith Saragur - INFO - Initializing PDF reader for file: Jan to Mar/INV-135_Mohith Saragur.pdf
2024-10-20 23:29:34,992 - INV-135_Mohith Saragur - INFO - PDF reader initialized successfully.
2024-10-20 23:29:34,992 - INV-135_Mohith Saragur - INFO - PDF contains only 1 page, Extracting data from PDF...
2024-10-20 23:29:35,011 - INV-135_Mohith Saragur - DEBUG - TA X  I N V O I C E O R I G I N A L  F O R  R E C I P I E N T 
UNCUE DERMACARE PRIVATE LIMITED
GSTIN 23AADCU2395N1ZY     
C/o KARUNA GUPTA KURELE, 1st Floor
S.P Bungalow Ke Pichhe, Shoagpur Shahdol, Shahdol
Shahdol, MADHYA PRADESH, 484001
Mobile +91 8585960963   Email ruhi@dermaq.in
Invoice #: INV-135 Invoice Date: 01 Mar 2024 Due Date: 01 Mar 2024
Customer Details:
Mohith Saragur
Place of Supply: 
23-MADHYA PRADESH
#Item Rate / Item QtyTaxable ValueTax AmountAmount
1Tab flucon 400mg  22.58
28.23 (-20%)3 STRP67.7512.19 (18%)79.94
2Lupizol ZS Shampoo 100 ml  369.91
420.36 (-12%)1 BTL369.9144.39 (12%)414.30
3Anaboom AD Lotion - 50 ml  253.56
288.14 (-12%)1 BTL253.5645.64 (18%)299.20
Taxable Amount ₹691.22
CGST 6.0% ₹22.19
SGST 6.0% ₹22.19
CGST 9.0% ₹28.92
SGST 9.0% ₹28.92
Round Off -0.45
Total ₹793.00
Total Discount ₹117.28
Total Items / Qty : 3 / 5.000 Total amount (in words):  INR Seven Hundred And Ninety-Three Rupees Only .
Amount Paid
Pay using UPI: 
Bank Details:
Bank:Kotak Mahindra Bank
Account #: 1146860541
IFSC Code: kkbk0000725
Branch: PUNE - CHINCHWAD
UnCue Dermacare Pvt LtdFor UNCUE DERMACARE PRIVATE LIMITED  
Authorized Signatory 
Swipe | Simple Invoicing, Billing and Payments | Visit getswipe.in
Page 1 / 1 This is a computer generated document and requires no signature.Powered By

2024-10-20 23:29:35,011 - INV-135_Mohith Saragur - INFO - Extracted basic data from PDF
2024-10-20 23:29:35,011 - INV-135_Mohith Saragur - DEBUG - Invoice Number: INV-135
2024-10-20 23:29:35,011 - INV-135_Mohith Saragur - DEBUG - Invoice Date: 01 Mar 2024
2024-10-20 23:29:35,011 - INV-135_Mohith Saragur - DEBUG - Due Date: 01 Mar 2024
2024-10-20 23:29:35,011 - INV-135_Mohith Saragur - DEBUG - GSTIN: 23AADCU2395N1ZY
2024-10-20 23:29:35,011 - INV-135_Mohith Saragur - DEBUG - Total Amount: ₹793.0
2024-10-20 23:29:35,011 - INV-135_Mohith Saragur - DEBUG - Place of Supply: 23-MADHYA PRADESH
2024-10-20 23:29:35,011 - INV-135_Mohith Saragur - DEBUG - 1Tab flucon 400mg  22.58
28.23 (-20%)3 STRP67.7512.19 (18%)79.94
2Lupizol ZS Shampoo 100 ml  369.91
420.36 (-12%)1 BTL369.9144.39 (12%)414.30
3Anaboom AD Lotion - 50 ml  253.56
288.14 (-12%)1 BTL253.5645.64 (18%)299.20
2024-10-20 23:29:35,011 - INV-135_Mohith Saragur - INFO - Extracting data from list of items purchased...
2024-10-20 23:29:35,011 - INV-135_Mohith Saragur - DEBUG - Tab flucon 400mg  22.58 28.23 (-20%)3 STRP67.7512.19 (18%)79.94
2024-10-20 23:29:35,011 - INV-135_Mohith Saragur - DEBUG - Amount:79.94
2024-10-20 23:29:35,011 - INV-135_Mohith Saragur - DEBUG - Tax Pecentage:18.0
2024-10-20 23:29:35,011 - INV-135_Mohith Saragur - DEBUG - Tax Amount:12.19
2024-10-20 23:29:35,011 - INV-135_Mohith Saragur - DEBUG - Taxable Value:67.75
2024-10-20 23:29:35,011 - INV-135_Mohith Saragur - DEBUG - Quantity:3 STRP
2024-10-20 23:29:35,011 - INV-135_Mohith Saragur - DEBUG - Discount:-20%
2024-10-20 23:29:35,011 - INV-135_Mohith Saragur - DEBUG - Cost Price:28.23
2024-10-20 23:29:35,011 - INV-135_Mohith Saragur - DEBUG - Rate:22.58
2024-10-20 23:29:35,011 - INV-135_Mohith Saragur - DEBUG - Item:Tab flucon 400mg
2024-10-20 23:29:35,011 - INV-135_Mohith Saragur - DEBUG - SGST Amount:6.095
2024-10-20 23:29:35,011 - INV-135_Mohith Saragur - DEBUG - CGST Amount:6.095
2024-10-20 23:29:35,011 - INV-135_Mohith Saragur - DEBUG - IGST Amount:None
2024-10-20 23:29:35,011 - INV-135_Mohith Saragur - DEBUG - SGST Rate:18.0
2024-10-20 23:29:35,011 - INV-135_Mohith Saragur - DEBUG - CGST Rate:18.0
2024-10-20 23:29:35,011 - INV-135_Mohith Saragur - DEBUG - IGST Rate:None
2024-10-20 23:29:35,011 - INV-135_Mohith Saragur - DEBUG - --------------------------
2024-10-20 23:29:35,011 - INV-135_Mohith Saragur - DEBUG - Lupizol ZS Shampoo 100 ml  369.91 420.36 (-12%)1 BTL369.9144.39 (12%)414.30
2024-10-20 23:29:35,011 - INV-135_Mohith Saragur - DEBUG - Amount:414.30
2024-10-20 23:29:35,011 - INV-135_Mohith Saragur - DEBUG - Tax Pecentage:12.0
2024-10-20 23:29:35,011 - INV-135_Mohith Saragur - DEBUG - Tax Amount:44.39
2024-10-20 23:29:35,011 - INV-135_Mohith Saragur - DEBUG - Taxable Value:369.91
2024-10-20 23:29:35,011 - INV-135_Mohith Saragur - DEBUG - Quantity:1 BTL
2024-10-20 23:29:35,011 - INV-135_Mohith Saragur - DEBUG - Discount:-12%
2024-10-20 23:29:35,011 - INV-135_Mohith Saragur - DEBUG - Cost Price:420.36
2024-10-20 23:29:35,011 - INV-135_Mohith Saragur - DEBUG - Rate:369.91
2024-10-20 23:29:35,011 - INV-135_Mohith Saragur - DEBUG - Item:Lupizol ZS Shampoo 100 ml
2024-10-20 23:29:35,011 - INV-135_Mohith Saragur - DEBUG - SGST Amount:22.195
2024-10-20 23:29:35,011 - INV-135_Mohith Saragur - DEBUG - CGST Amount:22.195
2024-10-20 23:29:35,011 - INV-135_Mohith Saragur - DEBUG - IGST Amount:None
2024-10-20 23:29:35,011 - INV-135_Mohith Saragur - DEBUG - SGST Rate:12.0
2024-10-20 23:29:35,011 - INV-135_Mohith Saragur - DEBUG - CGST Rate:12.0
2024-10-20 23:29:35,011 - INV-135_Mohith Saragur - DEBUG - IGST Rate:None
2024-10-20 23:29:35,011 - INV-135_Mohith Saragur - DEBUG - --------------------------
2024-10-20 23:29:35,011 - INV-135_Mohith Saragur - DEBUG - Anaboom AD Lotion - 50 ml  253.56 288.14 (-12%)1 BTL253.5645.64 (18%)299.20
2024-10-20 23:29:35,012 - INV-135_Mohith Saragur - DEBUG - Amount:299.20
2024-10-20 23:29:35,012 - INV-135_Mohith Saragur - DEBUG - Tax Pecentage:18.0
2024-10-20 23:29:35,012 - INV-135_Mohith Saragur - DEBUG - Tax Amount:45.64
2024-10-20 23:29:35,012 - INV-135_Mohith Saragur - DEBUG - Taxable Value:253.56
2024-10-20 23:29:35,012 - INV-135_Mohith Saragur - DEBUG - Quantity:1 BTL
2024-10-20 23:29:35,012 - INV-135_Mohith Saragur - DEBUG - Discount:-12%
2024-10-20 23:29:35,012 - INV-135_Mohith Saragur - DEBUG - Cost Price:288.14
2024-10-20 23:29:35,012 - INV-135_Mohith Saragur - DEBUG - Rate:253.56
2024-10-20 23:29:35,012 - INV-135_Mohith Saragur - DEBUG - Item:Anaboom AD Lotion - 50 ml
2024-10-20 23:29:35,012 - INV-135_Mohith Saragur - DEBUG - SGST Amount:22.82
2024-10-20 23:29:35,012 - INV-135_Mohith Saragur - DEBUG - CGST Amount:22.82
2024-10-20 23:29:35,012 - INV-135_Mohith Saragur - DEBUG - IGST Amount:None
2024-10-20 23:29:35,012 - INV-135_Mohith Saragur - DEBUG - SGST Rate:18.0
2024-10-20 23:29:35,012 - INV-135_Mohith Saragur - DEBUG - CGST Rate:18.0
2024-10-20 23:29:35,012 - INV-135_Mohith Saragur - DEBUG - IGST Rate:None
2024-10-20 23:29:35,012 - INV-135_Mohith Saragur - DEBUG - --------------------------
2024-10-20 23:29:35,012 - INV-135_Mohith Saragur - INFO - Extracted data from list of items purchased.
2024-10-20 23:29:35,012 - INV-135_Mohith Saragur.log - DEBUG - Checking invoice number: INV-135
2024-10-20 23:29:35,012 - INV-135_Mohith Saragur.log - DEBUG - Invoice number passed pattern check
2024-10-20 23:29:35,012 - INV-135_Mohith Saragur.log - DEBUG - Parsed invoice date: 2024-03-01 00:00:00
2024-10-20 23:29:35,012 - INV-135_Mohith Saragur.log - DEBUG - Parsed due date: 2024-03-01 00:00:00
2024-10-20 23:29:35,012 - INV-135_Mohith Saragur.log - DEBUG - Invoice date check passed
2024-10-20 23:29:35,012 - INV-135_Mohith Saragur.log - DEBUG - Due date check passed
2024-10-20 23:29:35,012 - INV-135_Mohith Saragur.log - DEBUG - Date logic check passed
2024-10-20 23:29:35,012 - INV-135_Mohith Saragur.log - DEBUG - Calculated total amount: 793.44, expected: 793.0
2024-10-20 23:29:35,012 - INV-135_Mohith Saragur.log - DEBUG - Total amount consistency check passed
2024-10-20 23:29:35,012 - INV-135_Mohith Saragur.log - DEBUG - Valid tax percentage count: 3
2024-10-20 23:29:35,012 - INV-135_Mohith Saragur.log - DEBUG - Valid quantity count: 3
2024-10-20 23:29:35,012 - INV-135_Mohith Saragur.log - INFO - Final confidence score: 1.0
