2024-10-20 23:29:35,036 - INV-140_Ankit - DEBUG - Logger initialized and logging to file.
2024-10-20 23:29:35,036 - INV-140_Ankit - INFO - Initializing PDF reader for file: Jan to Mar/INV-140_Ankit.pdf
2024-10-20 23:29:35,036 - INV-140_Ankit - INFO - PDF reader initialized successfully.
2024-10-20 23:29:35,036 - INV-140_Ankit - INFO - PDF contains only 1 page, Extracting data from PDF...
2024-10-20 23:29:35,053 - INV-140_Ankit - DEBUG - TA X  I N V O I C E O R I G I N A L  F O R  R E C I P I E N T 
UNCUE DERMACARE PRIVATE LIMITED
GSTIN 23AADCU2395N1ZY     
C/o KARUNA GUPTA KURELE, 1st Floor
S.P Bungalow Ke Pichhe, Shoagpur Shahdol, Shahdol
Shahdol, MADHYA PRADESH, 484001
Mobile +91 8585960963   Email ruhi@dermaq.in
Invoice #: INV-140 Invoice Date: 06 Mar 2024 Due Date: 06 Mar 2024
Customer Details:
Ankit
Place of Supply: 
23-MADHYA PRADESH
#Item Rate / Item QtyTaxable ValueTax AmountAmount
1Keraglo Men Tablet - 30 tablets  477.97
597.46 (-20%)1 BTL477.9786.03 (18%)564.00
2Kera-FM 5% Topical Solution  521.39
651.74 (-20%)1 BTL521.3962.57 (12%)583.96
Taxable Amount ₹999.36
CGST 6.0% ₹31.28
SGST 6.0% ₹31.28
CGST 9.0% ₹43.02
SGST 9.0% ₹43.02
Round Off 0.04
Total₹1,148.00
Total Discount ₹286.99
Total Items / Qty : 2 / 2.000 Total amount (in words):  INR One Thousand, One Hundred And Forty-Eight Rupees Only .
Amount Paid
Pay using UPI: 
Bank Details:
Bank:Kotak Mahindra Bank
Account #: 1146860541
IFSC Code: kkbk0000725
Branch: PUNE - CHINCHWAD
UnCue Dermacare Pvt LtdFor UNCUE DERMACARE PRIVATE LIMITED  
Authorized Signatory 
Swipe | Simple Invoicing, Billing and Payments | Visit getswipe.in
Page 1 / 1 This is a computer generated document and requires no signature.Powered By

2024-10-20 23:29:35,053 - INV-140_Ankit - INFO - Extracted basic data from PDF
2024-10-20 23:29:35,053 - INV-140_Ankit - DEBUG - Invoice Number: INV-140
2024-10-20 23:29:35,053 - INV-140_Ankit - DEBUG - Invoice Date: 06 Mar 2024
2024-10-20 23:29:35,053 - INV-140_Ankit - DEBUG - Due Date: 06 Mar 2024
2024-10-20 23:29:35,053 - INV-140_Ankit - DEBUG - GSTIN: 23AADCU2395N1ZY
2024-10-20 23:29:35,053 - INV-140_Ankit - DEBUG - Total Amount: ₹1148.0
2024-10-20 23:29:35,053 - INV-140_Ankit - DEBUG - Place of Supply: 23-MADHYA PRADESH
2024-10-20 23:29:35,053 - INV-140_Ankit - DEBUG - 1Keraglo Men Tablet - 30 tablets  477.97
597.46 (-20%)1 BTL477.9786.03 (18%)564.00
2Kera-FM 5% Topical Solution  521.39
651.74 (-20%)1 BTL521.3962.57 (12%)583.96
2024-10-20 23:29:35,053 - INV-140_Ankit - INFO - Extracting data from list of items purchased...
2024-10-20 23:29:35,053 - INV-140_Ankit - DEBUG - Keraglo Men Tablet - 30 tablets  477.97 597.46 (-20%)1 BTL477.9786.03 (18%)564.00
2024-10-20 23:29:35,054 - INV-140_Ankit - DEBUG - Amount:564.00
2024-10-20 23:29:35,054 - INV-140_Ankit - DEBUG - Tax Pecentage:18.0
2024-10-20 23:29:35,054 - INV-140_Ankit - DEBUG - Tax Amount:86.03
2024-10-20 23:29:35,054 - INV-140_Ankit - DEBUG - Taxable Value:477.97
2024-10-20 23:29:35,054 - INV-140_Ankit - DEBUG - Quantity:1 BTL
2024-10-20 23:29:35,054 - INV-140_Ankit - DEBUG - Discount:-20%
2024-10-20 23:29:35,054 - INV-140_Ankit - DEBUG - Cost Price:597.46
2024-10-20 23:29:35,054 - INV-140_Ankit - DEBUG - Rate:477.97
2024-10-20 23:29:35,054 - INV-140_Ankit - DEBUG - Item:Keraglo Men Tablet - 30 tablets
2024-10-20 23:29:35,054 - INV-140_Ankit - DEBUG - SGST Amount:43.015
2024-10-20 23:29:35,054 - INV-140_Ankit - DEBUG - CGST Amount:43.015
2024-10-20 23:29:35,054 - INV-140_Ankit - DEBUG - IGST Amount:None
2024-10-20 23:29:35,054 - INV-140_Ankit - DEBUG - SGST Rate:18.0
2024-10-20 23:29:35,054 - INV-140_Ankit - DEBUG - CGST Rate:18.0
2024-10-20 23:29:35,054 - INV-140_Ankit - DEBUG - IGST Rate:None
2024-10-20 23:29:35,054 - INV-140_Ankit - DEBUG - --------------------------
2024-10-20 23:29:35,054 - INV-140_Ankit - DEBUG - Kera-FM 5% Topical Solution  521.39 651.74 (-20%)1 BTL521.3962.57 (12%)583.96
2024-10-20 23:29:35,054 - INV-140_Ankit - DEBUG - Amount:583.96
2024-10-20 23:29:35,054 - INV-140_Ankit - DEBUG - Tax Pecentage:12.0
2024-10-20 23:29:35,054 - INV-140_Ankit - DEBUG - Tax Amount:62.57
2024-10-20 23:29:35,054 - INV-140_Ankit - DEBUG - Taxable Value:521.39
2024-10-20 23:29:35,054 - INV-140_Ankit - DEBUG - Quantity:1 BTL
2024-10-20 23:29:35,054 - INV-140_Ankit - DEBUG - Discount:-20%
2024-10-20 23:29:35,054 - INV-140_Ankit - DEBUG - Cost Price:651.74
2024-10-20 23:29:35,054 - INV-140_Ankit - DEBUG - Rate:521.39
2024-10-20 23:29:35,054 - INV-140_Ankit - DEBUG - Item:Kera-FM 5% Topical Solution
2024-10-20 23:29:35,054 - INV-140_Ankit - DEBUG - SGST Amount:31.285
2024-10-20 23:29:35,054 - INV-140_Ankit - DEBUG - CGST Amount:31.285
2024-10-20 23:29:35,054 - INV-140_Ankit - DEBUG - IGST Amount:None
2024-10-20 23:29:35,054 - INV-140_Ankit - DEBUG - SGST Rate:12.0
2024-10-20 23:29:35,054 - INV-140_Ankit - DEBUG - CGST Rate:12.0
2024-10-20 23:29:35,054 - INV-140_Ankit - DEBUG - IGST Rate:None
2024-10-20 23:29:35,054 - INV-140_Ankit - DEBUG - --------------------------
2024-10-20 23:29:35,054 - INV-140_Ankit - INFO - Extracted data from list of items purchased.
2024-10-20 23:29:35,054 - INV-140_Ankit.log - DEBUG - Checking invoice number: INV-140
2024-10-20 23:29:35,054 - INV-140_Ankit.log - DEBUG - Invoice number passed pattern check
2024-10-20 23:29:35,054 - INV-140_Ankit.log - DEBUG - Parsed invoice date: 2024-03-06 00:00:00
2024-10-20 23:29:35,054 - INV-140_Ankit.log - DEBUG - Parsed due date: 2024-03-06 00:00:00
2024-10-20 23:29:35,054 - INV-140_Ankit.log - DEBUG - Invoice date check passed
2024-10-20 23:29:35,054 - INV-140_Ankit.log - DEBUG - Due date check passed
2024-10-20 23:29:35,054 - INV-140_Ankit.log - DEBUG - Date logic check passed
2024-10-20 23:29:35,054 - INV-140_Ankit.log - DEBUG - Calculated total amount: 1147.96, expected: 1148.0
2024-10-20 23:29:35,054 - INV-140_Ankit.log - DEBUG - Total amount consistency check passed
2024-10-20 23:29:35,054 - INV-140_Ankit.log - DEBUG - Valid tax percentage count: 2
2024-10-20 23:29:35,054 - INV-140_Ankit.log - DEBUG - Valid quantity count: 2
2024-10-20 23:29:35,054 - INV-140_Ankit.log - INFO - Final confidence score: 1.0
