2024-10-20 23:29:34,762 - INV-147_Divya Suhane - DEBUG - Logger initialized and logging to file.
2024-10-20 23:29:34,762 - INV-147_Divya Suhane - INFO - Initializing PDF reader for file: Jan to Mar/INV-147_Divya Suhane.pdf
2024-10-20 23:29:34,762 - INV-147_Divya Suhane - INFO - PDF reader initialized successfully.
2024-10-20 23:29:34,762 - INV-147_Divya Suhane - INFO - PDF contains only 1 page, Extracting data from PDF...
2024-10-20 23:29:34,785 - INV-147_Divya Suhane - DEBUG - TA X  I N V O I C E O R I G I N A L  F O R  R E C I P I E N T 
UNCUE DERMACARE PRIVATE LIMITED
GSTIN 23AADCU2395N1ZY     
C/o KARUNA GUPTA KURELE, 1st Floor
S.P Bungalow Ke Pichhe, Shoagpur Shahdol, Shahdol
Shahdol, MADHYA PRADESH, 484001
Mobile +91 8585960963   Email ruhi@dermaq.in
Invoice #: INV-147 Invoice Date: 29 Mar 2024 Due Date: 29 Mar 2024
Customer Details:
Divya Suhane
Ph: 6261616609
Place of Supply: 
23-MADHYA PRADESH
#Item Rate / Item QtyTaxable ValueTax AmountAmount
1Solasafe sunscreen gel spf 50  450.64
600.85 (-25%)1450.6481.11 (18%)531.75
2Trapic 500 TA - 10  163.09
185.33 (-12%)3 STRP489.2824.46 (5%)513.74
3Depiwhite Advanced Cream - 15 ml  495.93
563.56 (-12%)1 TUB495.9389.27 (18%)585.20
4Fixderma Shadow SPF 50+ Cream  410.17
466.10 (-12%)1 TUB410.1773.83 (18%)484.00
5Sortet F 16 mg - 10 cap  316.80
360.00 (-12%)6 STRP1,900.800.00 (0%)1,900.80
Taxable Amount ₹3,746.82
CGST 2.5% ₹12.23
SGST 2.5% ₹12.23
CGST 9.0% ₹122.11
SGST 9.0% ₹122.11
Round Off -0.49
Total₹4,015.00
Total Discount ₹652.31
Total Items / Qty : 5 / 12.000 Total amount (in words):  INR Four Thousand And Fifteen Rupees Only .
Amount Paid
Pay using UPI: 
Bank Details:
Bank:Kotak Mahindra Bank
Account #: 1146860541
IFSC Code: kkbk0000725
Branch: PUNE - CHINCHWAD
UnCue Dermacare Pvt LtdFor UNCUE DERMACARE PRIVATE LIMITED  
Authorized Signatory 
Swipe | Simple Invoicing, Billing and Payments | Visit getswipe.in
Page 1 / 1 This is a computer generated document and requires no signature.Powered By

2024-10-20 23:29:34,785 - INV-147_Divya Suhane - INFO - Extracted basic data from PDF
2024-10-20 23:29:34,785 - INV-147_Divya Suhane - DEBUG - Invoice Number: INV-147
2024-10-20 23:29:34,785 - INV-147_Divya Suhane - DEBUG - Invoice Date: 29 Mar 2024
2024-10-20 23:29:34,785 - INV-147_Divya Suhane - DEBUG - Due Date: 29 Mar 2024
2024-10-20 23:29:34,786 - INV-147_Divya Suhane - DEBUG - GSTIN: 23AADCU2395N1ZY
2024-10-20 23:29:34,786 - INV-147_Divya Suhane - DEBUG - Total Amount: ₹4015.0
2024-10-20 23:29:34,786 - INV-147_Divya Suhane - DEBUG - Place of Supply: 23-MADHYA PRADESH
2024-10-20 23:29:34,786 - INV-147_Divya Suhane - DEBUG - 1Solasafe sunscreen gel spf 50  450.64
600.85 (-25%)1450.6481.11 (18%)531.75
2Trapic 500 TA - 10  163.09
185.33 (-12%)3 STRP489.2824.46 (5%)513.74
3Depiwhite Advanced Cream - 15 ml  495.93
563.56 (-12%)1 TUB495.9389.27 (18%)585.20
4Fixderma Shadow SPF 50+ Cream  410.17
466.10 (-12%)1 TUB410.1773.83 (18%)484.00
5Sortet F 16 mg - 10 cap  316.80
360.00 (-12%)6 STRP1,900.800.00 (0%)1,900.80
2024-10-20 23:29:34,786 - INV-147_Divya Suhane - INFO - Extracting data from list of items purchased...
2024-10-20 23:29:34,786 - INV-147_Divya Suhane - DEBUG - Solasafe sunscreen gel spf 50  450.64 600.85 (-25%)1450.6481.11 (18%)531.75
2024-10-20 23:29:34,786 - INV-147_Divya Suhane - DEBUG - Amount:531.75
2024-10-20 23:29:34,786 - INV-147_Divya Suhane - DEBUG - Tax Pecentage:18.0
2024-10-20 23:29:34,786 - INV-147_Divya Suhane - DEBUG - Tax Amount:81.11
2024-10-20 23:29:34,786 - INV-147_Divya Suhane - DEBUG - Taxable Value:450.64
2024-10-20 23:29:34,786 - INV-147_Divya Suhane - DEBUG - Quantity:1
2024-10-20 23:29:34,786 - INV-147_Divya Suhane - DEBUG - Discount:-25%
2024-10-20 23:29:34,786 - INV-147_Divya Suhane - DEBUG - Cost Price:600.85
2024-10-20 23:29:34,786 - INV-147_Divya Suhane - DEBUG - Rate:450.64
2024-10-20 23:29:34,786 - INV-147_Divya Suhane - DEBUG - Item:Solasafe sunscreen gel spf 50
2024-10-20 23:29:34,786 - INV-147_Divya Suhane - DEBUG - SGST Amount:40.555
2024-10-20 23:29:34,786 - INV-147_Divya Suhane - DEBUG - CGST Amount:40.555
2024-10-20 23:29:34,786 - INV-147_Divya Suhane - DEBUG - IGST Amount:None
2024-10-20 23:29:34,786 - INV-147_Divya Suhane - DEBUG - SGST Rate:18.0
2024-10-20 23:29:34,786 - INV-147_Divya Suhane - DEBUG - CGST Rate:18.0
2024-10-20 23:29:34,786 - INV-147_Divya Suhane - DEBUG - IGST Rate:None
2024-10-20 23:29:34,786 - INV-147_Divya Suhane - DEBUG - --------------------------
2024-10-20 23:29:34,786 - INV-147_Divya Suhane - DEBUG - Trapic 500 TA - 10  163.09 185.33 (-12%)3 STRP489.2824.46 (5%)513.74
2024-10-20 23:29:34,787 - INV-147_Divya Suhane - DEBUG - Amount:513.74
2024-10-20 23:29:34,787 - INV-147_Divya Suhane - DEBUG - Tax Pecentage:5.0
2024-10-20 23:29:34,787 - INV-147_Divya Suhane - DEBUG - Tax Amount:24.46
2024-10-20 23:29:34,787 - INV-147_Divya Suhane - DEBUG - Taxable Value:489.28
2024-10-20 23:29:34,787 - INV-147_Divya Suhane - DEBUG - Quantity:3 STRP
2024-10-20 23:29:34,787 - INV-147_Divya Suhane - DEBUG - Discount:-12%
2024-10-20 23:29:34,787 - INV-147_Divya Suhane - DEBUG - Cost Price:185.33
2024-10-20 23:29:34,787 - INV-147_Divya Suhane - DEBUG - Rate:163.09
2024-10-20 23:29:34,787 - INV-147_Divya Suhane - DEBUG - Item:Trapic 500 TA - 10
2024-10-20 23:29:34,787 - INV-147_Divya Suhane - DEBUG - SGST Amount:12.23
2024-10-20 23:29:34,787 - INV-147_Divya Suhane - DEBUG - CGST Amount:12.23
2024-10-20 23:29:34,787 - INV-147_Divya Suhane - DEBUG - IGST Amount:None
2024-10-20 23:29:34,787 - INV-147_Divya Suhane - DEBUG - SGST Rate:5.0
2024-10-20 23:29:34,787 - INV-147_Divya Suhane - DEBUG - CGST Rate:5.0
2024-10-20 23:29:34,787 - INV-147_Divya Suhane - DEBUG - IGST Rate:None
2024-10-20 23:29:34,787 - INV-147_Divya Suhane - DEBUG - --------------------------
2024-10-20 23:29:34,787 - INV-147_Divya Suhane - DEBUG - Depiwhite Advanced Cream - 15 ml  495.93 563.56 (-12%)1 TUB495.9389.27 (18%)585.20
2024-10-20 23:29:34,787 - INV-147_Divya Suhane - DEBUG - Amount:585.20
2024-10-20 23:29:34,787 - INV-147_Divya Suhane - DEBUG - Tax Pecentage:18.0
2024-10-20 23:29:34,787 - INV-147_Divya Suhane - DEBUG - Tax Amount:89.27
2024-10-20 23:29:34,787 - INV-147_Divya Suhane - DEBUG - Taxable Value:495.93
2024-10-20 23:29:34,787 - INV-147_Divya Suhane - DEBUG - Quantity:1 TUB
2024-10-20 23:29:34,787 - INV-147_Divya Suhane - DEBUG - Discount:-12%
2024-10-20 23:29:34,787 - INV-147_Divya Suhane - DEBUG - Cost Price:563.56
2024-10-20 23:29:34,787 - INV-147_Divya Suhane - DEBUG - Rate:495.93
2024-10-20 23:29:34,787 - INV-147_Divya Suhane - DEBUG - Item:Depiwhite Advanced Cream - 15 ml
2024-10-20 23:29:34,787 - INV-147_Divya Suhane - DEBUG - SGST Amount:44.635
2024-10-20 23:29:34,787 - INV-147_Divya Suhane - DEBUG - CGST Amount:44.635
2024-10-20 23:29:34,787 - INV-147_Divya Suhane - DEBUG - IGST Amount:None
2024-10-20 23:29:34,787 - INV-147_Divya Suhane - DEBUG - SGST Rate:18.0
2024-10-20 23:29:34,787 - INV-147_Divya Suhane - DEBUG - CGST Rate:18.0
2024-10-20 23:29:34,787 - INV-147_Divya Suhane - DEBUG - IGST Rate:None
2024-10-20 23:29:34,787 - INV-147_Divya Suhane - DEBUG - --------------------------
2024-10-20 23:29:34,787 - INV-147_Divya Suhane - DEBUG - Fixderma Shadow SPF 50+ Cream  410.17 466.10 (-12%)1 TUB410.1773.83 (18%)484.00
2024-10-20 23:29:34,787 - INV-147_Divya Suhane - DEBUG - Amount:484.00
2024-10-20 23:29:34,787 - INV-147_Divya Suhane - DEBUG - Tax Pecentage:18.0
2024-10-20 23:29:34,787 - INV-147_Divya Suhane - DEBUG - Tax Amount:73.83
2024-10-20 23:29:34,787 - INV-147_Divya Suhane - DEBUG - Taxable Value:410.17
2024-10-20 23:29:34,787 - INV-147_Divya Suhane - DEBUG - Quantity:1 TUB
2024-10-20 23:29:34,787 - INV-147_Divya Suhane - DEBUG - Discount:-12%
2024-10-20 23:29:34,787 - INV-147_Divya Suhane - DEBUG - Cost Price:466.10
2024-10-20 23:29:34,787 - INV-147_Divya Suhane - DEBUG - Rate:410.17
2024-10-20 23:29:34,787 - INV-147_Divya Suhane - DEBUG - Item:Fixderma Shadow SPF 50+ Cream
2024-10-20 23:29:34,787 - INV-147_Divya Suhane - DEBUG - SGST Amount:36.915
2024-10-20 23:29:34,787 - INV-147_Divya Suhane - DEBUG - CGST Amount:36.915
2024-10-20 23:29:34,787 - INV-147_Divya Suhane - DEBUG - IGST Amount:None
2024-10-20 23:29:34,787 - INV-147_Divya Suhane - DEBUG - SGST Rate:18.0
2024-10-20 23:29:34,787 - INV-147_Divya Suhane - DEBUG - CGST Rate:18.0
2024-10-20 23:29:34,787 - INV-147_Divya Suhane - DEBUG - IGST Rate:None
2024-10-20 23:29:34,787 - INV-147_Divya Suhane - DEBUG - --------------------------
2024-10-20 23:29:34,787 - INV-147_Divya Suhane - DEBUG - Sortet F 16 mg - 10 cap  316.80 360.00 (-12%)6 STRP1,900.800.00 (0%)1,900.80
2024-10-20 23:29:34,788 - INV-147_Divya Suhane - DEBUG - Amount:1,900.80
2024-10-20 23:29:34,788 - INV-147_Divya Suhane - DEBUG - Tax Pecentage:0.0
2024-10-20 23:29:34,788 - INV-147_Divya Suhane - DEBUG - Tax Amount:0.00
2024-10-20 23:29:34,788 - INV-147_Divya Suhane - DEBUG - Taxable Value:1,900.80
2024-10-20 23:29:34,788 - INV-147_Divya Suhane - DEBUG - Quantity:6 STRP
2024-10-20 23:29:34,788 - INV-147_Divya Suhane - DEBUG - Discount:-12%
2024-10-20 23:29:34,788 - INV-147_Divya Suhane - DEBUG - Cost Price:360.00
2024-10-20 23:29:34,788 - INV-147_Divya Suhane - DEBUG - Rate:316.80
2024-10-20 23:29:34,788 - INV-147_Divya Suhane - DEBUG - Item:Sortet F 16 mg - 10 cap
2024-10-20 23:29:34,788 - INV-147_Divya Suhane - DEBUG - SGST Amount:0.0
2024-10-20 23:29:34,788 - INV-147_Divya Suhane - DEBUG - CGST Amount:0.0
2024-10-20 23:29:34,788 - INV-147_Divya Suhane - DEBUG - IGST Amount:None
2024-10-20 23:29:34,788 - INV-147_Divya Suhane - DEBUG - SGST Rate:0.0
2024-10-20 23:29:34,788 - INV-147_Divya Suhane - DEBUG - CGST Rate:0.0
2024-10-20 23:29:34,788 - INV-147_Divya Suhane - DEBUG - IGST Rate:None
2024-10-20 23:29:34,788 - INV-147_Divya Suhane - DEBUG - --------------------------
2024-10-20 23:29:34,788 - INV-147_Divya Suhane - INFO - Extracted data from list of items purchased.
2024-10-20 23:29:34,788 - INV-147_Divya Suhane.log - DEBUG - Checking invoice number: INV-147
2024-10-20 23:29:34,788 - INV-147_Divya Suhane.log - DEBUG - Invoice number passed pattern check
2024-10-20 23:29:34,788 - INV-147_Divya Suhane.log - DEBUG - Parsed invoice date: 2024-03-29 00:00:00
2024-10-20 23:29:34,788 - INV-147_Divya Suhane.log - DEBUG - Parsed due date: 2024-03-29 00:00:00
2024-10-20 23:29:34,788 - INV-147_Divya Suhane.log - DEBUG - Invoice date check passed
2024-10-20 23:29:34,788 - INV-147_Divya Suhane.log - DEBUG - Due date check passed
2024-10-20 23:29:34,788 - INV-147_Divya Suhane.log - DEBUG - Date logic check passed
2024-10-20 23:29:34,788 - INV-147_Divya Suhane.log - DEBUG - Calculated total amount: 4015.49, expected: 4015.0
2024-10-20 23:29:34,788 - INV-147_Divya Suhane.log - DEBUG - Total amount consistency check passed
2024-10-20 23:29:34,788 - INV-147_Divya Suhane.log - DEBUG - Valid tax percentage count: 5
2024-10-20 23:29:34,788 - INV-147_Divya Suhane.log - DEBUG - Valid quantity count: 5
2024-10-20 23:29:34,788 - INV-147_Divya Suhane.log - INFO - Final confidence score: 1.0
