2024-10-20 23:29:35,435 - INV-121_Jitesh Soni - DEBUG - Logger initialized and logging to file.
2024-10-20 23:29:35,435 - INV-121_Jitesh Soni - INFO - Initializing PDF reader for file: Jan to Mar/INV-121_Jitesh Soni.pdf
2024-10-20 23:29:35,435 - INV-121_Jitesh Soni - INFO - PDF reader initialized successfully.
2024-10-20 23:29:35,435 - INV-121_Jitesh Soni - INFO - PDF contains only 1 page, Extracting data from PDF...
2024-10-20 23:29:35,453 - INV-121_Jitesh Soni - DEBUG - TA X  I N V O I C E O R I G I N A L  F O R  R E C I P I E N T 
UNCUE DERMACARE PRIVATE LIMITED
GSTIN 23AADCU2395N1ZY     
C/o KARUNA GUPTA KURELE, 1st Floor
S.P Bungalow Ke Pichhe, Shoagpur Shahdol, Shahdol
Shahdol, MADHYA PRADESH, 484001
Mobile +91 8585960963   Email ruhi@dermaq.in
Invoice #: INV-121 Invoice Date: 29 Jan 2024 Due Date: 29 Jan 2024
Customer Details:
Jitesh Soni
Ph: 9351333360Billing Address:
Wakad
Pune, MAHARASHTRA, 411057
Place of Supply: 
27-MAHARASHTRA 
#Item Rate / Item QtyTaxable ValueTax AmountAmount
1Acne-UV Gel - spf 50 (50 gm)  581.57
775.42 (-25%)1 PAC581.57104.68 (18%)686.25
2Arachitol Nano (60k) 4*5ml  289.36
340.43 (-15%)1 BTL289.3634.72 (12%)324.09
Taxable Amount ₹870.93
IGST 12.0% ₹34.72
IGST 18.0% ₹104.68
Round Off -0.34
Total₹1,010.00
Total Discount ₹285.94
Total Items / Qty : 2 / 2.000 Total amount (in words):  INR One Thousand And Ten Rupees Only .
Amount Paid
Pay using UPI: 
Bank Details:
Bank:Kotak Mahindra Bank
Account #: 1146860541
IFSC Code: kkbk0000725
Branch: PUNE - CHINCHWAD
UnCue Dermacare Pvt LtdFor UNCUE DERMACARE PRIVATE LIMITED  
Authorized Signatory 
Swipe | Simple Invoicing, Billing and Payments | Visit getswipe.in
Page 1 / 1 This is a computer generated document and requires no signature.Powered By

2024-10-20 23:29:35,453 - INV-121_Jitesh Soni - INFO - Extracted basic data from PDF
2024-10-20 23:29:35,453 - INV-121_Jitesh Soni - DEBUG - Invoice Number: INV-121
2024-10-20 23:29:35,453 - INV-121_Jitesh Soni - DEBUG - Invoice Date: 29 Jan 2024
2024-10-20 23:29:35,453 - INV-121_Jitesh Soni - DEBUG - Due Date: 29 Jan 2024
2024-10-20 23:29:35,453 - INV-121_Jitesh Soni - DEBUG - GSTIN: 23AADCU2395N1ZY
2024-10-20 23:29:35,453 - INV-121_Jitesh Soni - DEBUG - Total Amount: ₹1010.0
2024-10-20 23:29:35,453 - INV-121_Jitesh Soni - DEBUG - Place of Supply: 27-MAHARASHTRA 

2024-10-20 23:29:35,453 - INV-121_Jitesh Soni - DEBUG - 1Acne-UV Gel - spf 50 (50 gm)  581.57
775.42 (-25%)1 PAC581.57104.68 (18%)686.25
2Arachitol Nano (60k) 4*5ml  289.36
340.43 (-15%)1 BTL289.3634.72 (12%)324.09
2024-10-20 23:29:35,453 - INV-121_Jitesh Soni - INFO - Extracting data from list of items purchased...
2024-10-20 23:29:35,453 - INV-121_Jitesh Soni - DEBUG - Acne-UV Gel - spf 50 (50 gm)  581.57 775.42 (-25%)1 PAC581.57104.68 (18%)686.25
2024-10-20 23:29:35,453 - INV-121_Jitesh Soni - DEBUG - Amount:686.25
2024-10-20 23:29:35,453 - INV-121_Jitesh Soni - DEBUG - Tax Pecentage:18.0
2024-10-20 23:29:35,453 - INV-121_Jitesh Soni - DEBUG - Tax Amount:104.68
2024-10-20 23:29:35,453 - INV-121_Jitesh Soni - DEBUG - Taxable Value:581.57
2024-10-20 23:29:35,453 - INV-121_Jitesh Soni - DEBUG - Quantity:1 PAC
2024-10-20 23:29:35,453 - INV-121_Jitesh Soni - DEBUG - Discount:-25%
2024-10-20 23:29:35,453 - INV-121_Jitesh Soni - DEBUG - Cost Price:775.42
2024-10-20 23:29:35,453 - INV-121_Jitesh Soni - DEBUG - Rate:581.57
2024-10-20 23:29:35,453 - INV-121_Jitesh Soni - DEBUG - Item:Acne-UV Gel - spf 50 (50 gm)
2024-10-20 23:29:35,453 - INV-121_Jitesh Soni - DEBUG - SGST Amount:None
2024-10-20 23:29:35,453 - INV-121_Jitesh Soni - DEBUG - CGST Amount:None
2024-10-20 23:29:35,453 - INV-121_Jitesh Soni - DEBUG - IGST Amount:104.68
2024-10-20 23:29:35,453 - INV-121_Jitesh Soni - DEBUG - SGST Rate:None
2024-10-20 23:29:35,453 - INV-121_Jitesh Soni - DEBUG - CGST Rate:None
2024-10-20 23:29:35,453 - INV-121_Jitesh Soni - DEBUG - IGST Rate:18.0
2024-10-20 23:29:35,453 - INV-121_Jitesh Soni - DEBUG - --------------------------
2024-10-20 23:29:35,453 - INV-121_Jitesh Soni - DEBUG - Arachitol Nano (60k) 4*5ml  289.36 340.43 (-15%)1 BTL289.3634.72 (12%)324.09
2024-10-20 23:29:35,453 - INV-121_Jitesh Soni - DEBUG - Amount:324.09
2024-10-20 23:29:35,453 - INV-121_Jitesh Soni - DEBUG - Tax Pecentage:12.0
2024-10-20 23:29:35,453 - INV-121_Jitesh Soni - DEBUG - Tax Amount:34.72
2024-10-20 23:29:35,453 - INV-121_Jitesh Soni - DEBUG - Taxable Value:289.36
2024-10-20 23:29:35,453 - INV-121_Jitesh Soni - DEBUG - Quantity:1 BTL
2024-10-20 23:29:35,453 - INV-121_Jitesh Soni - DEBUG - Discount:-15%
2024-10-20 23:29:35,453 - INV-121_Jitesh Soni - DEBUG - Cost Price:340.43
2024-10-20 23:29:35,453 - INV-121_Jitesh Soni - DEBUG - Rate:289.36
2024-10-20 23:29:35,453 - INV-121_Jitesh Soni - DEBUG - Item:Arachitol Nano (60k) 4*5ml
2024-10-20 23:29:35,453 - INV-121_Jitesh Soni - DEBUG - SGST Amount:None
2024-10-20 23:29:35,453 - INV-121_Jitesh Soni - DEBUG - CGST Amount:None
2024-10-20 23:29:35,453 - INV-121_Jitesh Soni - DEBUG - IGST Amount:34.72
2024-10-20 23:29:35,453 - INV-121_Jitesh Soni - DEBUG - SGST Rate:None
2024-10-20 23:29:35,453 - INV-121_Jitesh Soni - DEBUG - CGST Rate:None
2024-10-20 23:29:35,453 - INV-121_Jitesh Soni - DEBUG - IGST Rate:12.0
2024-10-20 23:29:35,453 - INV-121_Jitesh Soni - DEBUG - --------------------------
2024-10-20 23:29:35,453 - INV-121_Jitesh Soni - INFO - Extracted data from list of items purchased.
2024-10-20 23:29:35,453 - INV-121_Jitesh Soni.log - DEBUG - Checking invoice number: INV-121
2024-10-20 23:29:35,453 - INV-121_Jitesh Soni.log - DEBUG - Invoice number passed pattern check
2024-10-20 23:29:35,453 - INV-121_Jitesh Soni.log - DEBUG - Parsed invoice date: 2024-01-29 00:00:00
2024-10-20 23:29:35,453 - INV-121_Jitesh Soni.log - DEBUG - Parsed due date: 2024-01-29 00:00:00
2024-10-20 23:29:35,453 - INV-121_Jitesh Soni.log - DEBUG - Invoice date check passed
2024-10-20 23:29:35,453 - INV-121_Jitesh Soni.log - DEBUG - Due date check passed
2024-10-20 23:29:35,453 - INV-121_Jitesh Soni.log - DEBUG - Date logic check passed
2024-10-20 23:29:35,453 - INV-121_Jitesh Soni.log - DEBUG - Calculated total amount: 1010.3399999999999, expected: 1010.0
2024-10-20 23:29:35,453 - INV-121_Jitesh Soni.log - DEBUG - Total amount consistency check passed
2024-10-20 23:29:35,453 - INV-121_Jitesh Soni.log - DEBUG - Valid tax percentage count: 2
2024-10-20 23:29:35,453 - INV-121_Jitesh Soni.log - DEBUG - Valid quantity count: 2
2024-10-20 23:29:35,453 - INV-121_Jitesh Soni.log - INFO - Final confidence score: 1.0
