2024-10-20 23:29:35,590 - INV-116_Shefali - DEBUG - Logger initialized and logging to file.
2024-10-20 23:29:35,590 - INV-116_Shefali - INFO - Initializing PDF reader for file: Jan to Mar/INV-116_Shefali.pdf
2024-10-20 23:29:35,590 - INV-116_Shefali - INFO - PDF reader initialized successfully.
2024-10-20 23:29:35,590 - INV-116_Shefali - INFO - PDF contains only 1 page, Extracting data from PDF...
2024-10-20 23:29:35,608 - INV-116_Shefali - DEBUG - TA X  I N V O I C E O R I G I N A L  F O R  R E C I P I E N T 
UNCUE DERMACARE PRIVATE LIMITED
GSTIN 23AADCU2395N1ZY     
C/o KARUNA GUPTA KURELE, 1st Floor
S.P Bungalow Ke Pichhe, Shoagpur Shahdol, Shahdol
Shahdol, MADHYA PRADESH, 484001
Mobile +91 8585960963   Email ruhi@dermaq.in
Invoice #: INV-116 Invoice Date: 29 Jan 2024 Due Date: 29 Jan 2024
Customer Details:
Shefali
Place of Supply: 
23-MADHYA PRADESH
#Item Rate / Item QtyTaxable ValueTax AmountAmount
1Arachitol Nano (60k) 4*5ml  299.58
340.43 (-12%)3 BTL898.73107.85 (12%)1,006.58
2ME-12 OD (15 tabs)  100.18
113.84 (-12%)6 STRP601.0772.13 (12%)673.20
3Livogen-Z Captabs 15's  84.48
96.00 (-12%)4 STRP337.920.00 (0%)337.92
Taxable Amount ₹1,837.72
CGST 6.0% ₹89.99
SGST 6.0% ₹89.99
Round Off 0.30
Total₹2,018.00
Total Discount ₹275.14
Total Items / Qty : 3 / 13.000 Total amount (in words):  INR Two Thousand And Eighteen Rupees Only .
Amount Paid
Pay using UPI: 
Bank Details:
Bank:Kotak Mahindra Bank
Account #: 1146860541
IFSC Code: kkbk0000725
Branch: PUNE - CHINCHWAD
UnCue Dermacare Pvt LtdFor UNCUE DERMACARE PRIVATE LIMITED  
Authorized Signatory 
Swipe | Simple Invoicing, Billing and Payments | Visit getswipe.in
Page 1 / 1 This is a computer generated document and requires no signature.Powered By

2024-10-20 23:29:35,608 - INV-116_Shefali - INFO - Extracted basic data from PDF
2024-10-20 23:29:35,608 - INV-116_Shefali - DEBUG - Invoice Number: INV-116
2024-10-20 23:29:35,608 - INV-116_Shefali - DEBUG - Invoice Date: 29 Jan 2024
2024-10-20 23:29:35,608 - INV-116_Shefali - DEBUG - Due Date: 29 Jan 2024
2024-10-20 23:29:35,608 - INV-116_Shefali - DEBUG - GSTIN: 23AADCU2395N1ZY
2024-10-20 23:29:35,608 - INV-116_Shefali - DEBUG - Total Amount: ₹2018.0
2024-10-20 23:29:35,608 - INV-116_Shefali - DEBUG - Place of Supply: 23-MADHYA PRADESH
2024-10-20 23:29:35,608 - INV-116_Shefali - DEBUG - 1Arachitol Nano (60k) 4*5ml  299.58
340.43 (-12%)3 BTL898.73107.85 (12%)1,006.58
2ME-12 OD (15 tabs)  100.18
113.84 (-12%)6 STRP601.0772.13 (12%)673.20
3Livogen-Z Captabs 15's  84.48
96.00 (-12%)4 STRP337.920.00 (0%)337.92
2024-10-20 23:29:35,608 - INV-116_Shefali - INFO - Extracting data from list of items purchased...
2024-10-20 23:29:35,608 - INV-116_Shefali - DEBUG - Arachitol Nano (60k) 4*5ml  299.58 340.43 (-12%)3 BTL898.73107.85 (12%)1,006.58
2024-10-20 23:29:35,608 - INV-116_Shefali - DEBUG - Amount:1,006.58
2024-10-20 23:29:35,608 - INV-116_Shefali - DEBUG - Tax Pecentage:12.0
2024-10-20 23:29:35,608 - INV-116_Shefali - DEBUG - Tax Amount:107.85
2024-10-20 23:29:35,608 - INV-116_Shefali - DEBUG - Taxable Value:898.73
2024-10-20 23:29:35,608 - INV-116_Shefali - DEBUG - Quantity:3 BTL
2024-10-20 23:29:35,608 - INV-116_Shefali - DEBUG - Discount:-12%
2024-10-20 23:29:35,608 - INV-116_Shefali - DEBUG - Cost Price:340.43
2024-10-20 23:29:35,609 - INV-116_Shefali - DEBUG - Rate:299.58
2024-10-20 23:29:35,609 - INV-116_Shefali - DEBUG - Item:Arachitol Nano (60k) 4*5ml
2024-10-20 23:29:35,609 - INV-116_Shefali - DEBUG - SGST Amount:53.925
2024-10-20 23:29:35,609 - INV-116_Shefali - DEBUG - CGST Amount:53.925
2024-10-20 23:29:35,609 - INV-116_Shefali - DEBUG - IGST Amount:None
2024-10-20 23:29:35,609 - INV-116_Shefali - DEBUG - SGST Rate:12.0
2024-10-20 23:29:35,609 - INV-116_Shefali - DEBUG - CGST Rate:12.0
2024-10-20 23:29:35,609 - INV-116_Shefali - DEBUG - IGST Rate:None
2024-10-20 23:29:35,609 - INV-116_Shefali - DEBUG - --------------------------
2024-10-20 23:29:35,609 - INV-116_Shefali - DEBUG - ME-12 OD (15 tabs)  100.18 113.84 (-12%)6 STRP601.0772.13 (12%)673.20
2024-10-20 23:29:35,609 - INV-116_Shefali - DEBUG - Amount:673.20
2024-10-20 23:29:35,609 - INV-116_Shefali - DEBUG - Tax Pecentage:12.0
2024-10-20 23:29:35,609 - INV-116_Shefali - DEBUG - Tax Amount:72.13
2024-10-20 23:29:35,609 - INV-116_Shefali - DEBUG - Taxable Value:601.07
2024-10-20 23:29:35,609 - INV-116_Shefali - DEBUG - Quantity:6 STRP
2024-10-20 23:29:35,609 - INV-116_Shefali - DEBUG - Discount:-12%
2024-10-20 23:29:35,609 - INV-116_Shefali - DEBUG - Cost Price:113.84
2024-10-20 23:29:35,609 - INV-116_Shefali - DEBUG - Rate:100.18
2024-10-20 23:29:35,609 - INV-116_Shefali - DEBUG - Item:ME-12 OD (15 tabs)
2024-10-20 23:29:35,609 - INV-116_Shefali - DEBUG - SGST Amount:36.065
2024-10-20 23:29:35,609 - INV-116_Shefali - DEBUG - CGST Amount:36.065
2024-10-20 23:29:35,609 - INV-116_Shefali - DEBUG - IGST Amount:None
2024-10-20 23:29:35,609 - INV-116_Shefali - DEBUG - SGST Rate:12.0
2024-10-20 23:29:35,609 - INV-116_Shefali - DEBUG - CGST Rate:12.0
2024-10-20 23:29:35,609 - INV-116_Shefali - DEBUG - IGST Rate:None
2024-10-20 23:29:35,609 - INV-116_Shefali - DEBUG - --------------------------
2024-10-20 23:29:35,609 - INV-116_Shefali - DEBUG - Livogen-Z Captabs 15's  84.48 96.00 (-12%)4 STRP337.920.00 (0%)337.92
2024-10-20 23:29:35,609 - INV-116_Shefali - DEBUG - Amount:337.92
2024-10-20 23:29:35,609 - INV-116_Shefali - DEBUG - Tax Pecentage:0.0
2024-10-20 23:29:35,609 - INV-116_Shefali - DEBUG - Tax Amount:0.00
2024-10-20 23:29:35,609 - INV-116_Shefali - DEBUG - Taxable Value:337.92
2024-10-20 23:29:35,609 - INV-116_Shefali - DEBUG - Quantity:4 STRP
2024-10-20 23:29:35,609 - INV-116_Shefali - DEBUG - Discount:-12%
2024-10-20 23:29:35,609 - INV-116_Shefali - DEBUG - Cost Price:96.00
2024-10-20 23:29:35,609 - INV-116_Shefali - DEBUG - Rate:84.48
2024-10-20 23:29:35,609 - INV-116_Shefali - DEBUG - Item:Livogen-Z Captabs 15's
2024-10-20 23:29:35,609 - INV-116_Shefali - DEBUG - SGST Amount:0.0
2024-10-20 23:29:35,609 - INV-116_Shefali - DEBUG - CGST Amount:0.0
2024-10-20 23:29:35,609 - INV-116_Shefali - DEBUG - IGST Amount:None
2024-10-20 23:29:35,609 - INV-116_Shefali - DEBUG - SGST Rate:0.0
2024-10-20 23:29:35,609 - INV-116_Shefali - DEBUG - CGST Rate:0.0
2024-10-20 23:29:35,609 - INV-116_Shefali - DEBUG - IGST Rate:None
2024-10-20 23:29:35,609 - INV-116_Shefali - DEBUG - --------------------------
2024-10-20 23:29:35,609 - INV-116_Shefali - INFO - Extracted data from list of items purchased.
2024-10-20 23:29:35,609 - INV-116_Shefali.log - DEBUG - Checking invoice number: INV-116
2024-10-20 23:29:35,609 - INV-116_Shefali.log - DEBUG - Invoice number passed pattern check
2024-10-20 23:29:35,609 - INV-116_Shefali.log - DEBUG - Parsed invoice date: 2024-01-29 00:00:00
2024-10-20 23:29:35,609 - INV-116_Shefali.log - DEBUG - Parsed due date: 2024-01-29 00:00:00
2024-10-20 23:29:35,609 - INV-116_Shefali.log - DEBUG - Invoice date check passed
2024-10-20 23:29:35,609 - INV-116_Shefali.log - DEBUG - Due date check passed
2024-10-20 23:29:35,609 - INV-116_Shefali.log - DEBUG - Date logic check passed
2024-10-20 23:29:35,609 - INV-116_Shefali.log - DEBUG - Calculated total amount: 2017.7000000000003, expected: 2018.0
2024-10-20 23:29:35,609 - INV-116_Shefali.log - DEBUG - Total amount consistency check passed
2024-10-20 23:29:35,609 - INV-116_Shefali.log - DEBUG - Valid tax percentage count: 3
2024-10-20 23:29:35,609 - INV-116_Shefali.log - DEBUG - Valid quantity count: 3
2024-10-20 23:29:35,609 - INV-116_Shefali.log - INFO - Final confidence score: 1.0
