2024-10-20 23:29:35,195 - INV-115_Akhil Abhay - DEBUG - Logger initialized and logging to file.
2024-10-20 23:29:35,195 - INV-115_Akhil Abhay - INFO - Initializing PDF reader for file: Jan to Mar/INV-115_Akhil Abhay.pdf
2024-10-20 23:29:35,195 - INV-115_Akhil Abhay - INFO - PDF reader initialized successfully.
2024-10-20 23:29:35,196 - INV-115_Akhil Abhay - INFO - PDF contains only 1 page, Extracting data from PDF...
2024-10-20 23:29:35,215 - INV-115_Akhil Abhay - DEBUG - TA X  I N V O I C E O R I G I N A L  F O R  R E C I P I E N T 
UNCUE DERMACARE PRIVATE LIMITED
GSTIN 23AADCU2395N1ZY     
C/o KARUNA GUPTA KURELE, 1st Floor
S.P Bungalow Ke Pichhe, Shoagpur Shahdol, Shahdol
Shahdol, MADHYA PRADESH, 484001
Mobile +91 8585960963   Email ruhi@dermaq.in
Invoice #: INV-115 Invoice Date: 29 Jan 2024 Due Date: 29 Jan 2024
Customer Details:
Akhil Abhay
Place of Supply: 
23-MADHYA PRADESH
#Item Rate / Item QtyTaxable ValueTax AmountAmount
1Arachitol Nano (60k) 4*5ml  299.58
340.43 (-12%)3 BTL898.73107.85 (12%)1,006.58
2ME-12 OD (15 tabs)  100.18
113.84 (-12%)6 STRP601.0772.13 (12%)673.20
3Keraglo Men Tablet - 30 tablets  477.97
597.46 (-20%)3 BTL1,433.90258.10 (18%)1,692.00
Taxable Amount ₹2,933.70
CGST 6.0% ₹89.99
SGST 6.0% ₹89.99
CGST 9.0% ₹129.05
SGST 9.0% ₹129.05
Round Off 0.22
Total₹3,372.00
Total Discount ₹652.06
Total Items / Qty : 3 / 12.000 Total amount (in words):  INR Three Thousand, Three Hundred And Seventy-Two Rupees Only .
Amount Paid
Pay using UPI: 
Bank Details:
Bank:Kotak Mahindra Bank
Account #: 1146860541
IFSC Code: kkbk0000725
Branch: PUNE - CHINCHWAD
UnCue Dermacare Pvt LtdFor UNCUE DERMACARE PRIVATE LIMITED  
Authorized Signatory 
Swipe | Simple Invoicing, Billing and Payments | Visit getswipe.in
Page 1 / 1 This is a computer generated document and requires no signature.Powered By

2024-10-20 23:29:35,215 - INV-115_Akhil Abhay - INFO - Extracted basic data from PDF
2024-10-20 23:29:35,215 - INV-115_Akhil Abhay - DEBUG - Invoice Number: INV-115
2024-10-20 23:29:35,215 - INV-115_Akhil Abhay - DEBUG - Invoice Date: 29 Jan 2024
2024-10-20 23:29:35,215 - INV-115_Akhil Abhay - DEBUG - Due Date: 29 Jan 2024
2024-10-20 23:29:35,215 - INV-115_Akhil Abhay - DEBUG - GSTIN: 23AADCU2395N1ZY
2024-10-20 23:29:35,215 - INV-115_Akhil Abhay - DEBUG - Total Amount: ₹3372.0
2024-10-20 23:29:35,215 - INV-115_Akhil Abhay - DEBUG - Place of Supply: 23-MADHYA PRADESH
2024-10-20 23:29:35,215 - INV-115_Akhil Abhay - DEBUG - 1Arachitol Nano (60k) 4*5ml  299.58
340.43 (-12%)3 BTL898.73107.85 (12%)1,006.58
2ME-12 OD (15 tabs)  100.18
113.84 (-12%)6 STRP601.0772.13 (12%)673.20
3Keraglo Men Tablet - 30 tablets  477.97
597.46 (-20%)3 BTL1,433.90258.10 (18%)1,692.00
2024-10-20 23:29:35,215 - INV-115_Akhil Abhay - INFO - Extracting data from list of items purchased...
2024-10-20 23:29:35,215 - INV-115_Akhil Abhay - DEBUG - Arachitol Nano (60k) 4*5ml  299.58 340.43 (-12%)3 BTL898.73107.85 (12%)1,006.58
2024-10-20 23:29:35,215 - INV-115_Akhil Abhay - DEBUG - Amount:1,006.58
2024-10-20 23:29:35,215 - INV-115_Akhil Abhay - DEBUG - Tax Pecentage:12.0
2024-10-20 23:29:35,215 - INV-115_Akhil Abhay - DEBUG - Tax Amount:107.85
2024-10-20 23:29:35,215 - INV-115_Akhil Abhay - DEBUG - Taxable Value:898.73
2024-10-20 23:29:35,215 - INV-115_Akhil Abhay - DEBUG - Quantity:3 BTL
2024-10-20 23:29:35,215 - INV-115_Akhil Abhay - DEBUG - Discount:-12%
2024-10-20 23:29:35,215 - INV-115_Akhil Abhay - DEBUG - Cost Price:340.43
2024-10-20 23:29:35,215 - INV-115_Akhil Abhay - DEBUG - Rate:299.58
2024-10-20 23:29:35,215 - INV-115_Akhil Abhay - DEBUG - Item:Arachitol Nano (60k) 4*5ml
2024-10-20 23:29:35,215 - INV-115_Akhil Abhay - DEBUG - SGST Amount:53.925
2024-10-20 23:29:35,215 - INV-115_Akhil Abhay - DEBUG - CGST Amount:53.925
2024-10-20 23:29:35,215 - INV-115_Akhil Abhay - DEBUG - IGST Amount:None
2024-10-20 23:29:35,215 - INV-115_Akhil Abhay - DEBUG - SGST Rate:12.0
2024-10-20 23:29:35,215 - INV-115_Akhil Abhay - DEBUG - CGST Rate:12.0
2024-10-20 23:29:35,215 - INV-115_Akhil Abhay - DEBUG - IGST Rate:None
2024-10-20 23:29:35,215 - INV-115_Akhil Abhay - DEBUG - --------------------------
2024-10-20 23:29:35,215 - INV-115_Akhil Abhay - DEBUG - ME-12 OD (15 tabs)  100.18 113.84 (-12%)6 STRP601.0772.13 (12%)673.20
2024-10-20 23:29:35,215 - INV-115_Akhil Abhay - DEBUG - Amount:673.20
2024-10-20 23:29:35,215 - INV-115_Akhil Abhay - DEBUG - Tax Pecentage:12.0
2024-10-20 23:29:35,215 - INV-115_Akhil Abhay - DEBUG - Tax Amount:72.13
2024-10-20 23:29:35,215 - INV-115_Akhil Abhay - DEBUG - Taxable Value:601.07
2024-10-20 23:29:35,215 - INV-115_Akhil Abhay - DEBUG - Quantity:6 STRP
2024-10-20 23:29:35,215 - INV-115_Akhil Abhay - DEBUG - Discount:-12%
2024-10-20 23:29:35,215 - INV-115_Akhil Abhay - DEBUG - Cost Price:113.84
2024-10-20 23:29:35,215 - INV-115_Akhil Abhay - DEBUG - Rate:100.18
2024-10-20 23:29:35,215 - INV-115_Akhil Abhay - DEBUG - Item:ME-12 OD (15 tabs)
2024-10-20 23:29:35,215 - INV-115_Akhil Abhay - DEBUG - SGST Amount:36.065
2024-10-20 23:29:35,215 - INV-115_Akhil Abhay - DEBUG - CGST Amount:36.065
2024-10-20 23:29:35,215 - INV-115_Akhil Abhay - DEBUG - IGST Amount:None
2024-10-20 23:29:35,215 - INV-115_Akhil Abhay - DEBUG - SGST Rate:12.0
2024-10-20 23:29:35,215 - INV-115_Akhil Abhay - DEBUG - CGST Rate:12.0
2024-10-20 23:29:35,215 - INV-115_Akhil Abhay - DEBUG - IGST Rate:None
2024-10-20 23:29:35,215 - INV-115_Akhil Abhay - DEBUG - --------------------------
2024-10-20 23:29:35,215 - INV-115_Akhil Abhay - DEBUG - Keraglo Men Tablet - 30 tablets  477.97 597.46 (-20%)3 BTL1,433.90258.10 (18%)1,692.00
2024-10-20 23:29:35,215 - INV-115_Akhil Abhay - DEBUG - Amount:1,692.00
2024-10-20 23:29:35,215 - INV-115_Akhil Abhay - DEBUG - Tax Pecentage:18.0
2024-10-20 23:29:35,215 - INV-115_Akhil Abhay - DEBUG - Tax Amount:258.10
2024-10-20 23:29:35,215 - INV-115_Akhil Abhay - DEBUG - Taxable Value:1,433.90
2024-10-20 23:29:35,215 - INV-115_Akhil Abhay - DEBUG - Quantity:3 BTL
2024-10-20 23:29:35,215 - INV-115_Akhil Abhay - DEBUG - Discount:-20%
2024-10-20 23:29:35,215 - INV-115_Akhil Abhay - DEBUG - Cost Price:597.46
2024-10-20 23:29:35,215 - INV-115_Akhil Abhay - DEBUG - Rate:477.97
2024-10-20 23:29:35,215 - INV-115_Akhil Abhay - DEBUG - Item:Keraglo Men Tablet - 30 tablets
2024-10-20 23:29:35,215 - INV-115_Akhil Abhay - DEBUG - SGST Amount:129.05
2024-10-20 23:29:35,215 - INV-115_Akhil Abhay - DEBUG - CGST Amount:129.05
2024-10-20 23:29:35,215 - INV-115_Akhil Abhay - DEBUG - IGST Amount:None
2024-10-20 23:29:35,215 - INV-115_Akhil Abhay - DEBUG - SGST Rate:18.0
2024-10-20 23:29:35,215 - INV-115_Akhil Abhay - DEBUG - CGST Rate:18.0
2024-10-20 23:29:35,215 - INV-115_Akhil Abhay - DEBUG - IGST Rate:None
2024-10-20 23:29:35,215 - INV-115_Akhil Abhay - DEBUG - --------------------------
2024-10-20 23:29:35,215 - INV-115_Akhil Abhay - INFO - Extracted data from list of items purchased.
2024-10-20 23:29:35,215 - INV-115_Akhil Abhay.log - DEBUG - Checking invoice number: INV-115
2024-10-20 23:29:35,215 - INV-115_Akhil Abhay.log - DEBUG - Invoice number passed pattern check
2024-10-20 23:29:35,216 - INV-115_Akhil Abhay.log - DEBUG - Parsed invoice date: 2024-01-29 00:00:00
2024-10-20 23:29:35,216 - INV-115_Akhil Abhay.log - DEBUG - Parsed due date: 2024-01-29 00:00:00
2024-10-20 23:29:35,216 - INV-115_Akhil Abhay.log - DEBUG - Invoice date check passed
2024-10-20 23:29:35,216 - INV-115_Akhil Abhay.log - DEBUG - Due date check passed
2024-10-20 23:29:35,216 - INV-115_Akhil Abhay.log - DEBUG - Date logic check passed
2024-10-20 23:29:35,216 - INV-115_Akhil Abhay.log - DEBUG - Calculated total amount: 3371.78, expected: 3372.0
2024-10-20 23:29:35,216 - INV-115_Akhil Abhay.log - DEBUG - Total amount consistency check passed
2024-10-20 23:29:35,216 - INV-115_Akhil Abhay.log - DEBUG - Valid tax percentage count: 3
2024-10-20 23:29:35,216 - INV-115_Akhil Abhay.log - DEBUG - Valid quantity count: 3
2024-10-20 23:29:35,216 - INV-115_Akhil Abhay.log - INFO - Final confidence score: 1.0
