2024-10-20 23:29:35,151 - INV-145_Indraja Mohite - DEBUG - Logger initialized and logging to file.
2024-10-20 23:29:35,151 - INV-145_Indraja Mohite - INFO - Initializing PDF reader for file: Jan to Mar/INV-145_Indraja Mohite.pdf
2024-10-20 23:29:35,151 - INV-145_Indraja Mohite - INFO - PDF reader initialized successfully.
2024-10-20 23:29:35,151 - INV-145_Indraja Mohite - INFO - PDF contains only 1 page, Extracting data from PDF...
2024-10-20 23:29:35,168 - INV-145_Indraja Mohite - DEBUG - TA X  I N V O I C E O R I G I N A L  F O R  R E C I P I E N T 
UNCUE DERMACARE PRIVATE LIMITED
GSTIN 23AADCU2395N1ZY     
C/o KARUNA GUPTA KURELE, 1st Floor
S.P Bungalow Ke Pichhe, Shoagpur Shahdol, Shahdol
Shahdol, MADHYA PRADESH, 484001
Mobile +91 8585960963   Email ruhi@dermaq.in
Invoice #: INV-145 Invoice Date: 28 Mar 2024 Due Date: 28 Mar 2024
Customer Details:
Indraja Mohite
Place of Supply: 
23-MADHYA PRADESH
#Item Rate / Item QtyTaxable ValueTax AmountAmount
1Acutret 20 mg - 10 capsules  206.43
258.04 (-20%)9 STRP1,857.86222.94 (12%)2,080.80
2due last bill  60.00160.000.00 (0%)60.00
Taxable Amount ₹1,917.86
CGST 6.0% ₹111.47
SGST 6.0% ₹111.47
Round Off 0.20
Total₹2,141.00
Total Discount ₹520.20
Total Items / Qty : 2 / 10.000 Total amount (in words):  INR Two Thousand, One Hundred And Forty-One Rupees Only .
Amount Paid
Pay using UPI: 
Bank Details:
Bank:Kotak Mahindra Bank
Account #: 1146860541
IFSC Code: kkbk0000725
Branch: PUNE - CHINCHWAD
UnCue Dermacare Pvt LtdFor UNCUE DERMACARE PRIVATE LIMITED  
Authorized Signatory 
Swipe | Simple Invoicing, Billing and Payments | Visit getswipe.in
Page 1 / 1 This is a computer generated document and requires no signature.Powered By

2024-10-20 23:29:35,168 - INV-145_Indraja Mohite - INFO - Extracted basic data from PDF
2024-10-20 23:29:35,168 - INV-145_Indraja Mohite - DEBUG - Invoice Number: INV-145
2024-10-20 23:29:35,168 - INV-145_Indraja Mohite - DEBUG - Invoice Date: 28 Mar 2024
2024-10-20 23:29:35,168 - INV-145_Indraja Mohite - DEBUG - Due Date: 28 Mar 2024
2024-10-20 23:29:35,168 - INV-145_Indraja Mohite - DEBUG - GSTIN: 23AADCU2395N1ZY
2024-10-20 23:29:35,168 - INV-145_Indraja Mohite - DEBUG - Total Amount: ₹2141.0
2024-10-20 23:29:35,168 - INV-145_Indraja Mohite - DEBUG - Place of Supply: 23-MADHYA PRADESH
2024-10-20 23:29:35,168 - INV-145_Indraja Mohite - DEBUG - 1Acutret 20 mg - 10 capsules  206.43
258.04 (-20%)9 STRP1,857.86222.94 (12%)2,080.80
2due last bill  60.00160.000.00 (0%)60.00
2024-10-20 23:29:35,168 - INV-145_Indraja Mohite - INFO - Extracting data from list of items purchased...
2024-10-20 23:29:35,168 - INV-145_Indraja Mohite - DEBUG - Acutret 20 mg - 10 capsules  206.43 258.04 (-20%)9 STRP1,857.86222.94 (12%)2,080.80
2024-10-20 23:29:35,168 - INV-145_Indraja Mohite - DEBUG - Amount:2,080.80
2024-10-20 23:29:35,168 - INV-145_Indraja Mohite - DEBUG - Tax Pecentage:12.0
2024-10-20 23:29:35,168 - INV-145_Indraja Mohite - DEBUG - Tax Amount:222.94
2024-10-20 23:29:35,168 - INV-145_Indraja Mohite - DEBUG - Taxable Value:1,857.86
2024-10-20 23:29:35,168 - INV-145_Indraja Mohite - DEBUG - Quantity:9 STRP
2024-10-20 23:29:35,168 - INV-145_Indraja Mohite - DEBUG - Discount:-20%
2024-10-20 23:29:35,168 - INV-145_Indraja Mohite - DEBUG - Cost Price:258.04
2024-10-20 23:29:35,168 - INV-145_Indraja Mohite - DEBUG - Rate:206.43
2024-10-20 23:29:35,168 - INV-145_Indraja Mohite - DEBUG - Item:Acutret 20 mg - 10 capsules
2024-10-20 23:29:35,168 - INV-145_Indraja Mohite - DEBUG - SGST Amount:111.47
2024-10-20 23:29:35,168 - INV-145_Indraja Mohite - DEBUG - CGST Amount:111.47
2024-10-20 23:29:35,168 - INV-145_Indraja Mohite - DEBUG - IGST Amount:None
2024-10-20 23:29:35,168 - INV-145_Indraja Mohite - DEBUG - SGST Rate:12.0
2024-10-20 23:29:35,168 - INV-145_Indraja Mohite - DEBUG - CGST Rate:12.0
2024-10-20 23:29:35,168 - INV-145_Indraja Mohite - DEBUG - IGST Rate:None
2024-10-20 23:29:35,168 - INV-145_Indraja Mohite - DEBUG - --------------------------
2024-10-20 23:29:35,168 - INV-145_Indraja Mohite - DEBUG - due last bill  60.00160.000.00 (0%)60.00
2024-10-20 23:29:35,168 - INV-145_Indraja Mohite - DEBUG - Amount:60.00
2024-10-20 23:29:35,168 - INV-145_Indraja Mohite - DEBUG - Tax Pecentage:0.0
2024-10-20 23:29:35,168 - INV-145_Indraja Mohite - DEBUG - Tax Amount:0.00
2024-10-20 23:29:35,168 - INV-145_Indraja Mohite - DEBUG - Taxable Value:160.00
2024-10-20 23:29:35,168 - INV-145_Indraja Mohite - DEBUG - Quantity:00
2024-10-20 23:29:35,168 - INV-145_Indraja Mohite - DEBUG - Discount:None
2024-10-20 23:29:35,168 - INV-145_Indraja Mohite - DEBUG - Cost Price:None
2024-10-20 23:29:35,168 - INV-145_Indraja Mohite - DEBUG - Rate:None
2024-10-20 23:29:35,168 - INV-145_Indraja Mohite - DEBUG - Item:due last bill  60.
2024-10-20 23:29:35,168 - INV-145_Indraja Mohite - DEBUG - SGST Amount:0.0
2024-10-20 23:29:35,168 - INV-145_Indraja Mohite - DEBUG - CGST Amount:0.0
2024-10-20 23:29:35,168 - INV-145_Indraja Mohite - DEBUG - IGST Amount:None
2024-10-20 23:29:35,168 - INV-145_Indraja Mohite - DEBUG - SGST Rate:0.0
2024-10-20 23:29:35,168 - INV-145_Indraja Mohite - DEBUG - CGST Rate:0.0
2024-10-20 23:29:35,168 - INV-145_Indraja Mohite - DEBUG - IGST Rate:None
2024-10-20 23:29:35,168 - INV-145_Indraja Mohite - DEBUG - --------------------------
2024-10-20 23:29:35,168 - INV-145_Indraja Mohite - INFO - Extracted data from list of items purchased.
2024-10-20 23:29:35,168 - INV-145_Indraja Mohite.log - DEBUG - Checking invoice number: INV-145
2024-10-20 23:29:35,168 - INV-145_Indraja Mohite.log - DEBUG - Invoice number passed pattern check
2024-10-20 23:29:35,168 - INV-145_Indraja Mohite.log - DEBUG - Parsed invoice date: 2024-03-28 00:00:00
2024-10-20 23:29:35,168 - INV-145_Indraja Mohite.log - DEBUG - Parsed due date: 2024-03-28 00:00:00
2024-10-20 23:29:35,168 - INV-145_Indraja Mohite.log - DEBUG - Invoice date check passed
2024-10-20 23:29:35,168 - INV-145_Indraja Mohite.log - DEBUG - Due date check passed
2024-10-20 23:29:35,168 - INV-145_Indraja Mohite.log - DEBUG - Date logic check passed
2024-10-20 23:29:35,169 - INV-145_Indraja Mohite.log - DEBUG - Calculated total amount: 2140.8, expected: 2141.0
2024-10-20 23:29:35,169 - INV-145_Indraja Mohite.log - DEBUG - Total amount consistency check passed
2024-10-20 23:29:35,169 - INV-145_Indraja Mohite.log - DEBUG - Valid tax percentage count: 2
2024-10-20 23:29:35,169 - INV-145_Indraja Mohite.log - DEBUG - Valid quantity count: 2
2024-10-20 23:29:35,169 - INV-145_Indraja Mohite.log - INFO - Final confidence score: 1.0
