2024-10-20 23:29:35,512 - INV-103_Jaiprakash Kumawat - DEBUG - Logger initialized and logging to file.
2024-10-20 23:29:35,512 - INV-103_Jaiprakash Kumawat - INFO - Initializing PDF reader for file: Jan to Mar/INV-103_Jaiprakash Kumawat.pdf
2024-10-20 23:29:35,512 - INV-103_Jaiprakash Kumawat - INFO - PDF reader initialized successfully.
2024-10-20 23:29:35,512 - INV-103_Jaiprakash Kumawat - INFO - PDF contains only 1 page, Extracting data from PDF...
2024-10-20 23:29:35,530 - INV-103_Jaiprakash Kumawat - DEBUG - TA X  I N V O I C E O R I G I N A L  F O R  R E C I P I E N T 
UNCUE DERMACARE PRIVATE LIMITED
GSTIN 23AADCU2395N1ZY     
C/o KARUNA GUPTA KURELE, 1st Floor
S.P Bungalow Ke Pichhe, Shoagpur Shahdol, Shahdol
Shahdol, MADHYA PRADESH, 484001
Mobile +91 8585960963   Email ruhi@dermaq.in
Invoice #: INV-103 Invoice Date: 27 Jan 2024 Due Date: 27 Jan 2024
Customer Details:
Jaiprakash Kumawat
Ph: 8175992426
Place of Supply: 
23-MADHYA PRADESH
#Item Rate / Item QtyTaxable ValueTax AmountAmount
1Arachitol Nano (60k) 4*5ml  299.58
340.43 (-12%)3 BTL898.73107.85 (12%)1,006.58
2Neurobion Forte - 30 tablets   29.53
34.75 (-15%)3 STRP88.6015.95 (18%)104.55
Taxable Amount ₹987.33
CGST 6.0% ₹53.92
SGST 6.0% ₹53.92
CGST 9.0% ₹7.97
SGST 9.0% ₹7.97
Round Off -0.13
Total₹1,111.00
Total Discount ₹155.71
Total Items / Qty : 2 / 6.000 Total amount (in words):  INR One Thousand, One Hundred And Eleven Rupees Only .
Amount Paid
Pay using UPI: 
Bank Details:
Bank:Kotak Mahindra Bank
Account #: 1146860541
IFSC Code: kkbk0000725
Branch: PUNE - CHINCHWAD
UnCue Dermacare Pvt LtdFor UNCUE DERMACARE PRIVATE LIMITED  
Authorized Signatory 
Swipe | Simple Invoicing, Billing and Payments | Visit getswipe.in
Page 1 / 1 This is a computer generated document and requires no signature.Powered By

2024-10-20 23:29:35,530 - INV-103_Jaiprakash Kumawat - INFO - Extracted basic data from PDF
2024-10-20 23:29:35,530 - INV-103_Jaiprakash Kumawat - DEBUG - Invoice Number: INV-103
2024-10-20 23:29:35,530 - INV-103_Jaiprakash Kumawat - DEBUG - Invoice Date: 27 Jan 2024
2024-10-20 23:29:35,530 - INV-103_Jaiprakash Kumawat - DEBUG - Due Date: 27 Jan 2024
2024-10-20 23:29:35,530 - INV-103_Jaiprakash Kumawat - DEBUG - GSTIN: 23AADCU2395N1ZY
2024-10-20 23:29:35,530 - INV-103_Jaiprakash Kumawat - DEBUG - Total Amount: ₹1111.0
2024-10-20 23:29:35,530 - INV-103_Jaiprakash Kumawat - DEBUG - Place of Supply: 23-MADHYA PRADESH
2024-10-20 23:29:35,530 - INV-103_Jaiprakash Kumawat - DEBUG - 1Arachitol Nano (60k) 4*5ml  299.58
340.43 (-12%)3 BTL898.73107.85 (12%)1,006.58
2Neurobion Forte - 30 tablets   29.53
34.75 (-15%)3 STRP88.6015.95 (18%)104.55
2024-10-20 23:29:35,530 - INV-103_Jaiprakash Kumawat - INFO - Extracting data from list of items purchased...
2024-10-20 23:29:35,530 - INV-103_Jaiprakash Kumawat - DEBUG - Arachitol Nano (60k) 4*5ml  299.58 340.43 (-12%)3 BTL898.73107.85 (12%)1,006.58
2024-10-20 23:29:35,530 - INV-103_Jaiprakash Kumawat - DEBUG - Amount:1,006.58
2024-10-20 23:29:35,530 - INV-103_Jaiprakash Kumawat - DEBUG - Tax Pecentage:12.0
2024-10-20 23:29:35,530 - INV-103_Jaiprakash Kumawat - DEBUG - Tax Amount:107.85
2024-10-20 23:29:35,530 - INV-103_Jaiprakash Kumawat - DEBUG - Taxable Value:898.73
2024-10-20 23:29:35,530 - INV-103_Jaiprakash Kumawat - DEBUG - Quantity:3 BTL
2024-10-20 23:29:35,530 - INV-103_Jaiprakash Kumawat - DEBUG - Discount:-12%
2024-10-20 23:29:35,530 - INV-103_Jaiprakash Kumawat - DEBUG - Cost Price:340.43
2024-10-20 23:29:35,530 - INV-103_Jaiprakash Kumawat - DEBUG - Rate:299.58
2024-10-20 23:29:35,530 - INV-103_Jaiprakash Kumawat - DEBUG - Item:Arachitol Nano (60k) 4*5ml
2024-10-20 23:29:35,530 - INV-103_Jaiprakash Kumawat - DEBUG - SGST Amount:53.925
2024-10-20 23:29:35,530 - INV-103_Jaiprakash Kumawat - DEBUG - CGST Amount:53.925
2024-10-20 23:29:35,530 - INV-103_Jaiprakash Kumawat - DEBUG - IGST Amount:None
2024-10-20 23:29:35,530 - INV-103_Jaiprakash Kumawat - DEBUG - SGST Rate:12.0
2024-10-20 23:29:35,530 - INV-103_Jaiprakash Kumawat - DEBUG - CGST Rate:12.0
2024-10-20 23:29:35,530 - INV-103_Jaiprakash Kumawat - DEBUG - IGST Rate:None
2024-10-20 23:29:35,530 - INV-103_Jaiprakash Kumawat - DEBUG - --------------------------
2024-10-20 23:29:35,530 - INV-103_Jaiprakash Kumawat - DEBUG - Neurobion Forte - 30 tablets   29.53 34.75 (-15%)3 STRP88.6015.95 (18%)104.55
2024-10-20 23:29:35,530 - INV-103_Jaiprakash Kumawat - DEBUG - Amount:104.55
2024-10-20 23:29:35,530 - INV-103_Jaiprakash Kumawat - DEBUG - Tax Pecentage:18.0
2024-10-20 23:29:35,530 - INV-103_Jaiprakash Kumawat - DEBUG - Tax Amount:15.95
2024-10-20 23:29:35,530 - INV-103_Jaiprakash Kumawat - DEBUG - Taxable Value:88.60
2024-10-20 23:29:35,530 - INV-103_Jaiprakash Kumawat - DEBUG - Quantity:3 STRP
2024-10-20 23:29:35,530 - INV-103_Jaiprakash Kumawat - DEBUG - Discount:-15%
2024-10-20 23:29:35,530 - INV-103_Jaiprakash Kumawat - DEBUG - Cost Price:34.75
2024-10-20 23:29:35,530 - INV-103_Jaiprakash Kumawat - DEBUG - Rate:29.53
2024-10-20 23:29:35,530 - INV-103_Jaiprakash Kumawat - DEBUG - Item:Neurobion Forte - 30 tablets
2024-10-20 23:29:35,530 - INV-103_Jaiprakash Kumawat - DEBUG - SGST Amount:7.975
2024-10-20 23:29:35,530 - INV-103_Jaiprakash Kumawat - DEBUG - CGST Amount:7.975
2024-10-20 23:29:35,530 - INV-103_Jaiprakash Kumawat - DEBUG - IGST Amount:None
2024-10-20 23:29:35,530 - INV-103_Jaiprakash Kumawat - DEBUG - SGST Rate:18.0
2024-10-20 23:29:35,530 - INV-103_Jaiprakash Kumawat - DEBUG - CGST Rate:18.0
2024-10-20 23:29:35,530 - INV-103_Jaiprakash Kumawat - DEBUG - IGST Rate:None
2024-10-20 23:29:35,530 - INV-103_Jaiprakash Kumawat - DEBUG - --------------------------
2024-10-20 23:29:35,530 - INV-103_Jaiprakash Kumawat - INFO - Extracted data from list of items purchased.
2024-10-20 23:29:35,530 - INV-103_Jaiprakash Kumawat.log - DEBUG - Checking invoice number: INV-103
2024-10-20 23:29:35,530 - INV-103_Jaiprakash Kumawat.log - DEBUG - Invoice number passed pattern check
2024-10-20 23:29:35,530 - INV-103_Jaiprakash Kumawat.log - DEBUG - Parsed invoice date: 2024-01-27 00:00:00
2024-10-20 23:29:35,530 - INV-103_Jaiprakash Kumawat.log - DEBUG - Parsed due date: 2024-01-27 00:00:00
2024-10-20 23:29:35,530 - INV-103_Jaiprakash Kumawat.log - DEBUG - Invoice date check passed
2024-10-20 23:29:35,530 - INV-103_Jaiprakash Kumawat.log - DEBUG - Due date check passed
2024-10-20 23:29:35,530 - INV-103_Jaiprakash Kumawat.log - DEBUG - Date logic check passed
2024-10-20 23:29:35,530 - INV-103_Jaiprakash Kumawat.log - DEBUG - Calculated total amount: 1111.13, expected: 1111.0
2024-10-20 23:29:35,530 - INV-103_Jaiprakash Kumawat.log - DEBUG - Total amount consistency check passed
2024-10-20 23:29:35,530 - INV-103_Jaiprakash Kumawat.log - DEBUG - Valid tax percentage count: 2
2024-10-20 23:29:35,530 - INV-103_Jaiprakash Kumawat.log - DEBUG - Valid quantity count: 2
2024-10-20 23:29:35,530 - INV-103_Jaiprakash Kumawat.log - INFO - Final confidence score: 1.0
