2024-10-20 23:29:34,806 - INV-127_Avik Mallick - DEBUG - Logger initialized and logging to file.
2024-10-20 23:29:34,806 - INV-127_Avik Mallick - INFO - Initializing PDF reader for file: Jan to Mar/INV-127_Avik Mallick.pdf
2024-10-20 23:29:34,807 - INV-127_Avik Mallick - INFO - PDF reader initialized successfully.
2024-10-20 23:29:34,807 - INV-127_Avik Mallick - INFO - PDF contains only 1 page, Extracting data from PDF...
2024-10-20 23:29:34,823 - INV-127_Avik Mallick - DEBUG - TA X  I N V O I C E O R I G I N A L  F O R  R E C I P I E N T 
UNCUE DERMACARE PRIVATE LIMITED
GSTIN 23AADCU2395N1ZY     
C/o KARUNA GUPTA KURELE, 1st Floor
S.P Bungalow Ke Pichhe, Shoagpur Shahdol, Shahdol
Shahdol, MADHYA PRADESH, 484001
Mobile +91 8585960963   Email ruhi@dermaq.in
Invoice #: INV-127 Invoice Date: 23 Feb 2024 Due Date: 23 Feb 2024
Customer Details:
Avik Mallick
Place of Supply: 
23-MADHYA PRADESH
#Item Rate / Item QtyTaxable ValueTax AmountAmount
1Vitamin b12 test  397.50
750.00 (-47%)1397.500.00 (0%)397.50
2HBA1C Test  349.27
659.00 (-47%)1349.270.00 (0%)349.27
3Last bill pending  197.00 1197.000.00 (0%)197.00
Taxable Amount ₹943.77
Round Off 0.23
Total ₹944.00
Total Discount ₹662.23
Total Items / Qty : 3 / 3.000 Total amount (in words):  INR Nine Hundred And Forty-Four Rupees Only .
Amount Paid
Pay using UPI: 
Bank Details:
Bank:Kotak Mahindra Bank
Account #: 1146860541
IFSC Code: kkbk0000725
Branch: PUNE - CHINCHWAD
UnCue Dermacare Pvt LtdFor UNCUE DERMACARE PRIVATE LIMITED  
Authorized Signatory 
Swipe | Simple Invoicing, Billing and Payments | Visit getswipe.in
Page 1 / 1 This is a computer generated document and requires no signature.Powered By

2024-10-20 23:29:34,823 - INV-127_Avik Mallick - INFO - Extracted basic data from PDF
2024-10-20 23:29:34,823 - INV-127_Avik Mallick - DEBUG - Invoice Number: INV-127
2024-10-20 23:29:34,823 - INV-127_Avik Mallick - DEBUG - Invoice Date: 23 Feb 2024
2024-10-20 23:29:34,823 - INV-127_Avik Mallick - DEBUG - Due Date: 23 Feb 2024
2024-10-20 23:29:34,823 - INV-127_Avik Mallick - DEBUG - GSTIN: 23AADCU2395N1ZY
2024-10-20 23:29:34,823 - INV-127_Avik Mallick - DEBUG - Total Amount: ₹944.0
2024-10-20 23:29:34,823 - INV-127_Avik Mallick - DEBUG - Place of Supply: 23-MADHYA PRADESH
2024-10-20 23:29:34,823 - INV-127_Avik Mallick - DEBUG - 1Vitamin b12 test  397.50
750.00 (-47%)1397.500.00 (0%)397.50
2HBA1C Test  349.27
659.00 (-47%)1349.270.00 (0%)349.27
3Last bill pending  197.00 1197.000.00 (0%)197.00
2024-10-20 23:29:34,823 - INV-127_Avik Mallick - INFO - Extracting data from list of items purchased...
2024-10-20 23:29:34,823 - INV-127_Avik Mallick - DEBUG - Vitamin b12 test  397.50 750.00 (-47%)1397.500.00 (0%)397.50
2024-10-20 23:29:34,823 - INV-127_Avik Mallick - DEBUG - Amount:397.50
2024-10-20 23:29:34,823 - INV-127_Avik Mallick - DEBUG - Tax Pecentage:0.0
2024-10-20 23:29:34,823 - INV-127_Avik Mallick - DEBUG - Tax Amount:0.00
2024-10-20 23:29:34,823 - INV-127_Avik Mallick - DEBUG - Taxable Value:397.50
2024-10-20 23:29:34,823 - INV-127_Avik Mallick - DEBUG - Quantity:1
2024-10-20 23:29:34,823 - INV-127_Avik Mallick - DEBUG - Discount:-47%
2024-10-20 23:29:34,823 - INV-127_Avik Mallick - DEBUG - Cost Price:750.00
2024-10-20 23:29:34,823 - INV-127_Avik Mallick - DEBUG - Rate:397.50
2024-10-20 23:29:34,823 - INV-127_Avik Mallick - DEBUG - Item:Vitamin b12 test
2024-10-20 23:29:34,823 - INV-127_Avik Mallick - DEBUG - SGST Amount:0.0
2024-10-20 23:29:34,823 - INV-127_Avik Mallick - DEBUG - CGST Amount:0.0
2024-10-20 23:29:34,823 - INV-127_Avik Mallick - DEBUG - IGST Amount:None
2024-10-20 23:29:34,823 - INV-127_Avik Mallick - DEBUG - SGST Rate:0.0
2024-10-20 23:29:34,823 - INV-127_Avik Mallick - DEBUG - CGST Rate:0.0
2024-10-20 23:29:34,824 - INV-127_Avik Mallick - DEBUG - IGST Rate:None
2024-10-20 23:29:34,824 - INV-127_Avik Mallick - DEBUG - --------------------------
2024-10-20 23:29:34,824 - INV-127_Avik Mallick - DEBUG - HBA1C Test  349.27 659.00 (-47%)1349.270.00 (0%)349.27
2024-10-20 23:29:34,824 - INV-127_Avik Mallick - DEBUG - Amount:349.27
2024-10-20 23:29:34,824 - INV-127_Avik Mallick - DEBUG - Tax Pecentage:0.0
2024-10-20 23:29:34,824 - INV-127_Avik Mallick - DEBUG - Tax Amount:0.00
2024-10-20 23:29:34,824 - INV-127_Avik Mallick - DEBUG - Taxable Value:349.27
2024-10-20 23:29:34,824 - INV-127_Avik Mallick - DEBUG - Quantity:1
2024-10-20 23:29:34,824 - INV-127_Avik Mallick - DEBUG - Discount:-47%
2024-10-20 23:29:34,824 - INV-127_Avik Mallick - DEBUG - Cost Price:659.00
2024-10-20 23:29:34,824 - INV-127_Avik Mallick - DEBUG - Rate:349.27
2024-10-20 23:29:34,824 - INV-127_Avik Mallick - DEBUG - Item:HBA1C Test
2024-10-20 23:29:34,824 - INV-127_Avik Mallick - DEBUG - SGST Amount:0.0
2024-10-20 23:29:34,824 - INV-127_Avik Mallick - DEBUG - CGST Amount:0.0
2024-10-20 23:29:34,824 - INV-127_Avik Mallick - DEBUG - IGST Amount:None
2024-10-20 23:29:34,824 - INV-127_Avik Mallick - DEBUG - SGST Rate:0.0
2024-10-20 23:29:34,824 - INV-127_Avik Mallick - DEBUG - CGST Rate:0.0
2024-10-20 23:29:34,824 - INV-127_Avik Mallick - DEBUG - IGST Rate:None
2024-10-20 23:29:34,824 - INV-127_Avik Mallick - DEBUG - --------------------------
2024-10-20 23:29:34,824 - INV-127_Avik Mallick - DEBUG - Last bill pending  197.00 1197.000.00 (0%)197.00
2024-10-20 23:29:34,824 - INV-127_Avik Mallick - DEBUG - Amount:197.00
2024-10-20 23:29:34,824 - INV-127_Avik Mallick - DEBUG - Tax Pecentage:0.0
2024-10-20 23:29:34,824 - INV-127_Avik Mallick - DEBUG - Tax Amount:0.00
2024-10-20 23:29:34,824 - INV-127_Avik Mallick - DEBUG - Taxable Value:197.00
2024-10-20 23:29:34,824 - INV-127_Avik Mallick - DEBUG - Quantity:1
2024-10-20 23:29:34,824 - INV-127_Avik Mallick - DEBUG - Discount:None
2024-10-20 23:29:34,824 - INV-127_Avik Mallick - DEBUG - Cost Price:197.00
2024-10-20 23:29:34,824 - INV-127_Avik Mallick - DEBUG - Rate:197.00
2024-10-20 23:29:34,824 - INV-127_Avik Mallick - DEBUG - Item:Last bill pending
2024-10-20 23:29:34,824 - INV-127_Avik Mallick - DEBUG - SGST Amount:0.0
2024-10-20 23:29:34,824 - INV-127_Avik Mallick - DEBUG - CGST Amount:0.0
2024-10-20 23:29:34,824 - INV-127_Avik Mallick - DEBUG - IGST Amount:None
2024-10-20 23:29:34,824 - INV-127_Avik Mallick - DEBUG - SGST Rate:0.0
2024-10-20 23:29:34,824 - INV-127_Avik Mallick - DEBUG - CGST Rate:0.0
2024-10-20 23:29:34,824 - INV-127_Avik Mallick - DEBUG - IGST Rate:None
2024-10-20 23:29:34,824 - INV-127_Avik Mallick - DEBUG - --------------------------
2024-10-20 23:29:34,824 - INV-127_Avik Mallick - INFO - Extracted data from list of items purchased.
2024-10-20 23:29:34,824 - INV-127_Avik Mallick.log - DEBUG - Checking invoice number: INV-127
2024-10-20 23:29:34,824 - INV-127_Avik Mallick.log - DEBUG - Invoice number passed pattern check
2024-10-20 23:29:34,824 - INV-127_Avik Mallick.log - DEBUG - Parsed invoice date: 2024-02-23 00:00:00
2024-10-20 23:29:34,824 - INV-127_Avik Mallick.log - DEBUG - Parsed due date: 2024-02-23 00:00:00
2024-10-20 23:29:34,824 - INV-127_Avik Mallick.log - DEBUG - Invoice date check passed
2024-10-20 23:29:34,824 - INV-127_Avik Mallick.log - DEBUG - Due date check passed
2024-10-20 23:29:34,824 - INV-127_Avik Mallick.log - DEBUG - Date logic check passed
2024-10-20 23:29:34,824 - INV-127_Avik Mallick.log - DEBUG - Calculated total amount: 943.77, expected: 944.0
2024-10-20 23:29:34,824 - INV-127_Avik Mallick.log - DEBUG - Total amount consistency check passed
2024-10-20 23:29:34,824 - INV-127_Avik Mallick.log - DEBUG - Valid tax percentage count: 3
2024-10-20 23:29:34,824 - INV-127_Avik Mallick.log - DEBUG - Valid quantity count: 3
2024-10-20 23:29:34,824 - INV-127_Avik Mallick.log - INFO - Final confidence score: 1.0
