2024-10-20 23:29:35,242 - INV-105_Urmila Jangam - DEBUG - Logger initialized and logging to file.
2024-10-20 23:29:35,242 - INV-105_Urmila Jangam - INFO - Initializing PDF reader for file: Jan to Mar/INV-105_Urmila Jangam.pdf
2024-10-20 23:29:35,242 - INV-105_Urmila Jangam - INFO - PDF reader initialized successfully.
2024-10-20 23:29:35,242 - INV-105_Urmila Jangam - INFO - PDF contains only 1 page, Extracting data from PDF...
2024-10-20 23:29:35,261 - INV-105_Urmila Jangam - DEBUG - TA X  I N V O I C E O R I G I N A L  F O R  R E C I P I E N T 
UNCUE DERMACARE PRIVATE LIMITED
GSTIN 23AADCU2395N1ZY     
C/o KARUNA GUPTA KURELE, 1st Floor
S.P Bungalow Ke Pichhe, Shoagpur Shahdol, Shahdol
Shahdol, MADHYA PRADESH, 484001
Mobile +91 8585960963   Email ruhi@dermaq.in
Invoice #: INV-105 Invoice Date: 27 Jan 2024 Due Date: 27 Jan 2024
Customer Details:
Urmila Jangam
Ph: 9552724364
Place of Supply: 
23-MADHYA PRADESH
#Item Rate / Item QtyTaxable ValueTax AmountAmount
1Acne-UV Gel - spf 50 (50 gm)  620.34
775.42 (-20%)1 PAC620.34111.66 (18%)732.00
2keraglo Eva - 30 Tablet   488.14
610.17 (-20%)1 BTL488.1487.86 (18%)576.00
3Cetaphil Moisturising Lotion with Avo-
cado Oil, Vitamin E, B3 & B5 - 250 ml  864.34
982.20 (-12%)1 BTL864.34155.58 (18%)1,019.92
Taxable Amount ₹1,972.81
CGST 9.0% ₹177.55
SGST 9.0% ₹177.55
Round Off 0.08
Total₹2,328.00
Total Discount ₹466.08
Total Items / Qty : 3 / 3.000 Total amount (in words):  INR Two Thousand, Three Hundred And Twenty-Eight Rupees Only .
Amount Paid
Pay using UPI: 
Bank Details:
Bank:Kotak Mahindra Bank
Account #: 1146860541
IFSC Code: kkbk0000725
Branch: PUNE - CHINCHWAD
UnCue Dermacare Pvt LtdFor UNCUE DERMACARE PRIVATE LIMITED  
Authorized Signatory 
Swipe | Simple Invoicing, Billing and Payments | Visit getswipe.in
Page 1 / 1 This is a computer generated document and requires no signature.Powered By

2024-10-20 23:29:35,261 - INV-105_Urmila Jangam - INFO - Extracted basic data from PDF
2024-10-20 23:29:35,261 - INV-105_Urmila Jangam - DEBUG - Invoice Number: INV-105
2024-10-20 23:29:35,261 - INV-105_Urmila Jangam - DEBUG - Invoice Date: 27 Jan 2024
2024-10-20 23:29:35,261 - INV-105_Urmila Jangam - DEBUG - Due Date: 27 Jan 2024
2024-10-20 23:29:35,261 - INV-105_Urmila Jangam - DEBUG - GSTIN: 23AADCU2395N1ZY
2024-10-20 23:29:35,261 - INV-105_Urmila Jangam - DEBUG - Total Amount: ₹2328.0
2024-10-20 23:29:35,261 - INV-105_Urmila Jangam - DEBUG - Place of Supply: 23-MADHYA PRADESH
2024-10-20 23:29:35,261 - INV-105_Urmila Jangam - DEBUG - 1Acne-UV Gel - spf 50 (50 gm)  620.34
775.42 (-20%)1 PAC620.34111.66 (18%)732.00
2keraglo Eva - 30 Tablet   488.14
610.17 (-20%)1 BTL488.1487.86 (18%)576.00
3Cetaphil Moisturising Lotion with Avo-
cado Oil, Vitamin E, B3 & B5 - 250 ml  864.34
982.20 (-12%)1 BTL864.34155.58 (18%)1,019.92
2024-10-20 23:29:35,261 - INV-105_Urmila Jangam - INFO - Extracting data from list of items purchased...
2024-10-20 23:29:35,261 - INV-105_Urmila Jangam - DEBUG - Acne-UV Gel - spf 50 (50 gm)  620.34 775.42 (-20%)1 PAC620.34111.66 (18%)732.00
2024-10-20 23:29:35,261 - INV-105_Urmila Jangam - DEBUG - Amount:732.00
2024-10-20 23:29:35,261 - INV-105_Urmila Jangam - DEBUG - Tax Pecentage:18.0
2024-10-20 23:29:35,261 - INV-105_Urmila Jangam - DEBUG - Tax Amount:111.66
2024-10-20 23:29:35,261 - INV-105_Urmila Jangam - DEBUG - Taxable Value:620.34
2024-10-20 23:29:35,261 - INV-105_Urmila Jangam - DEBUG - Quantity:1 PAC
2024-10-20 23:29:35,261 - INV-105_Urmila Jangam - DEBUG - Discount:-20%
2024-10-20 23:29:35,261 - INV-105_Urmila Jangam - DEBUG - Cost Price:775.42
2024-10-20 23:29:35,261 - INV-105_Urmila Jangam - DEBUG - Rate:620.34
2024-10-20 23:29:35,261 - INV-105_Urmila Jangam - DEBUG - Item:Acne-UV Gel - spf 50 (50 gm)
2024-10-20 23:29:35,261 - INV-105_Urmila Jangam - DEBUG - SGST Amount:55.83
2024-10-20 23:29:35,261 - INV-105_Urmila Jangam - DEBUG - CGST Amount:55.83
2024-10-20 23:29:35,261 - INV-105_Urmila Jangam - DEBUG - IGST Amount:None
2024-10-20 23:29:35,261 - INV-105_Urmila Jangam - DEBUG - SGST Rate:18.0
2024-10-20 23:29:35,261 - INV-105_Urmila Jangam - DEBUG - CGST Rate:18.0
2024-10-20 23:29:35,261 - INV-105_Urmila Jangam - DEBUG - IGST Rate:None
2024-10-20 23:29:35,261 - INV-105_Urmila Jangam - DEBUG - --------------------------
2024-10-20 23:29:35,261 - INV-105_Urmila Jangam - DEBUG - keraglo Eva - 30 Tablet   488.14 610.17 (-20%)1 BTL488.1487.86 (18%)576.00
2024-10-20 23:29:35,261 - INV-105_Urmila Jangam - DEBUG - Amount:576.00
2024-10-20 23:29:35,261 - INV-105_Urmila Jangam - DEBUG - Tax Pecentage:18.0
2024-10-20 23:29:35,261 - INV-105_Urmila Jangam - DEBUG - Tax Amount:87.86
2024-10-20 23:29:35,261 - INV-105_Urmila Jangam - DEBUG - Taxable Value:488.14
2024-10-20 23:29:35,261 - INV-105_Urmila Jangam - DEBUG - Quantity:1 BTL
2024-10-20 23:29:35,261 - INV-105_Urmila Jangam - DEBUG - Discount:-20%
2024-10-20 23:29:35,261 - INV-105_Urmila Jangam - DEBUG - Cost Price:610.17
2024-10-20 23:29:35,261 - INV-105_Urmila Jangam - DEBUG - Rate:488.14
2024-10-20 23:29:35,261 - INV-105_Urmila Jangam - DEBUG - Item:keraglo Eva - 30 Tablet
2024-10-20 23:29:35,261 - INV-105_Urmila Jangam - DEBUG - SGST Amount:43.93
2024-10-20 23:29:35,261 - INV-105_Urmila Jangam - DEBUG - CGST Amount:43.93
2024-10-20 23:29:35,261 - INV-105_Urmila Jangam - DEBUG - IGST Amount:None
2024-10-20 23:29:35,262 - INV-105_Urmila Jangam - DEBUG - SGST Rate:18.0
2024-10-20 23:29:35,262 - INV-105_Urmila Jangam - DEBUG - CGST Rate:18.0
2024-10-20 23:29:35,262 - INV-105_Urmila Jangam - DEBUG - IGST Rate:None
2024-10-20 23:29:35,262 - INV-105_Urmila Jangam - DEBUG - --------------------------
2024-10-20 23:29:35,262 - INV-105_Urmila Jangam - DEBUG - Cetaphil Moisturising Lotion with Avo- cado Oil, Vitamin E, B3 & B5 - 250 ml  864.34 982.20 (-12%)1 BTL864.34155.58 (18%)1,019.92
2024-10-20 23:29:35,262 - INV-105_Urmila Jangam - DEBUG - Amount:1,019.92
2024-10-20 23:29:35,262 - INV-105_Urmila Jangam - DEBUG - Tax Pecentage:18.0
2024-10-20 23:29:35,262 - INV-105_Urmila Jangam - DEBUG - Tax Amount:155.58
2024-10-20 23:29:35,262 - INV-105_Urmila Jangam - DEBUG - Taxable Value:864.34
2024-10-20 23:29:35,262 - INV-105_Urmila Jangam - DEBUG - Quantity:1 BTL
2024-10-20 23:29:35,262 - INV-105_Urmila Jangam - DEBUG - Discount:-12%
2024-10-20 23:29:35,262 - INV-105_Urmila Jangam - DEBUG - Cost Price:982.20
2024-10-20 23:29:35,262 - INV-105_Urmila Jangam - DEBUG - Rate:864.34
2024-10-20 23:29:35,262 - INV-105_Urmila Jangam - DEBUG - Item:Cetaphil Moisturising Lotion with Avo- cado Oil, Vitamin E, B3 & B5 - 250 ml
2024-10-20 23:29:35,262 - INV-105_Urmila Jangam - DEBUG - SGST Amount:77.79
2024-10-20 23:29:35,262 - INV-105_Urmila Jangam - DEBUG - CGST Amount:77.79
2024-10-20 23:29:35,262 - INV-105_Urmila Jangam - DEBUG - IGST Amount:None
2024-10-20 23:29:35,262 - INV-105_Urmila Jangam - DEBUG - SGST Rate:18.0
2024-10-20 23:29:35,262 - INV-105_Urmila Jangam - DEBUG - CGST Rate:18.0
2024-10-20 23:29:35,262 - INV-105_Urmila Jangam - DEBUG - IGST Rate:None
2024-10-20 23:29:35,262 - INV-105_Urmila Jangam - DEBUG - --------------------------
2024-10-20 23:29:35,262 - INV-105_Urmila Jangam - INFO - Extracted data from list of items purchased.
2024-10-20 23:29:35,262 - INV-105_Urmila Jangam.log - DEBUG - Checking invoice number: INV-105
2024-10-20 23:29:35,262 - INV-105_Urmila Jangam.log - DEBUG - Invoice number passed pattern check
2024-10-20 23:29:35,262 - INV-105_Urmila Jangam.log - DEBUG - Parsed invoice date: 2024-01-27 00:00:00
2024-10-20 23:29:35,262 - INV-105_Urmila Jangam.log - DEBUG - Parsed due date: 2024-01-27 00:00:00
2024-10-20 23:29:35,262 - INV-105_Urmila Jangam.log - DEBUG - Invoice date check passed
2024-10-20 23:29:35,262 - INV-105_Urmila Jangam.log - DEBUG - Due date check passed
2024-10-20 23:29:35,262 - INV-105_Urmila Jangam.log - DEBUG - Date logic check passed
2024-10-20 23:29:35,262 - INV-105_Urmila Jangam.log - DEBUG - Calculated total amount: 2327.92, expected: 2328.0
2024-10-20 23:29:35,262 - INV-105_Urmila Jangam.log - DEBUG - Total amount consistency check passed
2024-10-20 23:29:35,262 - INV-105_Urmila Jangam.log - DEBUG - Valid tax percentage count: 3
2024-10-20 23:29:35,262 - INV-105_Urmila Jangam.log - DEBUG - Valid quantity count: 3
2024-10-20 23:29:35,262 - INV-105_Urmila Jangam.log - INFO - Final confidence score: 1.0
