2024-10-20 23:29:34,788 - INV-141_Kasturi Kalwar - DEBUG - Logger initialized and logging to file.
2024-10-20 23:29:34,788 - INV-141_Kasturi Kalwar - INFO - Initializing PDF reader for file: Jan to Mar/INV-141_Kasturi Kalwar.pdf
2024-10-20 23:29:34,789 - INV-141_Kasturi Kalwar - INFO - PDF reader initialized successfully.
2024-10-20 23:29:34,789 - INV-141_Kasturi Kalwar - INFO - PDF contains only 1 page, Extracting data from PDF...
2024-10-20 23:29:34,805 - INV-141_Kasturi Kalwar - DEBUG - TA X  I N V O I C E O R I G I N A L  F O R  R E C I P I E N T 
UNCUE DERMACARE PRIVATE LIMITED
GSTIN 23AADCU2395N1ZY     
C/o KARUNA GUPTA KURELE, 1st Floor
S.P Bungalow Ke Pichhe, Shoagpur Shahdol, Shahdol
Shahdol, MADHYA PRADESH, 484001
Mobile +91 8585960963   Email ruhi@dermaq.in
Invoice #: INV-141 Invoice Date: 06 Mar 2024 Due Date: 06 Mar 2024
Customer Details:
Kasturi Kalwar
Place of Supply: 
23-MADHYA PRADESH
#Item Rate / Item QtyTaxable ValueTax AmountAmount
1Acne-UV Gel - spf 50 (50 gm)  620.34
775.42 (-20%)1 PAC620.34111.66 (18%)732.00
2Bioderma Sebium Hydra Moisturiser - 
40 ml  865.68
961.86 (-10%)1865.68155.82 (18%)1,021.50
Taxable Amount ₹1,486.02
CGST 9.0% ₹133.74
SGST 9.0% ₹133.74
Round Off 0.50
Total₹1,754.00
Total Discount ₹296.50
Total Items / Qty : 2 / 2.000 Total amount (in words):  INR One Thousand, Seven Hundred And Fifty-Four Rupees Only .
Amount Paid
Pay using UPI: 
Bank Details:
Bank:Kotak Mahindra Bank
Account #: 1146860541
IFSC Code: kkbk0000725
Branch: PUNE - CHINCHWAD
UnCue Dermacare Pvt LtdFor UNCUE DERMACARE PRIVATE LIMITED  
Authorized Signatory 
Swipe | Simple Invoicing, Billing and Payments | Visit getswipe.in
Page 1 / 1 This is a computer generated document and requires no signature.Powered By

2024-10-20 23:29:34,805 - INV-141_Kasturi Kalwar - INFO - Extracted basic data from PDF
2024-10-20 23:29:34,805 - INV-141_Kasturi Kalwar - DEBUG - Invoice Number: INV-141
2024-10-20 23:29:34,805 - INV-141_Kasturi Kalwar - DEBUG - Invoice Date: 06 Mar 2024
2024-10-20 23:29:34,805 - INV-141_Kasturi Kalwar - DEBUG - Due Date: 06 Mar 2024
2024-10-20 23:29:34,805 - INV-141_Kasturi Kalwar - DEBUG - GSTIN: 23AADCU2395N1ZY
2024-10-20 23:29:34,805 - INV-141_Kasturi Kalwar - DEBUG - Total Amount: ₹1754.0
2024-10-20 23:29:34,805 - INV-141_Kasturi Kalwar - DEBUG - Place of Supply: 23-MADHYA PRADESH
2024-10-20 23:29:34,805 - INV-141_Kasturi Kalwar - DEBUG - 1Acne-UV Gel - spf 50 (50 gm)  620.34
775.42 (-20%)1 PAC620.34111.66 (18%)732.00
2Bioderma Sebium Hydra Moisturiser - 
40 ml  865.68
961.86 (-10%)1865.68155.82 (18%)1,021.50
2024-10-20 23:29:34,805 - INV-141_Kasturi Kalwar - INFO - Extracting data from list of items purchased...
2024-10-20 23:29:34,805 - INV-141_Kasturi Kalwar - DEBUG - Acne-UV Gel - spf 50 (50 gm)  620.34 775.42 (-20%)1 PAC620.34111.66 (18%)732.00
2024-10-20 23:29:34,806 - INV-141_Kasturi Kalwar - DEBUG - Amount:732.00
2024-10-20 23:29:34,806 - INV-141_Kasturi Kalwar - DEBUG - Tax Pecentage:18.0
2024-10-20 23:29:34,806 - INV-141_Kasturi Kalwar - DEBUG - Tax Amount:111.66
2024-10-20 23:29:34,806 - INV-141_Kasturi Kalwar - DEBUG - Taxable Value:620.34
2024-10-20 23:29:34,806 - INV-141_Kasturi Kalwar - DEBUG - Quantity:1 PAC
2024-10-20 23:29:34,806 - INV-141_Kasturi Kalwar - DEBUG - Discount:-20%
2024-10-20 23:29:34,806 - INV-141_Kasturi Kalwar - DEBUG - Cost Price:775.42
2024-10-20 23:29:34,806 - INV-141_Kasturi Kalwar - DEBUG - Rate:620.34
2024-10-20 23:29:34,806 - INV-141_Kasturi Kalwar - DEBUG - Item:Acne-UV Gel - spf 50 (50 gm)
2024-10-20 23:29:34,806 - INV-141_Kasturi Kalwar - DEBUG - SGST Amount:55.83
2024-10-20 23:29:34,806 - INV-141_Kasturi Kalwar - DEBUG - CGST Amount:55.83
2024-10-20 23:29:34,806 - INV-141_Kasturi Kalwar - DEBUG - IGST Amount:None
2024-10-20 23:29:34,806 - INV-141_Kasturi Kalwar - DEBUG - SGST Rate:18.0
2024-10-20 23:29:34,806 - INV-141_Kasturi Kalwar - DEBUG - CGST Rate:18.0
2024-10-20 23:29:34,806 - INV-141_Kasturi Kalwar - DEBUG - IGST Rate:None
2024-10-20 23:29:34,806 - INV-141_Kasturi Kalwar - DEBUG - --------------------------
2024-10-20 23:29:34,806 - INV-141_Kasturi Kalwar - DEBUG - Bioderma Sebium Hydra Moisturiser -  40 ml  865.68 961.86 (-10%)1865.68155.82 (18%)1,021.50
2024-10-20 23:29:34,806 - INV-141_Kasturi Kalwar - DEBUG - Amount:1,021.50
2024-10-20 23:29:34,806 - INV-141_Kasturi Kalwar - DEBUG - Tax Pecentage:18.0
2024-10-20 23:29:34,806 - INV-141_Kasturi Kalwar - DEBUG - Tax Amount:155.82
2024-10-20 23:29:34,806 - INV-141_Kasturi Kalwar - DEBUG - Taxable Value:865.68
2024-10-20 23:29:34,806 - INV-141_Kasturi Kalwar - DEBUG - Quantity:1
2024-10-20 23:29:34,806 - INV-141_Kasturi Kalwar - DEBUG - Discount:-10%
2024-10-20 23:29:34,806 - INV-141_Kasturi Kalwar - DEBUG - Cost Price:961.86
2024-10-20 23:29:34,806 - INV-141_Kasturi Kalwar - DEBUG - Rate:865.68
2024-10-20 23:29:34,806 - INV-141_Kasturi Kalwar - DEBUG - Item:Bioderma Sebium Hydra Moisturiser -  40 ml
2024-10-20 23:29:34,806 - INV-141_Kasturi Kalwar - DEBUG - SGST Amount:77.91
2024-10-20 23:29:34,806 - INV-141_Kasturi Kalwar - DEBUG - CGST Amount:77.91
2024-10-20 23:29:34,806 - INV-141_Kasturi Kalwar - DEBUG - IGST Amount:None
2024-10-20 23:29:34,806 - INV-141_Kasturi Kalwar - DEBUG - SGST Rate:18.0
2024-10-20 23:29:34,806 - INV-141_Kasturi Kalwar - DEBUG - CGST Rate:18.0
2024-10-20 23:29:34,806 - INV-141_Kasturi Kalwar - DEBUG - IGST Rate:None
2024-10-20 23:29:34,806 - INV-141_Kasturi Kalwar - DEBUG - --------------------------
2024-10-20 23:29:34,806 - INV-141_Kasturi Kalwar - INFO - Extracted data from list of items purchased.
2024-10-20 23:29:34,806 - INV-141_Kasturi Kalwar.log - DEBUG - Checking invoice number: INV-141
2024-10-20 23:29:34,806 - INV-141_Kasturi Kalwar.log - DEBUG - Invoice number passed pattern check
2024-10-20 23:29:34,806 - INV-141_Kasturi Kalwar.log - DEBUG - Parsed invoice date: 2024-03-06 00:00:00
2024-10-20 23:29:34,806 - INV-141_Kasturi Kalwar.log - DEBUG - Parsed due date: 2024-03-06 00:00:00
2024-10-20 23:29:34,806 - INV-141_Kasturi Kalwar.log - DEBUG - Invoice date check passed
2024-10-20 23:29:34,806 - INV-141_Kasturi Kalwar.log - DEBUG - Due date check passed
2024-10-20 23:29:34,806 - INV-141_Kasturi Kalwar.log - DEBUG - Date logic check passed
2024-10-20 23:29:34,806 - INV-141_Kasturi Kalwar.log - DEBUG - Calculated total amount: 1753.5, expected: 1754.0
2024-10-20 23:29:34,806 - INV-141_Kasturi Kalwar.log - DEBUG - Total amount consistency check passed
2024-10-20 23:29:34,806 - INV-141_Kasturi Kalwar.log - DEBUG - Valid tax percentage count: 2
2024-10-20 23:29:34,806 - INV-141_Kasturi Kalwar.log - DEBUG - Valid quantity count: 2
2024-10-20 23:29:34,806 - INV-141_Kasturi Kalwar.log - INFO - Final confidence score: 1.0
