2024-10-20 23:29:35,075 - INV-110_Kushagra Tiwari - DEBUG - Logger initialized and logging to file.
2024-10-20 23:29:35,075 - INV-110_Kushagra Tiwari - INFO - Initializing PDF reader for file: Jan to Mar/INV-110_Kushagra Tiwari.pdf
2024-10-20 23:29:35,075 - INV-110_Kushagra Tiwari - INFO - PDF reader initialized successfully.
2024-10-20 23:29:35,075 - INV-110_Kushagra Tiwari - INFO - PDF contains only 1 page, Extracting data from PDF...
2024-10-20 23:29:35,092 - INV-110_Kushagra Tiwari - DEBUG - TA X  I N V O I C E O R I G I N A L  F O R  R E C I P I E N T 
UNCUE DERMACARE PRIVATE LIMITED
GSTIN 23AADCU2395N1ZY     
C/o KARUNA GUPTA KURELE, 1st Floor
S.P Bungalow Ke Pichhe, Shoagpur Shahdol, Shahdol
Shahdol, MADHYA PRADESH, 484001
Mobile +91 8585960963   Email ruhi@dermaq.in
Invoice #: INV-110 Invoice Date: 29 Jan 2024 Due Date: 29 Jan 2024
Customer Details:
Kushagra Tiwari
Ph: 6393569079
Place of Supply: 
23-MADHYA PRADESH
#Item Rate / Item QtyTaxable ValueTax AmountAmount
1Arachitol Nano (60k) 4*5ml  299.58
340.43 (-12%)3 BTL898.73107.85 (12%)1,006.58
2ME-12 OD (15 tabs)  100.18
113.84 (-12%)6 STRP601.0772.13 (12%)673.20
Taxable Amount ₹1,499.80
CGST 6.0% ₹89.99
SGST 6.0% ₹89.99
Round Off 0.22
Total₹1,680.00
Total Discount ₹229.06
Total Items / Qty : 2 / 9.000 Total amount (in words):  INR One Thousand, Six Hundred And Eighty Rupees Only .
Amount Paid
Pay using UPI: 
Bank Details:
Bank:Kotak Mahindra Bank
Account #: 1146860541
IFSC Code: kkbk0000725
Branch: PUNE - CHINCHWAD
UnCue Dermacare Pvt LtdFor UNCUE DERMACARE PRIVATE LIMITED  
Authorized Signatory 
Swipe | Simple Invoicing, Billing and Payments | Visit getswipe.in
Page 1 / 1 This is a computer generated document and requires no signature.Powered By

2024-10-20 23:29:35,092 - INV-110_Kushagra Tiwari - INFO - Extracted basic data from PDF
2024-10-20 23:29:35,092 - INV-110_Kushagra Tiwari - DEBUG - Invoice Number: INV-110
2024-10-20 23:29:35,092 - INV-110_Kushagra Tiwari - DEBUG - Invoice Date: 29 Jan 2024
2024-10-20 23:29:35,092 - INV-110_Kushagra Tiwari - DEBUG - Due Date: 29 Jan 2024
2024-10-20 23:29:35,092 - INV-110_Kushagra Tiwari - DEBUG - GSTIN: 23AADCU2395N1ZY
2024-10-20 23:29:35,092 - INV-110_Kushagra Tiwari - DEBUG - Total Amount: ₹1680.0
2024-10-20 23:29:35,092 - INV-110_Kushagra Tiwari - DEBUG - Place of Supply: 23-MADHYA PRADESH
2024-10-20 23:29:35,092 - INV-110_Kushagra Tiwari - DEBUG - 1Arachitol Nano (60k) 4*5ml  299.58
340.43 (-12%)3 BTL898.73107.85 (12%)1,006.58
2ME-12 OD (15 tabs)  100.18
113.84 (-12%)6 STRP601.0772.13 (12%)673.20
2024-10-20 23:29:35,092 - INV-110_Kushagra Tiwari - INFO - Extracting data from list of items purchased...
2024-10-20 23:29:35,092 - INV-110_Kushagra Tiwari - DEBUG - Arachitol Nano (60k) 4*5ml  299.58 340.43 (-12%)3 BTL898.73107.85 (12%)1,006.58
2024-10-20 23:29:35,092 - INV-110_Kushagra Tiwari - DEBUG - Amount:1,006.58
2024-10-20 23:29:35,092 - INV-110_Kushagra Tiwari - DEBUG - Tax Pecentage:12.0
2024-10-20 23:29:35,092 - INV-110_Kushagra Tiwari - DEBUG - Tax Amount:107.85
2024-10-20 23:29:35,092 - INV-110_Kushagra Tiwari - DEBUG - Taxable Value:898.73
2024-10-20 23:29:35,092 - INV-110_Kushagra Tiwari - DEBUG - Quantity:3 BTL
2024-10-20 23:29:35,092 - INV-110_Kushagra Tiwari - DEBUG - Discount:-12%
2024-10-20 23:29:35,092 - INV-110_Kushagra Tiwari - DEBUG - Cost Price:340.43
2024-10-20 23:29:35,092 - INV-110_Kushagra Tiwari - DEBUG - Rate:299.58
2024-10-20 23:29:35,092 - INV-110_Kushagra Tiwari - DEBUG - Item:Arachitol Nano (60k) 4*5ml
2024-10-20 23:29:35,092 - INV-110_Kushagra Tiwari - DEBUG - SGST Amount:53.925
2024-10-20 23:29:35,092 - INV-110_Kushagra Tiwari - DEBUG - CGST Amount:53.925
2024-10-20 23:29:35,092 - INV-110_Kushagra Tiwari - DEBUG - IGST Amount:None
2024-10-20 23:29:35,092 - INV-110_Kushagra Tiwari - DEBUG - SGST Rate:12.0
2024-10-20 23:29:35,092 - INV-110_Kushagra Tiwari - DEBUG - CGST Rate:12.0
2024-10-20 23:29:35,092 - INV-110_Kushagra Tiwari - DEBUG - IGST Rate:None
2024-10-20 23:29:35,092 - INV-110_Kushagra Tiwari - DEBUG - --------------------------
2024-10-20 23:29:35,092 - INV-110_Kushagra Tiwari - DEBUG - ME-12 OD (15 tabs)  100.18 113.84 (-12%)6 STRP601.0772.13 (12%)673.20
2024-10-20 23:29:35,092 - INV-110_Kushagra Tiwari - DEBUG - Amount:673.20
2024-10-20 23:29:35,092 - INV-110_Kushagra Tiwari - DEBUG - Tax Pecentage:12.0
2024-10-20 23:29:35,092 - INV-110_Kushagra Tiwari - DEBUG - Tax Amount:72.13
2024-10-20 23:29:35,092 - INV-110_Kushagra Tiwari - DEBUG - Taxable Value:601.07
2024-10-20 23:29:35,092 - INV-110_Kushagra Tiwari - DEBUG - Quantity:6 STRP
2024-10-20 23:29:35,092 - INV-110_Kushagra Tiwari - DEBUG - Discount:-12%
2024-10-20 23:29:35,092 - INV-110_Kushagra Tiwari - DEBUG - Cost Price:113.84
2024-10-20 23:29:35,092 - INV-110_Kushagra Tiwari - DEBUG - Rate:100.18
2024-10-20 23:29:35,092 - INV-110_Kushagra Tiwari - DEBUG - Item:ME-12 OD (15 tabs)
2024-10-20 23:29:35,092 - INV-110_Kushagra Tiwari - DEBUG - SGST Amount:36.065
2024-10-20 23:29:35,092 - INV-110_Kushagra Tiwari - DEBUG - CGST Amount:36.065
2024-10-20 23:29:35,092 - INV-110_Kushagra Tiwari - DEBUG - IGST Amount:None
2024-10-20 23:29:35,092 - INV-110_Kushagra Tiwari - DEBUG - SGST Rate:12.0
2024-10-20 23:29:35,092 - INV-110_Kushagra Tiwari - DEBUG - CGST Rate:12.0
2024-10-20 23:29:35,092 - INV-110_Kushagra Tiwari - DEBUG - IGST Rate:None
2024-10-20 23:29:35,092 - INV-110_Kushagra Tiwari - DEBUG - --------------------------
2024-10-20 23:29:35,092 - INV-110_Kushagra Tiwari - INFO - Extracted data from list of items purchased.
2024-10-20 23:29:35,092 - INV-110_Kushagra Tiwari.log - DEBUG - Checking invoice number: INV-110
2024-10-20 23:29:35,092 - INV-110_Kushagra Tiwari.log - DEBUG - Invoice number passed pattern check
2024-10-20 23:29:35,092 - INV-110_Kushagra Tiwari.log - DEBUG - Parsed invoice date: 2024-01-29 00:00:00
2024-10-20 23:29:35,092 - INV-110_Kushagra Tiwari.log - DEBUG - Parsed due date: 2024-01-29 00:00:00
2024-10-20 23:29:35,092 - INV-110_Kushagra Tiwari.log - DEBUG - Invoice date check passed
2024-10-20 23:29:35,092 - INV-110_Kushagra Tiwari.log - DEBUG - Due date check passed
2024-10-20 23:29:35,092 - INV-110_Kushagra Tiwari.log - DEBUG - Date logic check passed
2024-10-20 23:29:35,092 - INV-110_Kushagra Tiwari.log - DEBUG - Calculated total amount: 1679.7800000000002, expected: 1680.0
2024-10-20 23:29:35,092 - INV-110_Kushagra Tiwari.log - DEBUG - Total amount consistency check passed
2024-10-20 23:29:35,092 - INV-110_Kushagra Tiwari.log - DEBUG - Valid tax percentage count: 2
2024-10-20 23:29:35,092 - INV-110_Kushagra Tiwari.log - DEBUG - Valid quantity count: 2
2024-10-20 23:29:35,092 - INV-110_Kushagra Tiwari.log - INFO - Final confidence score: 1.0
