2024-10-20 23:29:35,485 - INV-148_harshit rathore - DEBUG - Logger initialized and logging to file.
2024-10-20 23:29:35,485 - INV-148_harshit rathore - INFO - Initializing PDF reader for file: Jan to Mar/INV-148_harshit rathore.pdf
2024-10-20 23:29:35,485 - INV-148_harshit rathore - INFO - PDF reader initialized successfully.
2024-10-20 23:29:35,485 - INV-148_harshit rathore - INFO - PDF contains only 1 page, Extracting data from PDF...
2024-10-20 23:29:35,510 - INV-148_harshit rathore - DEBUG - TA X  I N V O I C E O R I G I N A L  F O R  R E C I P I E N T 
UNCUE DERMACARE PRIVATE LIMITED
GSTIN 23AADCU2395N1ZY     
C/o KARUNA GUPTA KURELE, 1st Floor
S.P Bungalow Ke Pichhe, Shoagpur Shahdol, Shahdol
Shahdol, MADHYA PRADESH, 484001
Mobile +91 8585960963   Email ruhi@dermaq.in
Invoice #: INV-148 Invoice Date: 30 Mar 2024 Due Date: 01 Apr 2024
Customer Details:
harshit rathore
Place of Supply: 
23-MADHYA PRADESH
#Item Rate / Item QtyTaxable ValueTax AmountAmount
1Zincovit tablet  78.31
88.98 (-12%)6 STRP469.8384.57 (18%)554.40
2Sevenseas Cap 303.29
344.64 (-12%)2 BTL606.5772.79 (12%)679.36
Taxable Amount ₹1,076.40
CGST 6.0% ₹36.39
SGST 6.0% ₹36.39
CGST 9.0% ₹42.28
SGST 9.0% ₹42.28
Round Off 0.24
Total₹1,234.00
Total Discount ₹168.24
Total Items / Qty : 2 / 8.000 Total amount (in words):  INR One Thousand, Two Hundred And Thirty-Four Rupees Only .
Amount Paid
Pay using UPI: 
Bank Details:
Bank:Kotak Mahindra Bank
Account #: 1146860541
IFSC Code: kkbk0000725
Branch: PUNE - CHINCHWAD
UnCue Dermacare Pvt LtdFor UNCUE DERMACARE PRIVATE LIMITED  
Authorized Signatory 
Swipe | Simple Invoicing, Billing and Payments | Visit getswipe.in
Page 1 / 1 This is a computer generated document and requires no signature.Powered By

2024-10-20 23:29:35,510 - INV-148_harshit rathore - INFO - Extracted basic data from PDF
2024-10-20 23:29:35,510 - INV-148_harshit rathore - DEBUG - Invoice Number: INV-148
2024-10-20 23:29:35,510 - INV-148_harshit rathore - DEBUG - Invoice Date: 30 Mar 2024
2024-10-20 23:29:35,510 - INV-148_harshit rathore - DEBUG - Due Date: 01 Apr 2024
2024-10-20 23:29:35,510 - INV-148_harshit rathore - DEBUG - GSTIN: 23AADCU2395N1ZY
2024-10-20 23:29:35,510 - INV-148_harshit rathore - DEBUG - Total Amount: ₹1234.0
2024-10-20 23:29:35,510 - INV-148_harshit rathore - DEBUG - Place of Supply: 23-MADHYA PRADESH
2024-10-20 23:29:35,510 - INV-148_harshit rathore - DEBUG - 1Zincovit tablet  78.31
88.98 (-12%)6 STRP469.8384.57 (18%)554.40
2Sevenseas Cap 303.29
344.64 (-12%)2 BTL606.5772.79 (12%)679.36
2024-10-20 23:29:35,510 - INV-148_harshit rathore - INFO - Extracting data from list of items purchased...
2024-10-20 23:29:35,510 - INV-148_harshit rathore - DEBUG - Zincovit tablet  78.31 88.98 (-12%)6 STRP469.8384.57 (18%)554.40
2024-10-20 23:29:35,511 - INV-148_harshit rathore - DEBUG - Amount:554.40
2024-10-20 23:29:35,511 - INV-148_harshit rathore - DEBUG - Tax Pecentage:18.0
2024-10-20 23:29:35,511 - INV-148_harshit rathore - DEBUG - Tax Amount:84.57
2024-10-20 23:29:35,511 - INV-148_harshit rathore - DEBUG - Taxable Value:469.83
2024-10-20 23:29:35,511 - INV-148_harshit rathore - DEBUG - Quantity:6 STRP
2024-10-20 23:29:35,511 - INV-148_harshit rathore - DEBUG - Discount:-12%
2024-10-20 23:29:35,511 - INV-148_harshit rathore - DEBUG - Cost Price:88.98
2024-10-20 23:29:35,511 - INV-148_harshit rathore - DEBUG - Rate:78.31
2024-10-20 23:29:35,511 - INV-148_harshit rathore - DEBUG - Item:Zincovit tablet
2024-10-20 23:29:35,511 - INV-148_harshit rathore - DEBUG - SGST Amount:42.285
2024-10-20 23:29:35,511 - INV-148_harshit rathore - DEBUG - CGST Amount:42.285
2024-10-20 23:29:35,511 - INV-148_harshit rathore - DEBUG - IGST Amount:None
2024-10-20 23:29:35,511 - INV-148_harshit rathore - DEBUG - SGST Rate:18.0
2024-10-20 23:29:35,511 - INV-148_harshit rathore - DEBUG - CGST Rate:18.0
2024-10-20 23:29:35,511 - INV-148_harshit rathore - DEBUG - IGST Rate:None
2024-10-20 23:29:35,511 - INV-148_harshit rathore - DEBUG - --------------------------
2024-10-20 23:29:35,511 - INV-148_harshit rathore - DEBUG - Sevenseas Cap 303.29 344.64 (-12%)2 BTL606.5772.79 (12%)679.36
2024-10-20 23:29:35,511 - INV-148_harshit rathore - DEBUG - Amount:679.36
2024-10-20 23:29:35,511 - INV-148_harshit rathore - DEBUG - Tax Pecentage:12.0
2024-10-20 23:29:35,511 - INV-148_harshit rathore - DEBUG - Tax Amount:72.79
2024-10-20 23:29:35,511 - INV-148_harshit rathore - DEBUG - Taxable Value:606.57
2024-10-20 23:29:35,511 - INV-148_harshit rathore - DEBUG - Quantity:2 BTL
2024-10-20 23:29:35,511 - INV-148_harshit rathore - DEBUG - Discount:-12%
2024-10-20 23:29:35,511 - INV-148_harshit rathore - DEBUG - Cost Price:344.64
2024-10-20 23:29:35,511 - INV-148_harshit rathore - DEBUG - Rate:303.29
2024-10-20 23:29:35,511 - INV-148_harshit rathore - DEBUG - Item:Sevenseas Cap
2024-10-20 23:29:35,511 - INV-148_harshit rathore - DEBUG - SGST Amount:36.395
2024-10-20 23:29:35,511 - INV-148_harshit rathore - DEBUG - CGST Amount:36.395
2024-10-20 23:29:35,511 - INV-148_harshit rathore - DEBUG - IGST Amount:None
2024-10-20 23:29:35,511 - INV-148_harshit rathore - DEBUG - SGST Rate:12.0
2024-10-20 23:29:35,511 - INV-148_harshit rathore - DEBUG - CGST Rate:12.0
2024-10-20 23:29:35,511 - INV-148_harshit rathore - DEBUG - IGST Rate:None
2024-10-20 23:29:35,511 - INV-148_harshit rathore - DEBUG - --------------------------
2024-10-20 23:29:35,511 - INV-148_harshit rathore - INFO - Extracted data from list of items purchased.
2024-10-20 23:29:35,511 - INV-148_harshit rathore.log - DEBUG - Checking invoice number: INV-148
2024-10-20 23:29:35,511 - INV-148_harshit rathore.log - DEBUG - Invoice number passed pattern check
2024-10-20 23:29:35,511 - INV-148_harshit rathore.log - DEBUG - Parsed invoice date: 2024-03-30 00:00:00
2024-10-20 23:29:35,511 - INV-148_harshit rathore.log - DEBUG - Parsed due date: 2024-04-01 00:00:00
2024-10-20 23:29:35,511 - INV-148_harshit rathore.log - DEBUG - Invoice date check passed
2024-10-20 23:29:35,511 - INV-148_harshit rathore.log - DEBUG - Due date check passed
2024-10-20 23:29:35,511 - INV-148_harshit rathore.log - DEBUG - Date logic check passed
2024-10-20 23:29:35,511 - INV-148_harshit rathore.log - DEBUG - Calculated total amount: 1233.76, expected: 1234.0
2024-10-20 23:29:35,511 - INV-148_harshit rathore.log - DEBUG - Total amount consistency check passed
2024-10-20 23:29:35,511 - INV-148_harshit rathore.log - DEBUG - Valid tax percentage count: 2
2024-10-20 23:29:35,511 - INV-148_harshit rathore.log - DEBUG - Valid quantity count: 2
2024-10-20 23:29:35,511 - INV-148_harshit rathore.log - INFO - Final confidence score: 1.0
