2024-10-20 23:29:35,116 - INV-129_Divya Suhane - DEBUG - Logger initialized and logging to file.
2024-10-20 23:29:35,116 - INV-129_Divya Suhane - INFO - Initializing PDF reader for file: Jan to Mar/INV-129_Divya Suhane.pdf
2024-10-20 23:29:35,116 - INV-129_Divya Suhane - INFO - PDF reader initialized successfully.
2024-10-20 23:29:35,117 - INV-129_Divya Suhane - INFO - PDF contains only 1 page, Extracting data from PDF...
2024-10-20 23:29:35,134 - INV-129_Divya Suhane - DEBUG - TA X  I N V O I C E O R I G I N A L  F O R  R E C I P I E N T 
UNCUE DERMACARE PRIVATE LIMITED
GSTIN 23AADCU2395N1ZY     
C/o KARUNA GUPTA KURELE, 1st Floor
S.P Bungalow Ke Pichhe, Shoagpur Shahdol, Shahdol
Shahdol, MADHYA PRADESH, 484001
Mobile +91 8585960963   Email ruhi@dermaq.in
Invoice #: INV-129 Invoice Date: 23 Feb 2024 Due Date: 23 Feb 2024
Customer Details:
Divya Suhane
Ph: 6261616609
Place of Supply: 
23-MADHYA PRADESH
#Item Rate / Item QtyTaxable ValueTax AmountAmount
1sotret nf 16 mg - 10 capsules  282.86
321.43 (-12%)3 STRP848.57101.83 (12%)950.40
2Ekran Aqua Sunscreen Spf 30  268.47
305.08 (-12%)1 PAC268.4748.33 (18%)316.80
Taxable Amount ₹1,117.05
CGST 6.0% ₹50.91
SGST 6.0% ₹50.91
CGST 9.0% ₹24.16
SGST 9.0% ₹24.16
Round Off -0.20
Total₹1,267.00
Total Discount ₹172.80
Total Items / Qty : 2 / 4.000 Total amount (in words):  INR One Thousand, Two Hundred And Sixty-Seven Rupees Only .
Amount Paid
Pay using UPI: 
Bank Details:
Bank:Kotak Mahindra Bank
Account #: 1146860541
IFSC Code: kkbk0000725
Branch: PUNE - CHINCHWAD
UnCue Dermacare Pvt LtdFor UNCUE DERMACARE PRIVATE LIMITED  
Authorized Signatory 
Swipe | Simple Invoicing, Billing and Payments | Visit getswipe.in
Page 1 / 1 This is a computer generated document and requires no signature.Powered By

2024-10-20 23:29:35,134 - INV-129_Divya Suhane - INFO - Extracted basic data from PDF
2024-10-20 23:29:35,134 - INV-129_Divya Suhane - DEBUG - Invoice Number: INV-129
2024-10-20 23:29:35,134 - INV-129_Divya Suhane - DEBUG - Invoice Date: 23 Feb 2024
2024-10-20 23:29:35,134 - INV-129_Divya Suhane - DEBUG - Due Date: 23 Feb 2024
2024-10-20 23:29:35,134 - INV-129_Divya Suhane - DEBUG - GSTIN: 23AADCU2395N1ZY
2024-10-20 23:29:35,134 - INV-129_Divya Suhane - DEBUG - Total Amount: ₹1267.0
2024-10-20 23:29:35,134 - INV-129_Divya Suhane - DEBUG - Place of Supply: 23-MADHYA PRADESH
2024-10-20 23:29:35,134 - INV-129_Divya Suhane - DEBUG - 1sotret nf 16 mg - 10 capsules  282.86
321.43 (-12%)3 STRP848.57101.83 (12%)950.40
2Ekran Aqua Sunscreen Spf 30  268.47
305.08 (-12%)1 PAC268.4748.33 (18%)316.80
2024-10-20 23:29:35,134 - INV-129_Divya Suhane - INFO - Extracting data from list of items purchased...
2024-10-20 23:29:35,134 - INV-129_Divya Suhane - DEBUG - sotret nf 16 mg - 10 capsules  282.86 321.43 (-12%)3 STRP848.57101.83 (12%)950.40
2024-10-20 23:29:35,134 - INV-129_Divya Suhane - DEBUG - Amount:950.40
2024-10-20 23:29:35,134 - INV-129_Divya Suhane - DEBUG - Tax Pecentage:12.0
2024-10-20 23:29:35,134 - INV-129_Divya Suhane - DEBUG - Tax Amount:101.83
2024-10-20 23:29:35,134 - INV-129_Divya Suhane - DEBUG - Taxable Value:848.57
2024-10-20 23:29:35,134 - INV-129_Divya Suhane - DEBUG - Quantity:3 STRP
2024-10-20 23:29:35,135 - INV-129_Divya Suhane - DEBUG - Discount:-12%
2024-10-20 23:29:35,135 - INV-129_Divya Suhane - DEBUG - Cost Price:321.43
2024-10-20 23:29:35,135 - INV-129_Divya Suhane - DEBUG - Rate:282.86
2024-10-20 23:29:35,135 - INV-129_Divya Suhane - DEBUG - Item:sotret nf 16 mg - 10 capsules
2024-10-20 23:29:35,135 - INV-129_Divya Suhane - DEBUG - SGST Amount:50.915
2024-10-20 23:29:35,135 - INV-129_Divya Suhane - DEBUG - CGST Amount:50.915
2024-10-20 23:29:35,135 - INV-129_Divya Suhane - DEBUG - IGST Amount:None
2024-10-20 23:29:35,135 - INV-129_Divya Suhane - DEBUG - SGST Rate:12.0
2024-10-20 23:29:35,135 - INV-129_Divya Suhane - DEBUG - CGST Rate:12.0
2024-10-20 23:29:35,135 - INV-129_Divya Suhane - DEBUG - IGST Rate:None
2024-10-20 23:29:35,135 - INV-129_Divya Suhane - DEBUG - --------------------------
2024-10-20 23:29:35,135 - INV-129_Divya Suhane - DEBUG - Ekran Aqua Sunscreen Spf 30  268.47 305.08 (-12%)1 PAC268.4748.33 (18%)316.80
2024-10-20 23:29:35,135 - INV-129_Divya Suhane - DEBUG - Amount:316.80
2024-10-20 23:29:35,135 - INV-129_Divya Suhane - DEBUG - Tax Pecentage:18.0
2024-10-20 23:29:35,135 - INV-129_Divya Suhane - DEBUG - Tax Amount:48.33
2024-10-20 23:29:35,135 - INV-129_Divya Suhane - DEBUG - Taxable Value:268.47
2024-10-20 23:29:35,135 - INV-129_Divya Suhane - DEBUG - Quantity:1 PAC
2024-10-20 23:29:35,135 - INV-129_Divya Suhane - DEBUG - Discount:-12%
2024-10-20 23:29:35,135 - INV-129_Divya Suhane - DEBUG - Cost Price:305.08
2024-10-20 23:29:35,135 - INV-129_Divya Suhane - DEBUG - Rate:268.47
2024-10-20 23:29:35,135 - INV-129_Divya Suhane - DEBUG - Item:Ekran Aqua Sunscreen Spf 30
2024-10-20 23:29:35,135 - INV-129_Divya Suhane - DEBUG - SGST Amount:24.165
2024-10-20 23:29:35,135 - INV-129_Divya Suhane - DEBUG - CGST Amount:24.165
2024-10-20 23:29:35,135 - INV-129_Divya Suhane - DEBUG - IGST Amount:None
2024-10-20 23:29:35,135 - INV-129_Divya Suhane - DEBUG - SGST Rate:18.0
2024-10-20 23:29:35,135 - INV-129_Divya Suhane - DEBUG - CGST Rate:18.0
2024-10-20 23:29:35,135 - INV-129_Divya Suhane - DEBUG - IGST Rate:None
2024-10-20 23:29:35,135 - INV-129_Divya Suhane - DEBUG - --------------------------
2024-10-20 23:29:35,135 - INV-129_Divya Suhane - INFO - Extracted data from list of items purchased.
2024-10-20 23:29:35,135 - INV-129_Divya Suhane.log - DEBUG - Checking invoice number: INV-129
2024-10-20 23:29:35,135 - INV-129_Divya Suhane.log - DEBUG - Invoice number passed pattern check
2024-10-20 23:29:35,135 - INV-129_Divya Suhane.log - DEBUG - Parsed invoice date: 2024-02-23 00:00:00
2024-10-20 23:29:35,135 - INV-129_Divya Suhane.log - DEBUG - Parsed due date: 2024-02-23 00:00:00
2024-10-20 23:29:35,135 - INV-129_Divya Suhane.log - DEBUG - Invoice date check passed
2024-10-20 23:29:35,135 - INV-129_Divya Suhane.log - DEBUG - Due date check passed
2024-10-20 23:29:35,135 - INV-129_Divya Suhane.log - DEBUG - Date logic check passed
2024-10-20 23:29:35,135 - INV-129_Divya Suhane.log - DEBUG - Calculated total amount: 1267.2, expected: 1267.0
2024-10-20 23:29:35,135 - INV-129_Divya Suhane.log - DEBUG - Total amount consistency check passed
2024-10-20 23:29:35,135 - INV-129_Divya Suhane.log - DEBUG - Valid tax percentage count: 2
2024-10-20 23:29:35,135 - INV-129_Divya Suhane.log - DEBUG - Valid quantity count: 2
2024-10-20 23:29:35,135 - INV-129_Divya Suhane.log - INFO - Final confidence score: 1.0
