2024-10-20 23:29:35,135 - INV-142_Urmila Jangam - DEBUG - Logger initialized and logging to file.
2024-10-20 23:29:35,135 - INV-142_Urmila Jangam - INFO - Initializing PDF reader for file: Jan to Mar/INV-142_Urmila Jangam.pdf
2024-10-20 23:29:35,135 - INV-142_Urmila Jangam - INFO - PDF reader initialized successfully.
2024-10-20 23:29:35,135 - INV-142_Urmila Jangam - INFO - PDF contains only 1 page, Extracting data from PDF...
2024-10-20 23:29:35,150 - INV-142_Urmila Jangam - DEBUG - TA X  I N V O I C E O R I G I N A L  F O R  R E C I P I E N T 
UNCUE DERMACARE PRIVATE LIMITED
GSTIN 23AADCU2395N1ZY     
C/o KARUNA GUPTA KURELE, 1st Floor
S.P Bungalow Ke Pichhe, Shoagpur Shahdol, Shahdol
Shahdol, MADHYA PRADESH, 484001
Mobile +91 8585960963   Email ruhi@dermaq.in
Invoice #: INV-142 Invoice Date: 07 Mar 2024 Due Date: 07 Mar 2024
Customer Details:
Urmila Jangam
Ph: 9552724364
Place of Supply: 
23-MADHYA PRADESH
#Item Rate / Item QtyTaxable ValueTax AmountAmount
1Kera XL New Hair Growth Serum  874.58
1,093.22 (-20%)1 BTL874.58157.42 (18%)1,032.00
Taxable Amount ₹874.58
CGST 9.0% ₹78.71
SGST 9.0% ₹78.71
Total₹1,032.00
Total Discount ₹258.00
Total Items / Qty : 1 / 1.000 Total amount (in words):  INR One Thousand And Thirty-Two Rupees Only .
Amount Paid
Pay using UPI: 
Bank Details:
Bank:Kotak Mahindra Bank
Account #: 1146860541
IFSC Code: kkbk0000725
Branch: PUNE - CHINCHWAD
UnCue Dermacare Pvt LtdFor UNCUE DERMACARE PRIVATE LIMITED  
Authorized Signatory 
Swipe | Simple Invoicing, Billing and Payments | Visit getswipe.in
Page 1 / 1 This is a computer generated document and requires no signature.Powered By

2024-10-20 23:29:35,150 - INV-142_Urmila Jangam - INFO - Extracted basic data from PDF
2024-10-20 23:29:35,150 - INV-142_Urmila Jangam - DEBUG - Invoice Number: INV-142
2024-10-20 23:29:35,150 - INV-142_Urmila Jangam - DEBUG - Invoice Date: 07 Mar 2024
2024-10-20 23:29:35,150 - INV-142_Urmila Jangam - DEBUG - Due Date: 07 Mar 2024
2024-10-20 23:29:35,150 - INV-142_Urmila Jangam - DEBUG - GSTIN: 23AADCU2395N1ZY
2024-10-20 23:29:35,150 - INV-142_Urmila Jangam - DEBUG - Total Amount: ₹1032.0
2024-10-20 23:29:35,150 - INV-142_Urmila Jangam - DEBUG - Place of Supply: 23-MADHYA PRADESH
2024-10-20 23:29:35,150 - INV-142_Urmila Jangam - DEBUG - 1Kera XL New Hair Growth Serum  874.58
1,093.22 (-20%)1 BTL874.58157.42 (18%)1,032.00
2024-10-20 23:29:35,150 - INV-142_Urmila Jangam - INFO - Extracting data from list of items purchased...
2024-10-20 23:29:35,150 - INV-142_Urmila Jangam - DEBUG - Kera XL New Hair Growth Serum  874.58 1,093.22 (-20%)1 BTL874.58157.42 (18%)1,032.00
2024-10-20 23:29:35,151 - INV-142_Urmila Jangam - DEBUG - Amount:1,032.00
2024-10-20 23:29:35,151 - INV-142_Urmila Jangam - DEBUG - Tax Pecentage:18.0
2024-10-20 23:29:35,151 - INV-142_Urmila Jangam - DEBUG - Tax Amount:157.42
2024-10-20 23:29:35,151 - INV-142_Urmila Jangam - DEBUG - Taxable Value:874.58
2024-10-20 23:29:35,151 - INV-142_Urmila Jangam - DEBUG - Quantity:1 BTL
2024-10-20 23:29:35,151 - INV-142_Urmila Jangam - DEBUG - Discount:-20%
2024-10-20 23:29:35,151 - INV-142_Urmila Jangam - DEBUG - Cost Price:1,093.22
2024-10-20 23:29:35,151 - INV-142_Urmila Jangam - DEBUG - Rate:874.58
2024-10-20 23:29:35,151 - INV-142_Urmila Jangam - DEBUG - Item:Kera XL New Hair Growth Serum
2024-10-20 23:29:35,151 - INV-142_Urmila Jangam - DEBUG - SGST Amount:78.71
2024-10-20 23:29:35,151 - INV-142_Urmila Jangam - DEBUG - CGST Amount:78.71
2024-10-20 23:29:35,151 - INV-142_Urmila Jangam - DEBUG - IGST Amount:None
2024-10-20 23:29:35,151 - INV-142_Urmila Jangam - DEBUG - SGST Rate:18.0
2024-10-20 23:29:35,151 - INV-142_Urmila Jangam - DEBUG - CGST Rate:18.0
2024-10-20 23:29:35,151 - INV-142_Urmila Jangam - DEBUG - IGST Rate:None
2024-10-20 23:29:35,151 - INV-142_Urmila Jangam - DEBUG - --------------------------
2024-10-20 23:29:35,151 - INV-142_Urmila Jangam - INFO - Extracted data from list of items purchased.
2024-10-20 23:29:35,151 - INV-142_Urmila Jangam.log - DEBUG - Checking invoice number: INV-142
2024-10-20 23:29:35,151 - INV-142_Urmila Jangam.log - DEBUG - Invoice number passed pattern check
2024-10-20 23:29:35,151 - INV-142_Urmila Jangam.log - DEBUG - Parsed invoice date: 2024-03-07 00:00:00
2024-10-20 23:29:35,151 - INV-142_Urmila Jangam.log - DEBUG - Parsed due date: 2024-03-07 00:00:00
2024-10-20 23:29:35,151 - INV-142_Urmila Jangam.log - DEBUG - Invoice date check passed
2024-10-20 23:29:35,151 - INV-142_Urmila Jangam.log - DEBUG - Due date check passed
2024-10-20 23:29:35,151 - INV-142_Urmila Jangam.log - DEBUG - Date logic check passed
2024-10-20 23:29:35,151 - INV-142_Urmila Jangam.log - DEBUG - Calculated total amount: 1032.0, expected: 1032.0
2024-10-20 23:29:35,151 - INV-142_Urmila Jangam.log - DEBUG - Total amount consistency check passed
2024-10-20 23:29:35,151 - INV-142_Urmila Jangam.log - DEBUG - Valid tax percentage count: 1
2024-10-20 23:29:35,151 - INV-142_Urmila Jangam.log - DEBUG - Valid quantity count: 1
2024-10-20 23:29:35,151 - INV-142_Urmila Jangam.log - INFO - Final confidence score: 1.0
