2024-10-20 23:29:35,262 - INV-107_Prashant - DEBUG - Logger initialized and logging to file.
2024-10-20 23:29:35,262 - INV-107_Prashant - INFO - Initializing PDF reader for file: Jan to Mar/INV-107_Prashant.pdf
2024-10-20 23:29:35,262 - INV-107_Prashant - INFO - PDF reader initialized successfully.
2024-10-20 23:29:35,262 - INV-107_Prashant - INFO - PDF contains only 1 page, Extracting data from PDF...
2024-10-20 23:29:35,278 - INV-107_Prashant - DEBUG - TA X  I N V O I C E O R I G I N A L  F O R  R E C I P I E N T 
UNCUE DERMACARE PRIVATE LIMITED
GSTIN 23AADCU2395N1ZY     
C/o KARUNA GUPTA KURELE, 1st Floor
S.P Bungalow Ke Pichhe, Shoagpur Shahdol, Shahdol
Shahdol, MADHYA PRADESH, 484001
Mobile +91 8585960963   Email ruhi@dermaq.in
Invoice #: INV-107 Invoice Date: 29 Jan 2024 Due Date: 29 Jan 2024
Customer Details:
Prashant
Place of Supply: 
23-MADHYA PRADESH
#Item Rate / Item QtyTaxable ValueTax AmountAmount
1Bioderma Pigmentbio C-concentrate  2,232.33
2,626.27 (-15%)1 PCS2,232.33401.82 (18%)2,634.15
Taxable Amount ₹2,232.33
CGST 9.0% ₹200.91
SGST 9.0% ₹200.91
Round Off -0.15
Total₹2,634.00
Total Discount ₹464.85
Total Items / Qty : 1 / 1.000 Total amount (in words):  INR Two Thousand, Six Hundred And Thirty-Four Rupees Only .
Amount Paid
Pay using UPI: 
Bank Details:
Bank:Kotak Mahindra Bank
Account #: 1146860541
IFSC Code: kkbk0000725
Branch: PUNE - CHINCHWAD
UnCue Dermacare Pvt LtdFor UNCUE DERMACARE PRIVATE LIMITED  
Authorized Signatory 
Swipe | Simple Invoicing, Billing and Payments | Visit getswipe.in
Page 1 / 1 This is a computer generated document and requires no signature.Powered By

2024-10-20 23:29:35,278 - INV-107_Prashant - INFO - Extracted basic data from PDF
2024-10-20 23:29:35,278 - INV-107_Prashant - DEBUG - Invoice Number: INV-107
2024-10-20 23:29:35,278 - INV-107_Prashant - DEBUG - Invoice Date: 29 Jan 2024
2024-10-20 23:29:35,278 - INV-107_Prashant - DEBUG - Due Date: 29 Jan 2024
2024-10-20 23:29:35,278 - INV-107_Prashant - DEBUG - GSTIN: 23AADCU2395N1ZY
2024-10-20 23:29:35,278 - INV-107_Prashant - DEBUG - Total Amount: ₹2634.0
2024-10-20 23:29:35,278 - INV-107_Prashant - DEBUG - Place of Supply: 23-MADHYA PRADESH
2024-10-20 23:29:35,278 - INV-107_Prashant - DEBUG - 1Bioderma Pigmentbio C-concentrate  2,232.33
2,626.27 (-15%)1 PCS2,232.33401.82 (18%)2,634.15
2024-10-20 23:29:35,278 - INV-107_Prashant - INFO - Extracting data from list of items purchased...
2024-10-20 23:29:35,278 - INV-107_Prashant - DEBUG - Bioderma Pigmentbio C-concentrate  2,232.33 2,626.27 (-15%)1 PCS2,232.33401.82 (18%)2,634.15
2024-10-20 23:29:35,278 - INV-107_Prashant - DEBUG - Amount:2,634.15
2024-10-20 23:29:35,278 - INV-107_Prashant - DEBUG - Tax Pecentage:18.0
2024-10-20 23:29:35,278 - INV-107_Prashant - DEBUG - Tax Amount:401.82
2024-10-20 23:29:35,278 - INV-107_Prashant - DEBUG - Taxable Value:2,232.33
2024-10-20 23:29:35,278 - INV-107_Prashant - DEBUG - Quantity:1 PCS
2024-10-20 23:29:35,278 - INV-107_Prashant - DEBUG - Discount:-15%
2024-10-20 23:29:35,278 - INV-107_Prashant - DEBUG - Cost Price:2,626.27
2024-10-20 23:29:35,278 - INV-107_Prashant - DEBUG - Rate:2,232.33
2024-10-20 23:29:35,278 - INV-107_Prashant - DEBUG - Item:Bioderma Pigmentbio C-concentrate
2024-10-20 23:29:35,278 - INV-107_Prashant - DEBUG - SGST Amount:200.91
2024-10-20 23:29:35,278 - INV-107_Prashant - DEBUG - CGST Amount:200.91
2024-10-20 23:29:35,278 - INV-107_Prashant - DEBUG - IGST Amount:None
2024-10-20 23:29:35,278 - INV-107_Prashant - DEBUG - SGST Rate:18.0
2024-10-20 23:29:35,278 - INV-107_Prashant - DEBUG - CGST Rate:18.0
2024-10-20 23:29:35,278 - INV-107_Prashant - DEBUG - IGST Rate:None
2024-10-20 23:29:35,278 - INV-107_Prashant - DEBUG - --------------------------
2024-10-20 23:29:35,278 - INV-107_Prashant - INFO - Extracted data from list of items purchased.
2024-10-20 23:29:35,278 - INV-107_Prashant.log - DEBUG - Checking invoice number: INV-107
2024-10-20 23:29:35,278 - INV-107_Prashant.log - DEBUG - Invoice number passed pattern check
2024-10-20 23:29:35,278 - INV-107_Prashant.log - DEBUG - Parsed invoice date: 2024-01-29 00:00:00
2024-10-20 23:29:35,278 - INV-107_Prashant.log - DEBUG - Parsed due date: 2024-01-29 00:00:00
2024-10-20 23:29:35,278 - INV-107_Prashant.log - DEBUG - Invoice date check passed
2024-10-20 23:29:35,278 - INV-107_Prashant.log - DEBUG - Due date check passed
2024-10-20 23:29:35,278 - INV-107_Prashant.log - DEBUG - Date logic check passed
2024-10-20 23:29:35,278 - INV-107_Prashant.log - DEBUG - Calculated total amount: 2634.15, expected: 2634.0
2024-10-20 23:29:35,278 - INV-107_Prashant.log - DEBUG - Total amount consistency check passed
2024-10-20 23:29:35,278 - INV-107_Prashant.log - DEBUG - Valid tax percentage count: 1
2024-10-20 23:29:35,278 - INV-107_Prashant.log - DEBUG - Valid quantity count: 1
2024-10-20 23:29:35,278 - INV-107_Prashant.log - INFO - Final confidence score: 1.0
